#
# There is insufficient memory for the Java Runtime Environment to continue.
# Native memory allocation (malloc) failed to allocate 976096 bytes for Chunk::new
# Possible reasons:
#   The system is out of physical RAM or swap space
#   The process is running with CompressedOops enabled, and the Java Heap may be blocking the growth of the native heap
# Possible solutions:
#   Reduce memory load on the system
#   Increase physical memory or swap space
#   Check if swap backing store is full
#   Decrease Java heap size (-Xmx/-Xms)
#   Decrease number of Java threads
#   Decrease Java thread stack sizes (-Xss)
#   Set larger code cache with -XX:ReservedCodeCacheSize=
#   JVM is running with Unscaled Compressed Oops mode in which the Java heap is
#     placed in the first 4GB address space. The Java Heap base address is the
#     maximum limit for the native heap growth. Please use -XX:HeapBaseMinAddress
#     to set the Java Heap base and to place the Java Heap above 4GB virtual address.
# This output file may be truncated or incomplete.
#
#  Out of Memory Error (src/hotspot/share/memory/arena.cpp:197), pid=928, tid=10500
#
# JRE version: OpenJDK Runtime Environment (11.0.15) (build 11.0.15+0-b2043.56-9505619)
# Java VM: OpenJDK 64-Bit Server VM (11.0.15+0-b2043.56-9505619, mixed mode, tiered, compressed oops, g1 gc, windows-amd64)
# No core dump will be written. Minidumps are not enabled by default on client versions of Windows
#

---------------  S U M M A R Y ------------

Command Line: --add-opens=java.base/java.util=ALL-UNNAMED --add-opens=java.base/java.lang=ALL-UNNAMED --add-opens=java.base/java.lang.invoke=ALL-UNNAMED --add-opens=java.base/java.util=ALL-UNNAMED --add-opens=java.prefs/java.util.prefs=ALL-UNNAMED --add-opens=java.prefs/java.util.prefs=ALL-UNNAMED --add-opens=java.base/java.nio.charset=ALL-UNNAMED --add-opens=java.base/java.net=ALL-UNNAMED --add-opens=java.base/java.util.concurrent.atomic=ALL-UNNAMED -Xmx2048m -Dfile.encoding=UTF-8 -Duser.country=US -Duser.language=en -Duser.variant org.gradle.launcher.daemon.bootstrap.GradleDaemon 7.5

Host: Intel(R) Core(TM) i7-8750H CPU @ 2.20GHz, 12 cores, 7G,  Windows 11 , 64 bit Build 22000 (10.0.22000.1516)
Time: Sun Mar 19 14:34:53 2023 SE Asia Standard Time elapsed time: 6.054956 seconds (0d 0h 0m 6s)

---------------  T H R E A D  ---------------

Current thread (0x000001acaff6d000):  JavaThread "C2 CompilerThread1" daemon [_thread_in_native, id=10500, stack(0x00000024bd700000,0x00000024bd800000)]


Current CompileTask:
C2:   6054 5644   !   4       com.google.common.reflect.TypeVisitor::visit (244 bytes)

Stack: [0x00000024bd700000,0x00000024bd800000]
Native frames: (J=compiled Java code, j=interpreted, Vv=VM code, C=native code)
V  [jvm.dll+0x64135a]
V  [jvm.dll+0x7d39f9]
V  [jvm.dll+0x7d51b9]
V  [jvm.dll+0x7d58a3]
V  [jvm.dll+0x2691c5]
V  [jvm.dll+0xc1a5c]
V  [jvm.dll+0xc200c]
V  [jvm.dll+0x2da2c2]
V  [jvm.dll+0x54cad9]
V  [jvm.dll+0x220c9d]
V  [jvm.dll+0x223152]
V  [jvm.dll+0x220384]
V  [jvm.dll+0x19e851]
V  [jvm.dll+0x230479]
V  [jvm.dll+0x22e5ef]
V  [jvm.dll+0x794de1]
V  [jvm.dll+0x78dc24]
V  [jvm.dll+0x6400f6]
C  [ucrtbase.dll+0x26c0c]
C  [KERNEL32.DLL+0x155a0]
C  [ntdll.dll+0x485b]


---------------  P R O C E S S  ---------------

Threads class SMR info:
_java_thread_list=0x000001acb0d04950, length=167, elements={
0x000001ac92397000, 0x000001acacc86000, 0x000001acacc87000, 0x000001acacca0000,
0x000001acacca1800, 0x000001acacca2800, 0x000001acad5f4800, 0x000001acad5f8800,
0x000001acad5fd000, 0x000001acad75a000, 0x000001acaef87000, 0x000001acad976800,
0x000001acafbd0800, 0x000001acaf513800, 0x000001acae44f000, 0x000001acaef3d800,
0x000001acadebc000, 0x000001acaffca800, 0x000001acaf07d800, 0x000001acafff1000,
0x000001acafff2000, 0x000001acafff0000, 0x000001acafff2800, 0x000001acaff6d000,
0x000001acaffef800, 0x000001acafff3800, 0x000001acafff4800, 0x000001acafff5000,
0x000001acafff6000, 0x000001acb05c4800, 0x000001acb05c5800, 0x000001acb05c0000,
0x000001acb05c2800, 0x000001acb05c4000, 0x000001acb05c0800, 0x000001acb05c1800,
0x000001acb05c6800, 0x000001acb09bb800, 0x000001acb09ba000, 0x000001acb09bc000,
0x000001acb09b7800, 0x000001acb09be000, 0x000001acb09b9000, 0x000001acb09ba800,
0x000001acb09b8000, 0x000001acb09c2000, 0x000001acb09be800, 0x000001acb09c4800,
0x000001acb09c0800, 0x000001acb09c1000, 0x000001acb09bf800, 0x000001acb09c6000,
0x000001acb09c2800, 0x000001acb09c3800, 0x000001acb09c5000, 0x000001acb12cc800,
0x000001acb12cb800, 0x000001acb12cb000, 0x000001acb12cd800, 0x000001acb12c7800,
0x000001acb12ce000, 0x000001acb12c8800, 0x000001acb12c9800, 0x000001acb12ca000,
0x000001acb10a3800, 0x000001acb10a5800, 0x000001acb10a4800, 0x000001acb10a6000,
0x000001acb10a0800, 0x000001acb10a7000, 0x000001acb10a2000, 0x000001acb10a1800,
0x000001acb10a3000, 0x000001acb0e82000, 0x000001acb0e7d000, 0x000001acb0e7f800,
0x000001acb0e7e000, 0x000001acb0e82800, 0x000001acb0e80000, 0x000001acb0e81000,
0x000001acb0e83800, 0x000001acb0e84800, 0x000001acb0e7e800, 0x000001acb0e87800,
0x000001acb0e86000, 0x000001acb0e88800, 0x000001acb0e89000, 0x000001acb0e8b000,
0x000001acb0e86800, 0x000001acb0e8a000, 0x000001acb0e85000, 0x000001acb0e8b800,
0x000001acb0f3d000, 0x000001acb0f42000, 0x000001acb0f43000, 0x000001acb0f40800,
0x000001acb0f43800, 0x000001acb0f3e000, 0x000001acb0f3f800, 0x000001acb0f44800,
0x000001acb0f3f000, 0x000001acb0f45800, 0x000001acb0f47000, 0x000001acb0f46000,
0x000001acb0f41800, 0x000001acb0f48000, 0x000001acb0f48800, 0x000001acb0f49800,
0x000001acb0f4a800, 0x000001acb0f4b000, 0x000001acb0f4c000, 0x000001acb2fc0800,
0x000001acb2fc4000, 0x000001acb2fc1800, 0x000001acb2fbf800, 0x000001acb2fc2000,
0x000001acb2fc3000, 0x000001acb2fbf000, 0x000001acb2fc8000, 0x000001acb2fc9800,
0x000001acb2fc8800, 0x000001acb2fc5800, 0x000001acb2fc6800, 0x000001acb2fc7000,
0x000001acb2fca800, 0x000001acb2fc4800, 0x000001acb2fcc000, 0x000001acb2fcb000,
0x000001acb2fcd000, 0x000001acb2fcd800, 0x000001acb31b1800, 0x000001acb31b0800,
0x000001acb31b2000, 0x000001acb31b3000, 0x000001acb31b8000, 0x000001acb31b4000,
0x000001acb31b9800, 0x000001acb31ba800, 0x000001acb31b4800, 0x000001acb31bb000,
0x000001acb31b7000, 0x000001acb31b6000, 0x000001acb31b8800, 0x000001acb31b5800,
0x000001acb31bc000, 0x000001acb31bc800, 0x000001acb31bd800, 0x000001acb31be800,
0x000001acb31bf000, 0x000001acb30fa000, 0x000001acb30f6000, 0x000001acb30f4800,
0x000001acb30f6800, 0x000001acb30f7800, 0x000001acb30f9000, 0x000001acb30f8800,
0x000001acb30fb000, 0x000001acb30f5000, 0x000001acb30fe000, 0x000001acb30fb800,
0x000001acb3102000, 0x000001acb3100800, 0x000001acb30ff800, 0x000001acb3101800,
0x000001acb30fc800, 0x000001acb30fd000, 0x000001acb30ff000
}

Java Threads: ( => current thread )
  0x000001ac92397000 JavaThread "main" [_thread_blocked, id=12332, stack(0x00000024bae00000,0x00000024baf00000)]
  0x000001acacc86000 JavaThread "Reference Handler" daemon [_thread_blocked, id=18416, stack(0x00000024bb500000,0x00000024bb600000)]
  0x000001acacc87000 JavaThread "Finalizer" daemon [_thread_blocked, id=10756, stack(0x00000024bb600000,0x00000024bb700000)]
  0x000001acacca0000 JavaThread "Signal Dispatcher" daemon [_thread_blocked, id=4944, stack(0x00000024bb700000,0x00000024bb800000)]
  0x000001acacca1800 JavaThread "Attach Listener" daemon [_thread_blocked, id=16320, stack(0x00000024bb800000,0x00000024bb900000)]
  0x000001acacca2800 JavaThread "Service Thread" daemon [_thread_blocked, id=7104, stack(0x00000024bb900000,0x00000024bba00000)]
  0x000001acad5f4800 JavaThread "C2 CompilerThread0" daemon [_thread_in_native, id=8520, stack(0x00000024bba00000,0x00000024bbb00000)]
  0x000001acad5f8800 JavaThread "C1 CompilerThread0" daemon [_thread_blocked, id=15832, stack(0x00000024bbb00000,0x00000024bbc00000)]
  0x000001acad5fd000 JavaThread "Sweeper thread" daemon [_thread_blocked, id=14912, stack(0x00000024bbc00000,0x00000024bbd00000)]
  0x000001acad75a000 JavaThread "Common-Cleaner" daemon [_thread_blocked, id=17640, stack(0x00000024bbd00000,0x00000024bbe00000)]
  0x000001acaef87000 JavaThread "Daemon health stats" [_thread_blocked, id=13244, stack(0x00000024bc200000,0x00000024bc300000)]
  0x000001acad976800 JavaThread "Incoming local TCP Connector on port 9420" [_thread_in_native, id=4964, stack(0x00000024bbf00000,0x00000024bc000000)]
  0x000001acafbd0800 JavaThread "Daemon periodic checks" [_thread_blocked, id=1272, stack(0x00000024bc300000,0x00000024bc400000)]
  0x000001acaf513800 JavaThread "Daemon" [_thread_blocked, id=9164, stack(0x00000024bc400000,0x00000024bc500000)]
  0x000001acae44f000 JavaThread "Handler for socket connection from /127.0.0.1:9420 to /127.0.0.1:9421" [_thread_in_native, id=4048, stack(0x00000024bc500000,0x00000024bc600000)]
  0x000001acaef3d800 JavaThread "Cancel handler" [_thread_blocked, id=6872, stack(0x00000024bc600000,0x00000024bc700000)]
  0x000001acadebc000 JavaThread "Daemon worker" [_thread_in_vm, id=3276, stack(0x00000024bc700000,0x00000024bc800000)]
  0x000001acaffca800 JavaThread "Asynchronous log dispatcher for DefaultDaemonConnection: socket connection from /127.0.0.1:9420 to /127.0.0.1:9421" [_thread_blocked, id=8516, stack(0x00000024bc800000,0x00000024bc900000)]
  0x000001acaf07d800 JavaThread "Stdin handler" [_thread_blocked, id=3904, stack(0x00000024bc900000,0x00000024bca00000)]
  0x000001acafff1000 JavaThread "Daemon client event forwarder" [_thread_blocked, id=11552, stack(0x00000024bca00000,0x00000024bcb00000)]
  0x000001acafff2000 JavaThread "Cache worker for journal cache (C:\Users\PC\.gradle\caches\journal-1)" [_thread_blocked, id=8492, stack(0x00000024bcb00000,0x00000024bcc00000)]
  0x000001acafff0000 JavaThread "File lock request listener" [_thread_in_native, id=11468, stack(0x00000024bd300000,0x00000024bd400000)]
  0x000001acafff2800 JavaThread "Cache worker for file hash cache (C:\Users\PC\.gradle\caches\7.5\fileHashes)" [_thread_blocked, id=3608, stack(0x00000024bd400000,0x00000024bd500000)]
=>0x000001acaff6d000 JavaThread "C2 CompilerThread1" daemon [_thread_in_native, id=10500, stack(0x00000024bd700000,0x00000024bd800000)]
  0x000001acaffef800 JavaThread "File watcher server" daemon [_thread_in_native, id=19432, stack(0x00000024bd800000,0x00000024bd900000)]
  0x000001acafff3800 JavaThread "File watcher consumer" daemon [_thread_blocked, id=17400, stack(0x00000024bd900000,0x00000024bda00000)]
  0x000001acafff4800 JavaThread "Cache worker for checksums cache (D:\FPTPolytechnic\PRO1121_DuAn1\DemoDbImage\.gradle\7.5\checksums)" [_thread_blocked, id=3968, stack(0x00000024bda00000,0x00000024bdb00000)]
  0x000001acafff5000 JavaThread "Cache worker for cache directory md-rule (C:\Users\PC\.gradle\caches\7.5\md-rule)" [_thread_blocked, id=6992, stack(0x00000024bdb00000,0x00000024bdc00000)]
  0x000001acafff6000 JavaThread "Cache worker for file content cache (C:\Users\PC\.gradle\caches\7.5\fileContent)" [_thread_blocked, id=19172, stack(0x00000024bdc00000,0x00000024bdd00000)]
  0x000001acb05c4800 JavaThread "Cache worker for file hash cache (D:\FPTPolytechnic\PRO1121_DuAn1\DemoDbImage\.gradle\7.5\fileHashes)" [_thread_blocked, id=4032, stack(0x00000024bdd00000,0x00000024bde00000)]
  0x000001acb05c5800 JavaThread "Cache worker for cache directory md-supplier (C:\Users\PC\.gradle\caches\7.5\md-supplier)" [_thread_blocked, id=7872, stack(0x00000024bde00000,0x00000024bdf00000)]
  0x000001acb05c0000 JavaThread "Cache worker for execution history cache (C:\Users\PC\.gradle\caches\7.5\executionHistory)" [_thread_blocked, id=17292, stack(0x00000024bdf00000,0x00000024be000000)]
  0x000001acb05c2800 JavaThread "jar transforms" [_thread_blocked, id=14024, stack(0x00000024be000000,0x00000024be100000)]
  0x000001acb05c4000 JavaThread "jar transforms Thread 2" [_thread_blocked, id=10580, stack(0x00000024be100000,0x00000024be200000)]
  0x000001acb05c0800 JavaThread "jar transforms Thread 3" [_thread_blocked, id=18052, stack(0x00000024be200000,0x00000024be300000)]
  0x000001acb05c1800 JavaThread "jar transforms Thread 4" [_thread_blocked, id=10464, stack(0x00000024be300000,0x00000024be400000)]
  0x000001acb05c6800 JavaThread "Cache worker for dependencies-accessors (D:\FPTPolytechnic\PRO1121_DuAn1\DemoDbImage\.gradle\7.5\dependencies-accessors)" [_thread_blocked, id=16104, stack(0x00000024be400000,0x00000024be500000)]
  0x000001acb09bb800 JavaThread "jar transforms Thread 5" [_thread_blocked, id=16036, stack(0x00000024be500000,0x00000024be600000)]
  0x000001acb09ba000 JavaThread "Cache worker for Build Output Cleanup Cache (D:\FPTPolytechnic\PRO1121_DuAn1\DemoDbImage\.gradle\buildOutputCleanup)" [_thread_blocked, id=11396, stack(0x00000024be600000,0x00000024be700000)]
  0x000001acb09bc000 JavaThread "Unconstrained build operations" [_thread_blocked, id=3532, stack(0x00000024be700000,0x00000024be800000)]
  0x000001acb09b7800 JavaThread "Unconstrained build operations Thread 2" [_thread_blocked, id=12780, stack(0x00000024be800000,0x00000024be900000)]
  0x000001acb09be000 JavaThread "Unconstrained build operations Thread 3" [_thread_blocked, id=14448, stack(0x00000024be900000,0x00000024bea00000)]
  0x000001acb09b9000 JavaThread "Unconstrained build operations Thread 4" [_thread_blocked, id=7864, stack(0x00000024bea00000,0x00000024beb00000)]
  0x000001acb09ba800 JavaThread "Unconstrained build operations Thread 5" [_thread_blocked, id=8656, stack(0x00000024beb00000,0x00000024bec00000)]
  0x000001acb09b8000 JavaThread "Unconstrained build operations Thread 6" [_thread_blocked, id=7736, stack(0x00000024bec00000,0x00000024bed00000)]
  0x000001acb09c2000 JavaThread "Unconstrained build operations Thread 7" [_thread_blocked, id=13708, stack(0x00000024bed00000,0x00000024bee00000)]
  0x000001acb09be800 JavaThread "Unconstrained build operations Thread 8" [_thread_blocked, id=14284, stack(0x00000024bee00000,0x00000024bef00000)]
  0x000001acb09c4800 JavaThread "Unconstrained build operations Thread 9" [_thread_blocked, id=7480, stack(0x00000024bef00000,0x00000024bf000000)]
  0x000001acb09c0800 JavaThread "Unconstrained build operations Thread 10" [_thread_blocked, id=2188, stack(0x00000024bf000000,0x00000024bf100000)]
  0x000001acb09c1000 JavaThread "Unconstrained build operations Thread 11" [_thread_blocked, id=17008, stack(0x00000024bf100000,0x00000024bf200000)]
  0x000001acb09bf800 JavaThread "Unconstrained build operations Thread 12" [_thread_blocked, id=9740, stack(0x00000024bf200000,0x00000024bf300000)]
  0x000001acb09c6000 JavaThread "Unconstrained build operations Thread 13" [_thread_blocked, id=5000, stack(0x00000024bf300000,0x00000024bf400000)]
  0x000001acb09c2800 JavaThread "Unconstrained build operations Thread 14" [_thread_blocked, id=8900, stack(0x00000024bf400000,0x00000024bf500000)]
  0x000001acb09c3800 JavaThread "Unconstrained build operations Thread 15" [_thread_blocked, id=15100, stack(0x00000024bf500000,0x00000024bf600000)]
  0x000001acb09c5000 JavaThread "Unconstrained build operations Thread 16" [_thread_blocked, id=12148, stack(0x00000024bf600000,0x00000024bf700000)]
  0x000001acb12cc800 JavaThread "Unconstrained build operations Thread 17" [_thread_blocked, id=18656, stack(0x00000024bf700000,0x00000024bf800000)]
  0x000001acb12cb800 JavaThread "Unconstrained build operations Thread 18" [_thread_blocked, id=16988, stack(0x00000024bf800000,0x00000024bf900000)]
  0x000001acb12cb000 JavaThread "Unconstrained build operations Thread 19" [_thread_blocked, id=12352, stack(0x00000024bf900000,0x00000024bfa00000)]
  0x000001acb12cd800 JavaThread "Unconstrained build operations Thread 20" [_thread_blocked, id=19264, stack(0x00000024bfa00000,0x00000024bfb00000)]
  0x000001acb12c7800 JavaThread "Unconstrained build operations Thread 21" [_thread_blocked, id=1580, stack(0x00000024bfb00000,0x00000024bfc00000)]
  0x000001acb12ce000 JavaThread "Unconstrained build operations Thread 22" [_thread_blocked, id=11612, stack(0x00000024bfc00000,0x00000024bfd00000)]
  0x000001acb12c8800 JavaThread "Unconstrained build operations Thread 23" [_thread_blocked, id=17712, stack(0x00000024bfd00000,0x00000024bfe00000)]
  0x000001acb12c9800 JavaThread "Unconstrained build operations Thread 24" [_thread_blocked, id=15304, stack(0x00000024bfe00000,0x00000024bff00000)]
  0x000001acb12ca000 JavaThread "Unconstrained build operations Thread 25" [_thread_blocked, id=7888, stack(0x00000024bff00000,0x00000024c0000000)]
  0x000001acb10a3800 JavaThread "Unconstrained build operations Thread 26" [_thread_blocked, id=13304, stack(0x00000024c0000000,0x00000024c0100000)]
  0x000001acb10a5800 JavaThread "Unconstrained build operations Thread 27" [_thread_blocked, id=18948, stack(0x00000024c0100000,0x00000024c0200000)]
  0x000001acb10a4800 JavaThread "Unconstrained build operations Thread 28" [_thread_blocked, id=9728, stack(0x00000024c0200000,0x00000024c0300000)]
  0x000001acb10a6000 JavaThread "Unconstrained build operations Thread 29" [_thread_blocked, id=17648, stack(0x00000024c0300000,0x00000024c0400000)]
  0x000001acb10a0800 JavaThread "Unconstrained build operations Thread 30" [_thread_blocked, id=1748, stack(0x00000024c0400000,0x00000024c0500000)]
  0x000001acb10a7000 JavaThread "Unconstrained build operations Thread 31" [_thread_blocked, id=7852, stack(0x00000024c0500000,0x00000024c0600000)]
  0x000001acb10a2000 JavaThread "Unconstrained build operations Thread 32" [_thread_blocked, id=15320, stack(0x00000024c0600000,0x00000024c0700000)]
  0x000001acb10a1800 JavaThread "Unconstrained build operations Thread 33" [_thread_blocked, id=1524, stack(0x00000024c0700000,0x00000024c0800000)]
  0x000001acb10a3000 JavaThread "Unconstrained build operations Thread 34" [_thread_blocked, id=6172, stack(0x00000024c0800000,0x00000024c0900000)]
  0x000001acb0e82000 JavaThread "Unconstrained build operations Thread 35" [_thread_blocked, id=9940, stack(0x00000024c0900000,0x00000024c0a00000)]
  0x000001acb0e7d000 JavaThread "Unconstrained build operations Thread 36" [_thread_blocked, id=5920, stack(0x00000024c0a00000,0x00000024c0b00000)]
  0x000001acb0e7f800 JavaThread "Unconstrained build operations Thread 37" [_thread_blocked, id=9080, stack(0x00000024c0b00000,0x00000024c0c00000)]
  0x000001acb0e7e000 JavaThread "Unconstrained build operations Thread 38" [_thread_blocked, id=5016, stack(0x00000024c0c00000,0x00000024c0d00000)]
  0x000001acb0e82800 JavaThread "Unconstrained build operations Thread 39" [_thread_blocked, id=9508, stack(0x00000024c0d00000,0x00000024c0e00000)]
  0x000001acb0e80000 JavaThread "Unconstrained build operations Thread 40" [_thread_blocked, id=18000, stack(0x00000024c0e00000,0x00000024c0f00000)]
  0x000001acb0e81000 JavaThread "Unconstrained build operations Thread 41" [_thread_blocked, id=600, stack(0x00000024c0f00000,0x00000024c1000000)]
  0x000001acb0e83800 JavaThread "Unconstrained build operations Thread 42" [_thread_blocked, id=7728, stack(0x00000024c1000000,0x00000024c1100000)]
  0x000001acb0e84800 JavaThread "Unconstrained build operations Thread 43" [_thread_blocked, id=10200, stack(0x00000024c1100000,0x00000024c1200000)]
  0x000001acb0e7e800 JavaThread "Unconstrained build operations Thread 44" [_thread_blocked, id=13380, stack(0x00000024c1200000,0x00000024c1300000)]
  0x000001acb0e87800 JavaThread "Unconstrained build operations Thread 45" [_thread_blocked, id=4904, stack(0x00000024c1300000,0x00000024c1400000)]
  0x000001acb0e86000 JavaThread "Unconstrained build operations Thread 46" [_thread_blocked, id=536, stack(0x00000024c1400000,0x00000024c1500000)]
  0x000001acb0e88800 JavaThread "Unconstrained build operations Thread 47" [_thread_blocked, id=18032, stack(0x00000024c1500000,0x00000024c1600000)]
  0x000001acb0e89000 JavaThread "Unconstrained build operations Thread 48" [_thread_blocked, id=6688, stack(0x00000024c1600000,0x00000024c1700000)]
  0x000001acb0e8b000 JavaThread "Unconstrained build operations Thread 49" [_thread_blocked, id=11888, stack(0x00000024c1700000,0x00000024c1800000)]
  0x000001acb0e86800 JavaThread "Unconstrained build operations Thread 50" [_thread_blocked, id=10880, stack(0x00000024c1800000,0x00000024c1900000)]
  0x000001acb0e8a000 JavaThread "Unconstrained build operations Thread 51" [_thread_blocked, id=14772, stack(0x00000024c1900000,0x00000024c1a00000)]
  0x000001acb0e85000 JavaThread "Unconstrained build operations Thread 52" [_thread_blocked, id=6224, stack(0x00000024c1a00000,0x00000024c1b00000)]
  0x000001acb0e8b800 JavaThread "Unconstrained build operations Thread 53" [_thread_blocked, id=13636, stack(0x00000024c1b00000,0x00000024c1c00000)]
  0x000001acb0f3d000 JavaThread "Unconstrained build operations Thread 54" [_thread_blocked, id=14956, stack(0x00000024c1c00000,0x00000024c1d00000)]
  0x000001acb0f42000 JavaThread "Unconstrained build operations Thread 55" [_thread_blocked, id=12040, stack(0x00000024c1d00000,0x00000024c1e00000)]
  0x000001acb0f43000 JavaThread "Unconstrained build operations Thread 56" [_thread_blocked, id=9980, stack(0x00000024c1e00000,0x00000024c1f00000)]
  0x000001acb0f40800 JavaThread "Unconstrained build operations Thread 57" [_thread_blocked, id=14680, stack(0x00000024c1f00000,0x00000024c2000000)]
  0x000001acb0f43800 JavaThread "Unconstrained build operations Thread 58" [_thread_blocked, id=15720, stack(0x00000024c2000000,0x00000024c2100000)]
  0x000001acb0f3e000 JavaThread "Unconstrained build operations Thread 59" [_thread_blocked, id=12584, stack(0x00000024c2100000,0x00000024c2200000)]
  0x000001acb0f3f800 JavaThread "Unconstrained build operations Thread 60" [_thread_blocked, id=10372, stack(0x00000024c2200000,0x00000024c2300000)]
  0x000001acb0f44800 JavaThread "Unconstrained build operations Thread 61" [_thread_blocked, id=6376, stack(0x00000024c2300000,0x00000024c2400000)]
  0x000001acb0f3f000 JavaThread "Unconstrained build operations Thread 62" [_thread_blocked, id=17320, stack(0x00000024c2400000,0x00000024c2500000)]
  0x000001acb0f45800 JavaThread "Unconstrained build operations Thread 63" [_thread_blocked, id=724, stack(0x00000024c2500000,0x00000024c2600000)]
  0x000001acb0f47000 JavaThread "Unconstrained build operations Thread 64" [_thread_blocked, id=18772, stack(0x00000024c2600000,0x00000024c2700000)]
  0x000001acb0f46000 JavaThread "Unconstrained build operations Thread 65" [_thread_blocked, id=4896, stack(0x00000024c2700000,0x00000024c2800000)]
  0x000001acb0f41800 JavaThread "Unconstrained build operations Thread 66" [_thread_blocked, id=6236, stack(0x00000024c2800000,0x00000024c2900000)]
  0x000001acb0f48000 JavaThread "Unconstrained build operations Thread 67" [_thread_blocked, id=3084, stack(0x00000024c2900000,0x00000024c2a00000)]
  0x000001acb0f48800 JavaThread "Unconstrained build operations Thread 68" [_thread_blocked, id=10916, stack(0x00000024c2a00000,0x00000024c2b00000)]
  0x000001acb0f49800 JavaThread "Unconstrained build operations Thread 69" [_thread_blocked, id=15012, stack(0x00000024c2b00000,0x00000024c2c00000)]
  0x000001acb0f4a800 JavaThread "Unconstrained build operations Thread 70" [_thread_blocked, id=8228, stack(0x00000024c2c00000,0x00000024c2d00000)]
  0x000001acb0f4b000 JavaThread "Unconstrained build operations Thread 71" [_thread_blocked, id=12384, stack(0x00000024c2d00000,0x00000024c2e00000)]
  0x000001acb0f4c000 JavaThread "Unconstrained build operations Thread 72" [_thread_blocked, id=19384, stack(0x00000024c2e00000,0x00000024c2f00000)]
  0x000001acb2fc0800 JavaThread "Unconstrained build operations Thread 73" [_thread_blocked, id=8824, stack(0x00000024c2f00000,0x00000024c3000000)]
  0x000001acb2fc4000 JavaThread "Unconstrained build operations Thread 74" [_thread_blocked, id=14168, stack(0x00000024c3000000,0x00000024c3100000)]
  0x000001acb2fc1800 JavaThread "Unconstrained build operations Thread 75" [_thread_blocked, id=2292, stack(0x00000024c3100000,0x00000024c3200000)]
  0x000001acb2fbf800 JavaThread "Unconstrained build operations Thread 76" [_thread_blocked, id=11284, stack(0x00000024c3200000,0x00000024c3300000)]
  0x000001acb2fc2000 JavaThread "Unconstrained build operations Thread 77" [_thread_blocked, id=6976, stack(0x00000024c3300000,0x00000024c3400000)]
  0x000001acb2fc3000 JavaThread "Unconstrained build operations Thread 78" [_thread_blocked, id=11968, stack(0x00000024c3400000,0x00000024c3500000)]
  0x000001acb2fbf000 JavaThread "Unconstrained build operations Thread 79" [_thread_blocked, id=15568, stack(0x00000024c3500000,0x00000024c3600000)]
  0x000001acb2fc8000 JavaThread "Unconstrained build operations Thread 80" [_thread_blocked, id=17724, stack(0x00000024c3600000,0x00000024c3700000)]
  0x000001acb2fc9800 JavaThread "Unconstrained build operations Thread 81" [_thread_blocked, id=3468, stack(0x00000024c3700000,0x00000024c3800000)]
  0x000001acb2fc8800 JavaThread "Unconstrained build operations Thread 82" [_thread_blocked, id=10488, stack(0x00000024c3800000,0x00000024c3900000)]
  0x000001acb2fc5800 JavaThread "Unconstrained build operations Thread 83" [_thread_blocked, id=10508, stack(0x00000024c3900000,0x00000024c3a00000)]
  0x000001acb2fc6800 JavaThread "Unconstrained build operations Thread 84" [_thread_blocked, id=15656, stack(0x00000024c3a00000,0x00000024c3b00000)]
  0x000001acb2fc7000 JavaThread "Unconstrained build operations Thread 85" [_thread_blocked, id=2288, stack(0x00000024c3b00000,0x00000024c3c00000)]
  0x000001acb2fca800 JavaThread "Unconstrained build operations Thread 86" [_thread_blocked, id=16460, stack(0x00000024c3c00000,0x00000024c3d00000)]
  0x000001acb2fc4800 JavaThread "Unconstrained build operations Thread 87" [_thread_blocked, id=3484, stack(0x00000024c3d00000,0x00000024c3e00000)]
  0x000001acb2fcc000 JavaThread "Unconstrained build operations Thread 88" [_thread_blocked, id=3572, stack(0x00000024c3e00000,0x00000024c3f00000)]
  0x000001acb2fcb000 JavaThread "Unconstrained build operations Thread 89" [_thread_blocked, id=7972, stack(0x00000024c3f00000,0x00000024c4000000)]
  0x000001acb2fcd000 JavaThread "Unconstrained build operations Thread 90" [_thread_blocked, id=17808, stack(0x00000024c4000000,0x00000024c4100000)]
  0x000001acb2fcd800 JavaThread "Unconstrained build operations Thread 91" [_thread_blocked, id=7532, stack(0x00000024c4100000,0x00000024c4200000)]
  0x000001acb31b1800 JavaThread "Unconstrained build operations Thread 92" [_thread_blocked, id=16304, stack(0x00000024c4200000,0x00000024c4300000)]
  0x000001acb31b0800 JavaThread "Unconstrained build operations Thread 93" [_thread_blocked, id=2728, stack(0x00000024c4300000,0x00000024c4400000)]
  0x000001acb31b2000 JavaThread "Unconstrained build operations Thread 94" [_thread_blocked, id=19136, stack(0x00000024c4400000,0x00000024c4500000)]
  0x000001acb31b3000 JavaThread "Unconstrained build operations Thread 95" [_thread_blocked, id=6820, stack(0x00000024c4500000,0x00000024c4600000)]
  0x000001acb31b8000 JavaThread "Unconstrained build operations Thread 96" [_thread_blocked, id=1456, stack(0x00000024c4600000,0x00000024c4700000)]
  0x000001acb31b4000 JavaThread "Unconstrained build operations Thread 97" [_thread_blocked, id=8708, stack(0x00000024c4700000,0x00000024c4800000)]
  0x000001acb31b9800 JavaThread "Unconstrained build operations Thread 98" [_thread_blocked, id=5992, stack(0x00000024c4800000,0x00000024c4900000)]
  0x000001acb31ba800 JavaThread "Unconstrained build operations Thread 99" [_thread_blocked, id=8220, stack(0x00000024c4900000,0x00000024c4a00000)]
  0x000001acb31b4800 JavaThread "Unconstrained build operations Thread 100" [_thread_blocked, id=1776, stack(0x00000024c4a00000,0x00000024c4b00000)]
  0x000001acb31bb000 JavaThread "Unconstrained build operations Thread 101" [_thread_blocked, id=10692, stack(0x00000024c4b00000,0x00000024c4c00000)]
  0x000001acb31b7000 JavaThread "Unconstrained build operations Thread 102" [_thread_blocked, id=13400, stack(0x00000024c4c00000,0x00000024c4d00000)]
  0x000001acb31b6000 JavaThread "Unconstrained build operations Thread 103" [_thread_blocked, id=10048, stack(0x00000024c4d00000,0x00000024c4e00000)]
  0x000001acb31b8800 JavaThread "Unconstrained build operations Thread 104" [_thread_blocked, id=1436, stack(0x00000024c4e00000,0x00000024c4f00000)]
  0x000001acb31b5800 JavaThread "Unconstrained build operations Thread 105" [_thread_blocked, id=8448, stack(0x00000024c4f00000,0x00000024c5000000)]
  0x000001acb31bc000 JavaThread "Unconstrained build operations Thread 106" [_thread_blocked, id=18232, stack(0x00000024c5000000,0x00000024c5100000)]
  0x000001acb31bc800 JavaThread "Unconstrained build operations Thread 107" [_thread_blocked, id=16720, stack(0x00000024c5100000,0x00000024c5200000)]
  0x000001acb31bd800 JavaThread "Unconstrained build operations Thread 108" [_thread_blocked, id=10028, stack(0x00000024c5200000,0x00000024c5300000)]
  0x000001acb31be800 JavaThread "Unconstrained build operations Thread 109" [_thread_blocked, id=18756, stack(0x00000024c5300000,0x00000024c5400000)]
  0x000001acb31bf000 JavaThread "Unconstrained build operations Thread 110" [_thread_blocked, id=13300, stack(0x00000024c5400000,0x00000024c5500000)]
  0x000001acb30fa000 JavaThread "Unconstrained build operations Thread 111" [_thread_blocked, id=8876, stack(0x00000024c5500000,0x00000024c5600000)]
  0x000001acb30f6000 JavaThread "Unconstrained build operations Thread 112" [_thread_blocked, id=13176, stack(0x00000024c5600000,0x00000024c5700000)]
  0x000001acb30f4800 JavaThread "Unconstrained build operations Thread 113" [_thread_blocked, id=1680, stack(0x00000024c5700000,0x00000024c5800000)]
  0x000001acb30f6800 JavaThread "Unconstrained build operations Thread 114" [_thread_blocked, id=14576, stack(0x00000024c5800000,0x00000024c5900000)]
  0x000001acb30f7800 JavaThread "Unconstrained build operations Thread 115" [_thread_blocked, id=11584, stack(0x00000024c5900000,0x00000024c5a00000)]
  0x000001acb30f9000 JavaThread "Unconstrained build operations Thread 116" [_thread_blocked, id=1984, stack(0x00000024c5a00000,0x00000024c5b00000)]
  0x000001acb30f8800 JavaThread "Unconstrained build operations Thread 117" [_thread_blocked, id=10872, stack(0x00000024c5b00000,0x00000024c5c00000)]
  0x000001acb30fb000 JavaThread "Unconstrained build operations Thread 118" [_thread_blocked, id=10020, stack(0x00000024c5c00000,0x00000024c5d00000)]
  0x000001acb30f5000 JavaThread "Unconstrained build operations Thread 119" [_thread_blocked, id=8360, stack(0x00000024c5d00000,0x00000024c5e00000)]
  0x000001acb30fe000 JavaThread "Unconstrained build operations Thread 120" [_thread_blocked, id=17644, stack(0x00000024c5e00000,0x00000024c5f00000)]
  0x000001acb30fb800 JavaThread "jar transforms Thread 6" [_thread_blocked, id=4960, stack(0x00000024c5f00000,0x00000024c6000000)]
  0x000001acb3102000 JavaThread "jar transforms Thread 7" [_thread_blocked, id=16088, stack(0x00000024c6000000,0x00000024c6100000)]
  0x000001acb3100800 JavaThread "jar transforms Thread 8" [_thread_blocked, id=13960, stack(0x00000024c6100000,0x00000024c6200000)]
  0x000001acb30ff800 JavaThread "jar transforms Thread 9" [_thread_blocked, id=13680, stack(0x00000024c6200000,0x00000024c6300000)]
  0x000001acb3101800 JavaThread "jar transforms Thread 10" [_thread_blocked, id=13864, stack(0x00000024c6300000,0x00000024c6400000)]
  0x000001acb30fc800 JavaThread "jar transforms Thread 11" [_thread_blocked, id=15612, stack(0x00000024c6400000,0x00000024c6500000)]
  0x000001acb30fd000 JavaThread "jar transforms Thread 12" [_thread_blocked, id=9176, stack(0x00000024c6500000,0x00000024c6600000)]
  0x000001acb30ff000 JavaThread "build event listener" [_thread_blocked, id=18220, stack(0x00000024c6600000,0x00000024c6700000)]

Other Threads:
  0x000001acacc7f800 VMThread "VM Thread" [stack: 0x00000024bb400000,0x00000024bb500000] [id=16848]
  0x000001acad779800 WatcherThread [stack: 0x00000024bbe00000,0x00000024bbf00000] [id=16924]
  0x000001ac923b1800 GCTaskThread "GC Thread#0" [stack: 0x00000024baf00000,0x00000024bb000000] [id=2488]
  0x000001acae4fb800 GCTaskThread "GC Thread#1" [stack: 0x00000024bc000000,0x00000024bc100000] [id=10496]
  0x000001acae913800 GCTaskThread "GC Thread#2" [stack: 0x00000024bc100000,0x00000024bc200000] [id=19004]
  0x000001acaf451800 GCTaskThread "GC Thread#3" [stack: 0x00000024bcc00000,0x00000024bcd00000] [id=17424]
  0x000001acaf17e800 GCTaskThread "GC Thread#4" [stack: 0x00000024bcd00000,0x00000024bce00000] [id=10788]
  0x000001acaf127000 GCTaskThread "GC Thread#5" [stack: 0x00000024bce00000,0x00000024bcf00000] [id=15504]
  0x000001acaf054000 GCTaskThread "GC Thread#6" [stack: 0x00000024bcf00000,0x00000024bd000000] [id=8968]
  0x000001acaeb38000 GCTaskThread "GC Thread#7" [stack: 0x00000024bd000000,0x00000024bd100000] [id=10964]
  0x000001acaf3b6000 GCTaskThread "GC Thread#8" [stack: 0x00000024bd100000,0x00000024bd200000] [id=17260]
  0x000001acae695800 GCTaskThread "GC Thread#9" [stack: 0x00000024bd200000,0x00000024bd300000] [id=15776]
  0x000001ac923e3000 ConcurrentGCThread "G1 Main Marker" [stack: 0x00000024bb000000,0x00000024bb100000] [id=15660]
  0x000001ac923e5800 ConcurrentGCThread "G1 Conc#0" [stack: 0x00000024bb100000,0x00000024bb200000] [id=19428]
  0x000001acb0904800 ConcurrentGCThread "G1 Conc#1" [stack: 0x00000024bd500000,0x00000024bd600000] [id=10920]
  0x000001acafdcb800 ConcurrentGCThread "G1 Conc#2" [stack: 0x00000024bd600000,0x00000024bd700000] [id=17824]
  0x000001acacad0800 ConcurrentGCThread "G1 Refine#0" [stack: 0x00000024bb200000,0x00000024bb300000] [id=4428]
  0x000001acacad3000 ConcurrentGCThread "G1 Young RemSet Sampling" [stack: 0x00000024bb300000,0x00000024bb400000] [id=14740]

Threads with active compile tasks:
C2 CompilerThread0     6102 5652       4       org.objectweb.asm.Frame::execute (2318 bytes)
C2 CompilerThread1     6102 5644   !   4       com.google.common.reflect.TypeVisitor::visit (244 bytes)

VM state:not at safepoint (normal execution)

VM Mutex/Monitor currently owned by a thread: None

Heap address: 0x0000000080000000, size: 2048 MB, Compressed Oops mode: 32-bit
Narrow klass base: 0x0000000000000000, Narrow klass shift: 3
Compressed class space size: 1073741824 Address: 0x0000000100000000

Heap:
 garbage-first heap   total 155648K, used 60859K [0x0000000080000000, 0x0000000100000000)
  region size 1024K, 31 young (31744K), 11 survivors (11264K)
 Metaspace       used 58730K, capacity 60290K, committed 60444K, reserved 1101824K
  class space    used 7425K, capacity 8039K, committed 8088K, reserved 1048576K
Heap Regions: E=young(eden), S=young(survivor), O=old, HS=humongous(starts), HC=humongous(continues), CS=collection set, F=free, A=archive, TAMS=top-at-mark-start (previous, next)
|   0|0x0000000080000000, 0x0000000080100000, 0x0000000080100000|100%| O|  |TAMS 0x0000000080100000, 0x0000000080000000| Untracked 
|   1|0x0000000080100000, 0x0000000080200000, 0x0000000080200000|100%| O|  |TAMS 0x0000000080200000, 0x0000000080100000| Untracked 
|   2|0x0000000080200000, 0x0000000080300000, 0x0000000080300000|100%| O|  |TAMS 0x0000000080300000, 0x0000000080200000| Untracked 
|   3|0x0000000080300000, 0x0000000080400000, 0x0000000080400000|100%|HS|  |TAMS 0x0000000080400000, 0x0000000080300000| Complete 
|   4|0x0000000080400000, 0x0000000080500000, 0x0000000080500000|100%|HC|  |TAMS 0x0000000080500000, 0x0000000080400000| Complete 
|   5|0x0000000080500000, 0x0000000080600000, 0x0000000080600000|100%|HC|  |TAMS 0x0000000080600000, 0x0000000080500000| Complete 
|   6|0x0000000080600000, 0x0000000080700000, 0x0000000080700000|100%| O|  |TAMS 0x0000000080700000, 0x0000000080600000| Untracked 
|   7|0x0000000080700000, 0x0000000080800000, 0x0000000080800000|100%| O|  |TAMS 0x0000000080800000, 0x0000000080700000| Untracked 
|   8|0x0000000080800000, 0x0000000080900000, 0x0000000080900000|100%| O|  |TAMS 0x0000000080900000, 0x0000000080800000| Untracked 
|   9|0x0000000080900000, 0x0000000080a00000, 0x0000000080a00000|100%| O|  |TAMS 0x0000000080a00000, 0x0000000080900000| Untracked 
|  10|0x0000000080a00000, 0x0000000080b00000, 0x0000000080b00000|100%| O|  |TAMS 0x0000000080b00000, 0x0000000080a00000| Untracked 
|  11|0x0000000080b00000, 0x0000000080c00000, 0x0000000080c00000|100%| O|  |TAMS 0x0000000080c00000, 0x0000000080b00000| Untracked 
|  12|0x0000000080c00000, 0x0000000080d00000, 0x0000000080d00000|100%| O|  |TAMS 0x0000000080d00000, 0x0000000080c00000| Untracked 
|  13|0x0000000080d00000, 0x0000000080e00000, 0x0000000080e00000|100%| O|  |TAMS 0x0000000080e00000, 0x0000000080d00000| Untracked 
|  14|0x0000000080e00000, 0x0000000080f00000, 0x0000000080f00000|100%| O|  |TAMS 0x0000000080f00000, 0x0000000080e00000| Untracked 
|  15|0x0000000080f00000, 0x0000000081000000, 0x0000000081000000|100%| O|  |TAMS 0x0000000081000000, 0x0000000080f00000| Untracked 
|  16|0x0000000081000000, 0x0000000081100000, 0x0000000081100000|100%| O|  |TAMS 0x0000000081100000, 0x0000000081000000| Untracked 
|  17|0x0000000081100000, 0x0000000081200000, 0x0000000081200000|100%|HS|  |TAMS 0x0000000081100000, 0x0000000081100000| Complete 
|  18|0x0000000081200000, 0x0000000081300000, 0x0000000081300000|100%| O|  |TAMS 0x0000000081200000, 0x0000000081200000| Untracked 
|  19|0x0000000081300000, 0x0000000081400000, 0x0000000081400000|100%| O|  |TAMS 0x0000000081300000, 0x0000000081300000| Untracked 
|  20|0x0000000081400000, 0x0000000081500000, 0x0000000081500000|100%| O|  |TAMS 0x0000000081500000, 0x0000000081400000| Untracked 
|  21|0x0000000081500000, 0x0000000081600000, 0x0000000081600000|100%| O|  |TAMS 0x00000000815b1800, 0x0000000081500000| Untracked 
|  22|0x0000000081600000, 0x0000000081700000, 0x0000000081700000|100%| O|  |TAMS 0x0000000081600000, 0x0000000081600000| Untracked 
|  23|0x0000000081700000, 0x0000000081800000, 0x0000000081800000|100%| O|  |TAMS 0x0000000081700000, 0x0000000081700000| Untracked 
|  24|0x0000000081800000, 0x0000000081900000, 0x0000000081900000|100%| O|  |TAMS 0x0000000081800000, 0x0000000081800000| Untracked 
|  25|0x0000000081900000, 0x0000000081a00000, 0x0000000081a00000|100%| O|  |TAMS 0x0000000081900000, 0x0000000081900000| Untracked 
|  26|0x0000000081a00000, 0x0000000081b00000, 0x0000000081b00000|100%| O|  |TAMS 0x0000000081a00000, 0x0000000081a00000| Untracked 
|  27|0x0000000081b00000, 0x0000000081c00000, 0x0000000081c00000|100%| O|  |TAMS 0x0000000081b00000, 0x0000000081b00000| Untracked 
|  28|0x0000000081c00000, 0x0000000081d00000, 0x0000000081d00000|100%|HS|  |TAMS 0x0000000081c00000, 0x0000000081c00000| Complete 
|  29|0x0000000081d00000, 0x0000000081d00000, 0x0000000081e00000|  0%| F|  |TAMS 0x0000000081d00000, 0x0000000081d00000| Untracked 
|  30|0x0000000081e00000, 0x0000000081e6ee00, 0x0000000081f00000| 43%| O|  |TAMS 0x0000000081e00000, 0x0000000081e00000| Untracked 
|  31|0x0000000081f00000, 0x0000000081f00000, 0x0000000082000000|  0%| F|  |TAMS 0x0000000081f00000, 0x0000000081f00000| Untracked 
|  32|0x0000000082000000, 0x0000000082000000, 0x0000000082100000|  0%| F|  |TAMS 0x0000000082000000, 0x0000000082000000| Untracked 
|  33|0x0000000082100000, 0x0000000082100000, 0x0000000082200000|  0%| F|  |TAMS 0x0000000082100000, 0x0000000082100000| Untracked 
|  34|0x0000000082200000, 0x0000000082200000, 0x0000000082300000|  0%| F|  |TAMS 0x0000000082200000, 0x0000000082200000| Untracked 
|  35|0x0000000082300000, 0x0000000082300000, 0x0000000082400000|  0%| F|  |TAMS 0x0000000082300000, 0x0000000082300000| Untracked 
|  36|0x0000000082400000, 0x0000000082400000, 0x0000000082500000|  0%| F|  |TAMS 0x0000000082400000, 0x0000000082400000| Untracked 
|  37|0x0000000082500000, 0x0000000082500000, 0x0000000082600000|  0%| F|  |TAMS 0x0000000082500000, 0x0000000082500000| Untracked 
|  38|0x0000000082600000, 0x0000000082600000, 0x0000000082700000|  0%| F|  |TAMS 0x0000000082600000, 0x0000000082600000| Untracked 
|  39|0x0000000082700000, 0x0000000082700000, 0x0000000082800000|  0%| F|  |TAMS 0x0000000082700000, 0x0000000082700000| Untracked 
|  40|0x0000000082800000, 0x0000000082800000, 0x0000000082900000|  0%| F|  |TAMS 0x0000000082800000, 0x0000000082800000| Untracked 
|  41|0x0000000082900000, 0x0000000082900000, 0x0000000082a00000|  0%| F|  |TAMS 0x0000000082900000, 0x0000000082900000| Untracked 
|  42|0x0000000082a00000, 0x0000000082a00000, 0x0000000082b00000|  0%| F|  |TAMS 0x0000000082a00000, 0x0000000082a00000| Untracked 
|  43|0x0000000082b00000, 0x0000000082b00000, 0x0000000082c00000|  0%| F|  |TAMS 0x0000000082b00000, 0x0000000082b00000| Untracked 
|  44|0x0000000082c00000, 0x0000000082c00000, 0x0000000082d00000|  0%| F|  |TAMS 0x0000000082c00000, 0x0000000082c00000| Untracked 
|  45|0x0000000082d00000, 0x0000000082d00000, 0x0000000082e00000|  0%| F|  |TAMS 0x0000000082d00000, 0x0000000082d00000| Untracked 
|  46|0x0000000082e00000, 0x0000000082e00000, 0x0000000082f00000|  0%| F|  |TAMS 0x0000000082e00000, 0x0000000082e00000| Untracked 
|  47|0x0000000082f00000, 0x0000000082f00000, 0x0000000083000000|  0%| F|  |TAMS 0x0000000082f00000, 0x0000000082f00000| Untracked 
|  48|0x0000000083000000, 0x0000000083000000, 0x0000000083100000|  0%| F|  |TAMS 0x0000000083000000, 0x0000000083000000| Untracked 
|  49|0x0000000083100000, 0x0000000083100000, 0x0000000083200000|  0%| F|  |TAMS 0x0000000083100000, 0x0000000083100000| Untracked 
|  50|0x0000000083200000, 0x0000000083200000, 0x0000000083300000|  0%| F|  |TAMS 0x0000000083200000, 0x0000000083200000| Untracked 
|  51|0x0000000083300000, 0x0000000083300000, 0x0000000083400000|  0%| F|  |TAMS 0x0000000083300000, 0x0000000083300000| Untracked 
|  52|0x0000000083400000, 0x0000000083400000, 0x0000000083500000|  0%| F|  |TAMS 0x0000000083400000, 0x0000000083400000| Untracked 
|  53|0x0000000083500000, 0x0000000083500000, 0x0000000083600000|  0%| F|  |TAMS 0x0000000083500000, 0x0000000083500000| Untracked 
|  54|0x0000000083600000, 0x0000000083600000, 0x0000000083700000|  0%| F|  |TAMS 0x0000000083600000, 0x0000000083600000| Untracked 
|  55|0x0000000083700000, 0x0000000083700000, 0x0000000083800000|  0%| F|  |TAMS 0x0000000083700000, 0x0000000083700000| Untracked 
|  56|0x0000000083800000, 0x0000000083800000, 0x0000000083900000|  0%| F|  |TAMS 0x0000000083800000, 0x0000000083800000| Untracked 
|  57|0x0000000083900000, 0x0000000083900000, 0x0000000083a00000|  0%| F|  |TAMS 0x0000000083900000, 0x0000000083900000| Untracked 
|  58|0x0000000083a00000, 0x0000000083a00000, 0x0000000083b00000|  0%| F|  |TAMS 0x0000000083a00000, 0x0000000083a00000| Untracked 
|  59|0x0000000083b00000, 0x0000000083b00000, 0x0000000083c00000|  0%| F|  |TAMS 0x0000000083b00000, 0x0000000083b00000| Untracked 
|  60|0x0000000083c00000, 0x0000000083c00000, 0x0000000083d00000|  0%| F|  |TAMS 0x0000000083c00000, 0x0000000083c00000| Untracked 
|  61|0x0000000083d00000, 0x0000000083d00000, 0x0000000083e00000|  0%| F|  |TAMS 0x0000000083d00000, 0x0000000083d00000| Untracked 
|  62|0x0000000083e00000, 0x0000000083e00000, 0x0000000083f00000|  0%| F|  |TAMS 0x0000000083e00000, 0x0000000083e00000| Untracked 
|  63|0x0000000083f00000, 0x0000000083f00000, 0x0000000084000000|  0%| F|  |TAMS 0x0000000083f00000, 0x0000000083f00000| Untracked 
|  64|0x0000000084000000, 0x0000000084000000, 0x0000000084100000|  0%| F|  |TAMS 0x0000000084000000, 0x0000000084000000| Untracked 
|  65|0x0000000084100000, 0x0000000084200000, 0x0000000084200000|100%| S|CS|TAMS 0x0000000084100000, 0x0000000084100000| Complete 
|  66|0x0000000084200000, 0x0000000084300000, 0x0000000084300000|100%| S|CS|TAMS 0x0000000084200000, 0x0000000084200000| Complete 
|  67|0x0000000084300000, 0x0000000084400000, 0x0000000084400000|100%| S|CS|TAMS 0x0000000084300000, 0x0000000084300000| Complete 
|  68|0x0000000084400000, 0x0000000084500000, 0x0000000084500000|100%| S|CS|TAMS 0x0000000084400000, 0x0000000084400000| Complete 
|  69|0x0000000084500000, 0x0000000084600000, 0x0000000084600000|100%| S|CS|TAMS 0x0000000084500000, 0x0000000084500000| Complete 
|  70|0x0000000084600000, 0x0000000084700000, 0x0000000084700000|100%| S|CS|TAMS 0x0000000084600000, 0x0000000084600000| Complete 
|  71|0x0000000084700000, 0x0000000084800000, 0x0000000084800000|100%| S|CS|TAMS 0x0000000084700000, 0x0000000084700000| Complete 
|  72|0x0000000084800000, 0x0000000084900000, 0x0000000084900000|100%| S|CS|TAMS 0x0000000084800000, 0x0000000084800000| Complete 
|  73|0x0000000084900000, 0x0000000084a00000, 0x0000000084a00000|100%| S|CS|TAMS 0x0000000084900000, 0x0000000084900000| Complete 
|  74|0x0000000084a00000, 0x0000000084b00000, 0x0000000084b00000|100%| S|CS|TAMS 0x0000000084a00000, 0x0000000084a00000| Complete 
|  75|0x0000000084b00000, 0x0000000084c00000, 0x0000000084c00000|100%| S|CS|TAMS 0x0000000084b00000, 0x0000000084b00000| Complete 
|  76|0x0000000084c00000, 0x0000000084c00000, 0x0000000084d00000|  0%| F|  |TAMS 0x0000000084c00000, 0x0000000084c00000| Untracked 
|  77|0x0000000084d00000, 0x0000000084d00000, 0x0000000084e00000|  0%| F|  |TAMS 0x0000000084d00000, 0x0000000084d00000| Untracked 
|  78|0x0000000084e00000, 0x0000000084e00000, 0x0000000084f00000|  0%| F|  |TAMS 0x0000000084e00000, 0x0000000084e00000| Untracked 
|  79|0x0000000084f00000, 0x0000000084f00000, 0x0000000085000000|  0%| F|  |TAMS 0x0000000084f00000, 0x0000000084f00000| Untracked 
|  80|0x0000000085000000, 0x0000000085000000, 0x0000000085100000|  0%| F|  |TAMS 0x0000000085000000, 0x0000000085000000| Untracked 
|  81|0x0000000085100000, 0x0000000085100000, 0x0000000085200000|  0%| F|  |TAMS 0x0000000085100000, 0x0000000085100000| Untracked 
|  82|0x0000000085200000, 0x0000000085200000, 0x0000000085300000|  0%| F|  |TAMS 0x0000000085200000, 0x0000000085200000| Untracked 
|  83|0x0000000085300000, 0x0000000085300000, 0x0000000085400000|  0%| F|  |TAMS 0x0000000085300000, 0x0000000085300000| Untracked 
|  84|0x0000000085400000, 0x0000000085400000, 0x0000000085500000|  0%| F|  |TAMS 0x0000000085400000, 0x0000000085400000| Untracked 
|  85|0x0000000085500000, 0x0000000085500000, 0x0000000085600000|  0%| F|  |TAMS 0x0000000085500000, 0x0000000085500000| Untracked 
|  86|0x0000000085600000, 0x0000000085600000, 0x0000000085700000|  0%| F|  |TAMS 0x0000000085600000, 0x0000000085600000| Untracked 
|  87|0x0000000085700000, 0x0000000085700000, 0x0000000085800000|  0%| F|  |TAMS 0x0000000085700000, 0x0000000085700000| Untracked 
|  88|0x0000000085800000, 0x0000000085800000, 0x0000000085900000|  0%| F|  |TAMS 0x0000000085800000, 0x0000000085800000| Untracked 
|  89|0x0000000085900000, 0x0000000085900000, 0x0000000085a00000|  0%| F|  |TAMS 0x0000000085900000, 0x0000000085900000| Untracked 
|  90|0x0000000085a00000, 0x0000000085a00000, 0x0000000085b00000|  0%| F|  |TAMS 0x0000000085a00000, 0x0000000085a00000| Untracked 
|  91|0x0000000085b00000, 0x0000000085b00000, 0x0000000085c00000|  0%| F|  |TAMS 0x0000000085b00000, 0x0000000085b00000| Untracked 
|  92|0x0000000085c00000, 0x0000000085c00000, 0x0000000085d00000|  0%| F|  |TAMS 0x0000000085c00000, 0x0000000085c00000| Untracked 
|  93|0x0000000085d00000, 0x0000000085d00000, 0x0000000085e00000|  0%| F|  |TAMS 0x0000000085d00000, 0x0000000085d00000| Untracked 
|  94|0x0000000085e00000, 0x0000000085e00000, 0x0000000085f00000|  0%| F|  |TAMS 0x0000000085e00000, 0x0000000085e00000| Untracked 
|  95|0x0000000085f00000, 0x0000000085f00000, 0x0000000086000000|  0%| F|  |TAMS 0x0000000085f00000, 0x0000000085f00000| Untracked 
|  96|0x0000000086000000, 0x0000000086000000, 0x0000000086100000|  0%| F|  |TAMS 0x0000000086000000, 0x0000000086000000| Untracked 
|  97|0x0000000086100000, 0x0000000086100000, 0x0000000086200000|  0%| F|  |TAMS 0x0000000086100000, 0x0000000086100000| Untracked 
|  98|0x0000000086200000, 0x0000000086200000, 0x0000000086300000|  0%| F|  |TAMS 0x0000000086200000, 0x0000000086200000| Untracked 
|  99|0x0000000086300000, 0x0000000086300000, 0x0000000086400000|  0%| F|  |TAMS 0x0000000086300000, 0x0000000086300000| Untracked 
| 100|0x0000000086400000, 0x0000000086400000, 0x0000000086500000|  0%| F|  |TAMS 0x0000000086400000, 0x0000000086400000| Untracked 
| 101|0x0000000086500000, 0x0000000086500000, 0x0000000086600000|  0%| F|  |TAMS 0x0000000086500000, 0x0000000086500000| Untracked 
| 102|0x0000000086600000, 0x0000000086600000, 0x0000000086700000|  0%| F|  |TAMS 0x0000000086600000, 0x0000000086600000| Untracked 
| 103|0x0000000086700000, 0x0000000086700000, 0x0000000086800000|  0%| F|  |TAMS 0x0000000086700000, 0x0000000086700000| Untracked 
| 104|0x0000000086800000, 0x0000000086800000, 0x0000000086900000|  0%| F|  |TAMS 0x0000000086800000, 0x0000000086800000| Untracked 
| 105|0x0000000086900000, 0x0000000086900000, 0x0000000086a00000|  0%| F|  |TAMS 0x0000000086900000, 0x0000000086900000| Untracked 
| 106|0x0000000086a00000, 0x0000000086a00000, 0x0000000086b00000|  0%| F|  |TAMS 0x0000000086a00000, 0x0000000086a00000| Untracked 
| 107|0x0000000086b00000, 0x0000000086b00000, 0x0000000086c00000|  0%| F|  |TAMS 0x0000000086b00000, 0x0000000086b00000| Untracked 
| 108|0x0000000086c00000, 0x0000000086c00000, 0x0000000086d00000|  0%| F|  |TAMS 0x0000000086c00000, 0x0000000086c00000| Untracked 
| 109|0x0000000086d00000, 0x0000000086d00000, 0x0000000086e00000|  0%| F|  |TAMS 0x0000000086d00000, 0x0000000086d00000| Untracked 
| 110|0x0000000086e00000, 0x0000000086e00000, 0x0000000086f00000|  0%| F|  |TAMS 0x0000000086e00000, 0x0000000086e00000| Untracked 
| 111|0x0000000086f00000, 0x0000000086f00000, 0x0000000087000000|  0%| F|  |TAMS 0x0000000086f00000, 0x0000000086f00000| Untracked 
| 112|0x0000000087000000, 0x0000000087000000, 0x0000000087100000|  0%| F|  |TAMS 0x0000000087000000, 0x0000000087000000| Untracked 
| 113|0x0000000087100000, 0x0000000087100000, 0x0000000087200000|  0%| F|  |TAMS 0x0000000087100000, 0x0000000087100000| Untracked 
| 114|0x0000000087200000, 0x0000000087200000, 0x0000000087300000|  0%| F|  |TAMS 0x0000000087200000, 0x0000000087200000| Untracked 
| 115|0x0000000087300000, 0x0000000087300000, 0x0000000087400000|  0%| F|  |TAMS 0x0000000087300000, 0x0000000087300000| Untracked 
| 116|0x0000000087400000, 0x0000000087400000, 0x0000000087500000|  0%| F|  |TAMS 0x0000000087400000, 0x0000000087400000| Untracked 
| 117|0x0000000087500000, 0x0000000087500000, 0x0000000087600000|  0%| F|  |TAMS 0x0000000087500000, 0x0000000087500000| Untracked 
| 118|0x0000000087600000, 0x0000000087600000, 0x0000000087700000|  0%| F|  |TAMS 0x0000000087600000, 0x0000000087600000| Untracked 
| 119|0x0000000087700000, 0x0000000087700000, 0x0000000087800000|  0%| F|  |TAMS 0x0000000087700000, 0x0000000087700000| Untracked 
| 120|0x0000000087800000, 0x0000000087800000, 0x0000000087900000|  0%| F|  |TAMS 0x0000000087800000, 0x0000000087800000| Untracked 
| 121|0x0000000087900000, 0x0000000087900000, 0x0000000087a00000|  0%| F|  |TAMS 0x0000000087900000, 0x0000000087900000| Untracked 
| 122|0x0000000087a00000, 0x0000000087a00000, 0x0000000087b00000|  0%| F|  |TAMS 0x0000000087a00000, 0x0000000087a00000| Untracked 
| 123|0x0000000087b00000, 0x0000000087b00000, 0x0000000087c00000|  0%| F|  |TAMS 0x0000000087b00000, 0x0000000087b00000| Untracked 
| 124|0x0000000087c00000, 0x0000000087c00000, 0x0000000087d00000|  0%| F|  |TAMS 0x0000000087c00000, 0x0000000087c00000| Untracked 
| 125|0x0000000087d00000, 0x0000000087d00000, 0x0000000087e00000|  0%| F|  |TAMS 0x0000000087d00000, 0x0000000087d00000| Untracked 
| 126|0x0000000087e00000, 0x0000000087e00000, 0x0000000087f00000|  0%| F|  |TAMS 0x0000000087e00000, 0x0000000087e00000| Untracked 
| 127|0x0000000087f00000, 0x0000000087f00000, 0x0000000088000000|  0%| F|  |TAMS 0x0000000087f00000, 0x0000000087f00000| Untracked 
| 128|0x0000000088000000, 0x0000000088000000, 0x0000000088100000|  0%| F|  |TAMS 0x0000000088000000, 0x0000000088000000| Untracked 
| 129|0x0000000088100000, 0x0000000088100000, 0x0000000088200000|  0%| F|  |TAMS 0x0000000088100000, 0x0000000088100000| Untracked 
| 130|0x0000000088200000, 0x0000000088200000, 0x0000000088300000|  0%| F|  |TAMS 0x0000000088200000, 0x0000000088200000| Untracked 
| 131|0x0000000088300000, 0x0000000088300000, 0x0000000088400000|  0%| F|  |TAMS 0x0000000088300000, 0x0000000088300000| Untracked 
| 132|0x0000000088400000, 0x0000000088500000, 0x0000000088500000|100%| E|  |TAMS 0x0000000088400000, 0x0000000088400000| Complete 
| 133|0x0000000088500000, 0x0000000088600000, 0x0000000088600000|100%| E|CS|TAMS 0x0000000088500000, 0x0000000088500000| Complete 
| 134|0x0000000088600000, 0x0000000088700000, 0x0000000088700000|100%| E|CS|TAMS 0x0000000088600000, 0x0000000088600000| Complete 
| 135|0x0000000088700000, 0x0000000088800000, 0x0000000088800000|100%| E|CS|TAMS 0x0000000088700000, 0x0000000088700000| Complete 
| 136|0x0000000088800000, 0x0000000088900000, 0x0000000088900000|100%| E|CS|TAMS 0x0000000088800000, 0x0000000088800000| Complete 
| 137|0x0000000088900000, 0x0000000088a00000, 0x0000000088a00000|100%| E|CS|TAMS 0x0000000088900000, 0x0000000088900000| Complete 
| 138|0x0000000088a00000, 0x0000000088b00000, 0x0000000088b00000|100%| E|CS|TAMS 0x0000000088a00000, 0x0000000088a00000| Complete 
| 139|0x0000000088b00000, 0x0000000088c00000, 0x0000000088c00000|100%| E|CS|TAMS 0x0000000088b00000, 0x0000000088b00000| Complete 
| 140|0x0000000088c00000, 0x0000000088d00000, 0x0000000088d00000|100%| E|CS|TAMS 0x0000000088c00000, 0x0000000088c00000| Complete 
| 141|0x0000000088d00000, 0x0000000088e00000, 0x0000000088e00000|100%| E|CS|TAMS 0x0000000088d00000, 0x0000000088d00000| Complete 
| 142|0x0000000088e00000, 0x0000000088f00000, 0x0000000088f00000|100%| E|CS|TAMS 0x0000000088e00000, 0x0000000088e00000| Complete 
| 143|0x0000000088f00000, 0x0000000089000000, 0x0000000089000000|100%| E|CS|TAMS 0x0000000088f00000, 0x0000000088f00000| Complete 
| 144|0x0000000089000000, 0x0000000089100000, 0x0000000089100000|100%| E|CS|TAMS 0x0000000089000000, 0x0000000089000000| Complete 
| 145|0x0000000089100000, 0x0000000089200000, 0x0000000089200000|100%| E|CS|TAMS 0x0000000089100000, 0x0000000089100000| Complete 
| 146|0x0000000089200000, 0x0000000089300000, 0x0000000089300000|100%| E|CS|TAMS 0x0000000089200000, 0x0000000089200000| Complete 
| 147|0x0000000089300000, 0x0000000089400000, 0x0000000089400000|100%| E|CS|TAMS 0x0000000089300000, 0x0000000089300000| Complete 
| 148|0x0000000089400000, 0x0000000089500000, 0x0000000089500000|100%| E|CS|TAMS 0x0000000089400000, 0x0000000089400000| Complete 
| 149|0x0000000089500000, 0x0000000089600000, 0x0000000089600000|100%| E|CS|TAMS 0x0000000089500000, 0x0000000089500000| Complete 
| 150|0x0000000089600000, 0x0000000089700000, 0x0000000089700000|100%| E|CS|TAMS 0x0000000089600000, 0x0000000089600000| Complete 
| 151|0x0000000089700000, 0x0000000089800000, 0x0000000089800000|100%| E|CS|TAMS 0x0000000089700000, 0x0000000089700000| Complete 

Card table byte_map: [0x000001aca5810000,0x000001aca5c10000] _byte_map_base: 0x000001aca5410000

Marking Bits (Prev, Next): (CMBitMap*) 0x000001ac923da620, (CMBitMap*) 0x000001ac923da5e8
 Prev Bits: [0x000001aca8010000, 0x000001acaa010000)
 Next Bits: [0x000001aca6010000, 0x000001aca8010000)

Polling page: 0x000001ac90150000

Metaspace:

Usage:
  Non-class:     51.09 MB capacity,    50.16 MB ( 98%) used,   785.38 KB (  2%) free+waste,   170.69 KB ( <1%) overhead. 
      Class:      7.88 MB capacity,     7.26 MB ( 92%) used,   557.48 KB (  7%) free+waste,    82.44 KB (  1%) overhead. 
       Both:     58.97 MB capacity,    57.41 MB ( 97%) used,     1.31 MB (  2%) free+waste,   253.12 KB ( <1%) overhead. 

Virtual space:
  Non-class space:       52.00 MB reserved,      51.13 MB ( 98%) committed 
      Class space:        1.00 GB reserved,       8.02 MB ( <1%) committed 
             Both:        1.05 GB reserved,      59.15 MB (  5%) committed 

Chunk freelists:
   Non-Class:  41.00 KB
       Class:  25.00 KB
        Both:  66.00 KB

MaxMetaspaceSize: 17179869184.00 GB
CompressedClassSpaceSize: 1.00 GB
Initial GC threshold: 20.80 MB
Current GC threshold: 68.17 MB
CDS: off

CodeHeap 'non-profiled nmethods': size=120000Kb used=3197Kb max_used=3197Kb free=116803Kb
 bounds [0x000001ac9d990000, 0x000001ac9dcb0000, 0x000001aca4ec0000]
CodeHeap 'profiled nmethods': size=120000Kb used=11738Kb max_used=11738Kb free=108261Kb
 bounds [0x000001ac96460000, 0x000001ac96fe0000, 0x000001ac9d990000]
CodeHeap 'non-nmethods': size=5760Kb used=2332Kb max_used=2367Kb free=3427Kb
 bounds [0x000001ac95ec0000, 0x000001ac96130000, 0x000001ac96460000]
 total_blobs=6548 nmethods=5704 adapters=756
 compilation: enabled
              stopped_count=0, restarted_count=0
 full_count=0

Compilation events (20 events):
Event: 6.042 Thread 0x000001acad5f8800 nmethod 5676 0x000001ac96fb2690 code [0x000001ac96fb2ea0, 0x000001ac96fb80c8]
Event: 6.042 Thread 0x000001acad5f8800 5678       3       org.gradle.model.internal.asm.ClassVisitorScope::addGetter (11 bytes)
Event: 6.042 Thread 0x000001acad5f8800 nmethod 5678 0x000001ac96fb9a10 code [0x000001ac96fb9c20, 0x000001ac96fba3c8]
Event: 6.043 Thread 0x000001acad5f8800 5679       3       java.lang.Class::isLocalClass (27 bytes)
Event: 6.043 Thread 0x000001acad5f8800 nmethod 5679 0x000001ac96fba690 code [0x000001ac96fba880, 0x000001ac96fbac18]
Event: 6.044 Thread 0x000001acad5f8800 5680       3       com.google.common.collect.AbstractMapBasedMultimap$WrappedCollection::iterator (13 bytes)
Event: 6.044 Thread 0x000001acad5f8800 nmethod 5680 0x000001ac96fbad90 code [0x000001ac96fbafc0, 0x000001ac96fbb828]
Event: 6.044 Thread 0x000001acad5f8800 5684       3       com.google.common.collect.AbstractMapBasedMultimap$WrappedCollection::<init> (44 bytes)
Event: 6.045 Thread 0x000001acad5f8800 nmethod 5684 0x000001ac96fbba10 code [0x000001ac96fbbbe0, 0x000001ac96fbc058]
Event: 6.045 Thread 0x000001acad5f8800 5681       3       com.google.common.collect.AbstractMapBasedMultimap$WrappedCollection$WrappedIterator::<init> (32 bytes)
Event: 6.045 Thread 0x000001acad5f8800 nmethod 5681 0x000001ac96fbc190 code [0x000001ac96fbc3a0, 0x000001ac96fbcab8]
Event: 6.045 Thread 0x000001acad5f8800 5682       3       com.google.common.collect.AbstractMapBasedMultimap::access$100 (5 bytes)
Event: 6.045 Thread 0x000001acad5f8800 nmethod 5682 0x000001ac96fbcc90 code [0x000001ac96fbce80, 0x000001ac96fbd398]
Event: 6.045 Thread 0x000001acad5f8800 5683       3       com.google.common.collect.AbstractMapBasedMultimap::iteratorOrListIterator (26 bytes)
Event: 6.045 Thread 0x000001acad5f8800 nmethod 5683 0x000001ac96fbd510 code [0x000001ac96fbd700, 0x000001ac96fbdbb8]
Event: 6.045 Thread 0x000001acad5f8800 5685       3       org.gradle.internal.instantiation.generator.AsmBackedClassGenerator$ClassBuilderImpl$$Lambda$154/0x0000000100328440::transform (8 bytes)
Event: 6.045 Thread 0x000001acad5f8800 nmethod 5685 0x000001ac96fbdd10 code [0x000001ac96fbdee0, 0x000001ac96fbe0e8]
Event: 6.045 Thread 0x000001acad5f8800 5686       3       org.gradle.cache.internal.DefaultCrossBuildInMemoryCacheFactory$DefaultClassMap::getCacheScope (34 bytes)
Event: 6.046 Thread 0x000001acad5f8800 nmethod 5686 0x000001ac96fbe190 code [0x000001ac96fbe420, 0x000001ac96fbf2a8]
Event: 6.052 Thread 0x000001acad5f8800 5688       3       org.gradle.internal.instantiation.generator.AsmBackedClassGenerator$ClassBuilderImpl::addSetter (9 bytes)

GC Heap History (20 events):
Event: 0.514 GC heap before
{Heap before GC invocations=0 (full 0):
 garbage-first heap   total 129024K, used 29696K [0x0000000080000000, 0x0000000100000000)
  region size 1024K, 24 young (24576K), 0 survivors (0K)
 Metaspace       used 9778K, capacity 10020K, committed 10112K, reserved 1058816K
  class space    used 997K, capacity 1069K, committed 1152K, reserved 1048576K
}
Event: 0.518 GC heap after
{Heap after GC invocations=1 (full 0):
 garbage-first heap   total 129024K, used 9288K [0x0000000080000000, 0x0000000100000000)
  region size 1024K, 3 young (3072K), 3 survivors (3072K)
 Metaspace       used 9778K, capacity 10020K, committed 10112K, reserved 1058816K
  class space    used 997K, capacity 1069K, committed 1152K, reserved 1048576K
}
Event: 2.310 GC heap before
{Heap before GC invocations=1 (full 0):
 garbage-first heap   total 129024K, used 84040K [0x0000000080000000, 0x0000000100000000)
  region size 1024K, 75 young (76800K), 3 survivors (3072K)
 Metaspace       used 18147K, capacity 18562K, committed 18688K, reserved 1064960K
  class space    used 2127K, capacity 2279K, committed 2304K, reserved 1048576K
}
Event: 2.316 GC heap after
{Heap after GC invocations=2 (full 0):
 garbage-first heap   total 129024K, used 16154K [0x0000000080000000, 0x0000000100000000)
  region size 1024K, 10 young (10240K), 10 survivors (10240K)
 Metaspace       used 18147K, capacity 18562K, committed 18688K, reserved 1064960K
  class space    used 2127K, capacity 2279K, committed 2304K, reserved 1048576K
}
Event: 2.503 GC heap before
{Heap before GC invocations=2 (full 0):
 garbage-first heap   total 129024K, used 39706K [0x0000000080000000, 0x0000000100000000)
  region size 1024K, 34 young (34816K), 10 survivors (10240K)
 Metaspace       used 20775K, capacity 21187K, committed 21296K, reserved 1069056K
  class space    used 2522K, capacity 2685K, committed 2688K, reserved 1048576K
}
Event: 2.508 GC heap after
{Heap after GC invocations=3 (full 0):
 garbage-first heap   total 129024K, used 17643K [0x0000000080000000, 0x0000000100000000)
  region size 1024K, 2 young (2048K), 2 survivors (2048K)
 Metaspace       used 20775K, capacity 21187K, committed 21296K, reserved 1069056K
  class space    used 2522K, capacity 2685K, committed 2688K, reserved 1048576K
}
Event: 2.953 GC heap before
{Heap before GC invocations=4 (full 0):
 garbage-first heap   total 129024K, used 67819K [0x0000000080000000, 0x0000000100000000)
  region size 1024K, 52 young (53248K), 2 survivors (2048K)
 Metaspace       used 26191K, capacity 26836K, committed 26876K, reserved 1073152K
  class space    used 3403K, capacity 3620K, committed 3660K, reserved 1048576K
}
Event: 2.955 GC heap after
{Heap after GC invocations=5 (full 0):
 garbage-first heap   total 129024K, used 19266K [0x0000000080000000, 0x0000000100000000)
  region size 1024K, 3 young (3072K), 3 survivors (3072K)
 Metaspace       used 26191K, capacity 26836K, committed 26876K, reserved 1073152K
  class space    used 3403K, capacity 3620K, committed 3660K, reserved 1048576K
}
Event: 3.450 GC heap before
{Heap before GC invocations=5 (full 0):
 garbage-first heap   total 129024K, used 78658K [0x0000000080000000, 0x0000000100000000)
  region size 1024K, 61 young (62464K), 3 survivors (3072K)
 Metaspace       used 32094K, capacity 32842K, committed 33020K, reserved 1077248K
  class space    used 4309K, capacity 4609K, committed 4684K, reserved 1048576K
}
Event: 3.453 GC heap after
{Heap after GC invocations=6 (full 0):
 garbage-first heap   total 129024K, used 21022K [0x0000000080000000, 0x0000000100000000)
  region size 1024K, 5 young (5120K), 5 survivors (5120K)
 Metaspace       used 32094K, capacity 32842K, committed 33020K, reserved 1077248K
  class space    used 4309K, capacity 4609K, committed 4684K, reserved 1048576K
}
Event: 3.650 GC heap before
{Heap before GC invocations=6 (full 0):
 garbage-first heap   total 129024K, used 32286K [0x0000000080000000, 0x0000000100000000)
  region size 1024K, 17 young (17408K), 5 survivors (5120K)
 Metaspace       used 35071K, capacity 35953K, committed 36048K, reserved 1081344K
  class space    used 4564K, capacity 4921K, committed 4940K, reserved 1048576K
}
Event: 3.657 GC heap after
{Heap after GC invocations=7 (full 0):
 garbage-first heap   total 129024K, used 22914K [0x0000000080000000, 0x0000000100000000)
  region size 1024K, 7 young (7168K), 7 survivors (7168K)
 Metaspace       used 35071K, capacity 35953K, committed 36048K, reserved 1081344K
  class space    used 4564K, capacity 4921K, committed 4940K, reserved 1048576K
}
Event: 4.130 GC heap before
{Heap before GC invocations=8 (full 0):
 garbage-first heap   total 129024K, used 84354K [0x0000000080000000, 0x0000000100000000)
  region size 1024K, 65 young (66560K), 7 survivors (7168K)
 Metaspace       used 40630K, capacity 41613K, committed 41884K, reserved 1085440K
  class space    used 5131K, capacity 5521K, committed 5656K, reserved 1048576K
}
Event: 4.141 GC heap after
{Heap after GC invocations=9 (full 0):
 garbage-first heap   total 129024K, used 28019K [0x0000000080000000, 0x0000000100000000)
  region size 1024K, 9 young (9216K), 9 survivors (9216K)
 Metaspace       used 40630K, capacity 41613K, committed 41884K, reserved 1085440K
  class space    used 5131K, capacity 5521K, committed 5656K, reserved 1048576K
}
Event: 4.644 GC heap before
{Heap before GC invocations=10 (full 0):
 garbage-first heap   total 129024K, used 87411K [0x0000000080000000, 0x0000000100000000)
  region size 1024K, 67 young (68608K), 9 survivors (9216K)
 Metaspace       used 45759K, capacity 46877K, committed 47132K, reserved 1089536K
  class space    used 5823K, capacity 6263K, committed 6296K, reserved 1048576K
}
Event: 4.651 GC heap after
{Heap after GC invocations=11 (full 0):
 garbage-first heap   total 129024K, used 30720K [0x0000000080000000, 0x0000000100000000)
  region size 1024K, 4 young (4096K), 4 survivors (4096K)
 Metaspace       used 45759K, capacity 46877K, committed 47132K, reserved 1089536K
  class space    used 5823K, capacity 6263K, committed 6296K, reserved 1048576K
}
Event: 5.061 GC heap before
{Heap before GC invocations=11 (full 0):
 garbage-first heap   total 129024K, used 90112K [0x0000000080000000, 0x0000000100000000)
  region size 1024K, 63 young (64512K), 4 survivors (4096K)
 Metaspace       used 48996K, capacity 50199K, committed 50460K, reserved 1093632K
  class space    used 6252K, capacity 6732K, committed 6808K, reserved 1048576K
}
Event: 5.065 GC heap after
{Heap after GC invocations=12 (full 0):
 garbage-first heap   total 155648K, used 32388K [0x0000000080000000, 0x0000000100000000)
  region size 1024K, 5 young (5120K), 5 survivors (5120K)
 Metaspace       used 48996K, capacity 50199K, committed 50460K, reserved 1093632K
  class space    used 6252K, capacity 6732K, committed 6808K, reserved 1048576K
}
Event: 5.873 GC heap before
{Heap before GC invocations=12 (full 0):
 garbage-first heap   total 155648K, used 112260K [0x0000000080000000, 0x0000000100000000)
  region size 1024K, 81 young (82944K), 5 survivors (5120K)
 Metaspace       used 55800K, capacity 57288K, committed 57500K, reserved 1099776K
  class space    used 7040K, capacity 7589K, committed 7704K, reserved 1048576K
}
Event: 5.877 GC heap after
{Heap after GC invocations=13 (full 0):
 garbage-first heap   total 155648K, used 41403K [0x0000000080000000, 0x0000000100000000)
  region size 1024K, 11 young (11264K), 11 survivors (11264K)
 Metaspace       used 55800K, capacity 57288K, committed 57500K, reserved 1099776K
  class space    used 7040K, capacity 7589K, committed 7704K, reserved 1048576K
}

Deoptimization events (20 events):
Event: 5.574 Thread 0x000001acadebc000 DEOPT PACKING pc=0x000001ac9d9de910 sp=0x00000024bc7f53c0
Event: 5.574 Thread 0x000001acadebc000 DEOPT UNPACKING pc=0x000001ac95f0a1af sp=0x00000024bc7f5320 mode 2
Event: 5.645 Thread 0x000001acadebc000 DEOPT PACKING pc=0x000001ac96dafdf6 sp=0x00000024bc7f6f40
Event: 5.645 Thread 0x000001acadebc000 DEOPT UNPACKING pc=0x000001ac95f0a95e sp=0x00000024bc7f6460 mode 0
Event: 5.647 Thread 0x000001acadebc000 Uncommon trap: trap_request=0xffffff4d fr.pc=0x000001ac9daf879c relative=0x000000000000091c
Event: 5.647 Thread 0x000001acadebc000 Uncommon trap: reason=unstable_if action=reinterpret pc=0x000001ac9daf879c method=java.io.BufferedInputStream.read([BII)I @ 56 c2
Event: 5.647 Thread 0x000001acadebc000 DEOPT PACKING pc=0x000001ac9daf879c sp=0x00000024bc7f7230
Event: 5.647 Thread 0x000001acadebc000 DEOPT UNPACKING pc=0x000001ac95f0a1af sp=0x00000024bc7f71e8 mode 2
Event: 5.802 Thread 0x000001acadebc000 Uncommon trap: trap_request=0xffffffc6 fr.pc=0x000001ac9dc1aa88 relative=0x00000000000009a8
Event: 5.802 Thread 0x000001acadebc000 Uncommon trap: reason=bimorphic_or_optimized_type_check action=maybe_recompile pc=0x000001ac9dc1aa88 method=java.util.stream.ReferencePipeline.forEachWithCancel(Ljava/util/Spliterator;Ljava/util/stream/Sink;)Z @ 1 c2
Event: 5.802 Thread 0x000001acadebc000 DEOPT PACKING pc=0x000001ac9dc1aa88 sp=0x00000024bc7f6be0
Event: 5.802 Thread 0x000001acadebc000 DEOPT UNPACKING pc=0x000001ac95f0a1af sp=0x00000024bc7f6a48 mode 2
Event: 5.878 Thread 0x000001acad75a000 Uncommon trap: trap_request=0xffffffde fr.pc=0x000001ac9dafaaec relative=0x000000000000052c
Event: 5.878 Thread 0x000001acad75a000 Uncommon trap: reason=class_check action=maybe_recompile pc=0x000001ac9dafaaec method=jdk.internal.ref.PhantomCleanable.clean()V @ 12 c2
Event: 5.878 Thread 0x000001acad75a000 DEOPT PACKING pc=0x000001ac9dafaaec sp=0x00000024bbdff210
Event: 5.878 Thread 0x000001acad75a000 DEOPT UNPACKING pc=0x000001ac95f0a1af sp=0x00000024bbdff1f0 mode 2
Event: 5.949 Thread 0x000001acadebc000 Uncommon trap: trap_request=0xffffffde fr.pc=0x000001ac9dbab854 relative=0x0000000000001434
Event: 5.949 Thread 0x000001acadebc000 Uncommon trap: reason=class_check action=maybe_recompile pc=0x000001ac9dbab854 method=jdk.internal.loader.BuiltinClassLoader.loadClassOrNull(Ljava/lang/String;Z)Ljava/lang/Class; @ 86 c2
Event: 5.949 Thread 0x000001acadebc000 DEOPT PACKING pc=0x000001ac9dbab854 sp=0x00000024bc7f59a0
Event: 5.949 Thread 0x000001acadebc000 DEOPT UNPACKING pc=0x000001ac95f0a1af sp=0x00000024bc7f5908 mode 2

Classes redefined (0 events):
No events

Internal exceptions (20 events):
Event: 5.301 Thread 0x000001acadebc000 Exception <a 'java/security/PrivilegedActionException'{0x0000000087d41f98}> (0x0000000087d41f98) thrown at [src/hotspot/share/prims/jvm.cpp, line 1306]
Event: 5.301 Thread 0x000001acadebc000 Exception <a 'java/security/PrivilegedActionException'{0x0000000087d44e50}> (0x0000000087d44e50) thrown at [src/hotspot/share/prims/jvm.cpp, line 1306]
Event: 5.301 Thread 0x000001acadebc000 Exception <a 'java/security/PrivilegedActionException'{0x0000000087d463b8}> (0x0000000087d463b8) thrown at [src/hotspot/share/prims/jvm.cpp, line 1306]
Event: 5.301 Thread 0x000001acadebc000 Exception <a 'java/security/PrivilegedActionException'{0x0000000087d492a8}> (0x0000000087d492a8) thrown at [src/hotspot/share/prims/jvm.cpp, line 1306]
Event: 5.301 Thread 0x000001acadebc000 Exception <a 'java/security/PrivilegedActionException'{0x0000000087d4a810}> (0x0000000087d4a810) thrown at [src/hotspot/share/prims/jvm.cpp, line 1306]
Event: 5.302 Thread 0x000001acadebc000 Exception <a 'java/security/PrivilegedActionException'{0x0000000087d4d778}> (0x0000000087d4d778) thrown at [src/hotspot/share/prims/jvm.cpp, line 1306]
Event: 5.302 Thread 0x000001acadebc000 Exception <a 'java/security/PrivilegedActionException'{0x0000000087d4ece0}> (0x0000000087d4ece0) thrown at [src/hotspot/share/prims/jvm.cpp, line 1306]
Event: 5.378 Thread 0x000001acadebc000 Exception <a 'java/lang/ClassNotFoundException'{0x00000000879f4ca0}: org/gradle/api/internal/plugins/DefaultObjectConfigurationActionBeanInfo> (0x00000000879f4ca0) thrown at [src/hotspot/share/classfile/systemDictionary.cpp, line 230]
Event: 5.379 Thread 0x000001acadebc000 Exception <a 'java/lang/ClassNotFoundException'{0x000000008782b440}: org/gradle/api/internal/plugins/DefaultObjectConfigurationActionCustomizer> (0x000000008782b440) thrown at [src/hotspot/share/classfile/systemDictionary.cpp, line 230]
Event: 5.492 Thread 0x000001acadebc000 Exception <a 'java/lang/NoSuchMethodError'{0x0000000086d358e0}: 'java.lang.Object java.lang.invoke.DirectMethodHandle$Holder.invokeStatic(java.lang.Object, java.lang.Object, java.lang.Object, java.lang.Object, int)'> (0x0000000086d358e0) thrown at [src/hotspot/share/interpreter/linkResolver.cpp, line 773]
Event: 5.492 Thread 0x000001acadebc000 Exception <a 'java/lang/NoSuchMethodError'{0x0000000086d3a2d8}: 'java.lang.Object java.lang.invoke.DirectMethodHandle$Holder.invokeSpecial(java.lang.Object, java.lang.Object, java.lang.Object, java.lang.Object, java.lang.Object, int)'> (0x0000000086d3a2d8) thrown at [src/hotspot/share/interpreter/linkResolver.cpp, line 773]
Event: 5.492 Thread 0x000001acadebc000 Exception <a 'java/lang/NoSuchMethodError'{0x0000000086d3e918}: 'java.lang.Object java.lang.invoke.Invokers$Holder.linkToTargetMethod(java.lang.Object, java.lang.Object, java.lang.Object, int, java.lang.Object)'> (0x0000000086d3e918) thrown at [src/hotspot/share/interpreter/linkResolver.cpp, line 773]
Event: 5.501 Thread 0x000001acadebc000 Exception <a 'java/lang/NoSuchMethodError'{0x0000000086c06738}: 'java.lang.Object java.lang.invoke.Invokers$Holder.linkToTargetMethod(java.lang.Object, int, int, java.lang.Object)'> (0x0000000086c06738) thrown at [src/hotspot/share/interpreter/linkResolver.cpp, line 773]
Event: 5.502 Thread 0x000001acadebc000 Exception <a 'java/lang/NoSuchMethodError'{0x0000000086c1e088}: 'java.lang.Object java.lang.invoke.DirectMethodHandle$Holder.invokeStatic(java.lang.Object, java.lang.Object, int, int, java.lang.Object, java.lang.Object)'> (0x0000000086c1e088) thrown at [src/hotspot/share/interpreter/linkResolver.cpp, line 773]
Event: 5.673 Thread 0x000001acadebc000 Exception <a 'java/lang/NoSuchMethodError'{0x0000000085d8a1f8}: 'java.lang.Object java.lang.invoke.DirectMethodHandle$Holder.invokeStatic(java.lang.Object, java.lang.Object, java.lang.Object, java.lang.Object, java.lang.Object, java.lang.Object, java.lang.Object, java.lang.Object, java.lang.Object, java.lang.Object, java.lang.Object, java.lang.Object, java.lang.Object, int)'> (0x0000000085d8a1f8) thrown at [src/hotspot/share/interpreter/linkResolver.cpp, line 773]
Event: 5.674 Thread 0x000001acadebc000 Exception <a 'java/lang/NoSuchMethodError'{0x0000000085d97be0}: 'java.lang.Object java.lang.invoke.DirectMethodHandle$Holder.invokeStatic(java.lang.Object, java.lang.Object, java.lang.Object, java.lang.Object, java.lang.Object, java.lang.Object, java.lang.Object, java.lang.Object, java.lang.Object, java.lang.Object, java.lang.Object, java.lang.Object, java.lang.Object, int, int)'> (0x0000000085d97be0) thrown at [src/hotspot/share/interpreter/linkResolver.cpp, line 773]
Event: 5.705 Thread 0x000001acadebc000 Exception <a 'java/lang/NoSuchMethodError'{0x0000000085bebc30}: 'int java.lang.invoke.DirectMethodHandle$Holder.invokeInterface(java.lang.Object, java.lang.Object, java.lang.Object, java.lang.Object)'> (0x0000000085bebc30) thrown at [src/hotspot/share/interpreter/linkResolver.cpp, line 773]
Event: 5.990 Thread 0x000001acadebc000 Exception <a 'java/lang/NoSuchMethodError'{0x0000000088e8ab28}: 'java.lang.Object java.lang.invoke.DirectMethodHandle$Holder.invokeSpecial(java.lang.Object, java.lang.Object, int, int, int, java.lang.Object, java.lang.Object, java.lang.Object, java.lang.Object)'> (0x0000000088e8ab28) thrown at [src/hotspot/share/interpreter/linkResolver.cpp, line 773]
Event: 5.991 Thread 0x000001acadebc000 Exception <a 'java/lang/NoSuchMethodError'{0x0000000088e8f2d0}: 'java.lang.Object java.lang.invoke.DelegatingMethodHandle$Holder.reinvoke_L(java.lang.Object, int, int, int, java.lang.Object, java.lang.Object, java.lang.Object, java.lang.Object)'> (0x0000000088e8f2d0) thrown at [src/hotspot/share/interpreter/linkResolver.cpp, line 773]
Event: 5.991 Thread 0x000001acadebc000 Exception <a 'java/lang/NoSuchMethodError'{0x0000000088e97a30}: 'java.lang.Object java.lang.invoke.DirectMethodHandle$Holder.invokeStatic(java.lang.Object, java.lang.Object, java.lang.Object, java.lang.Object, java.lang.Object, int)'> (0x0000000088e97a30) thrown at [src/hotspot/share/interpreter/linkResolver.cpp, line 773]

Events (20 events):
Event: 6.049 loading class org/gradle/jvm/toolchain/internal/DefaultJvmVendorSpec
Event: 6.049 loading class org/gradle/jvm/toolchain/internal/DefaultJvmVendorSpec done
Event: 6.050 loading class org/gradle/internal/jvm/inspection/JvmVendor$KnownJvmVendor
Event: 6.050 loading class org/gradle/internal/jvm/inspection/JvmVendor$KnownJvmVendor done
Event: 6.050 loading class java/util/regex/Pattern$SliceI
Event: 6.050 loading class java/util/regex/Pattern$SliceI done
Event: 6.050 loading class org/gradle/internal/jvm/inspection/JvmVendor$KnownJvmVendor
Event: 6.050 loading class org/gradle/internal/jvm/inspection/JvmVendor$KnownJvmVendor done
Event: 6.050 loading class org/gradle/internal/jvm/inspection/JvmVendor
Event: 6.050 loading class org/gradle/internal/jvm/inspection/JvmVendor done
Event: 6.050 loading class org/gradle/internal/jvm/inspection/JvmVendor
Event: 6.050 loading class org/gradle/internal/jvm/inspection/JvmVendor done
Event: 6.050 loading class org/gradle/internal/jvm/inspection/JvmVendor$KnownJvmVendor
Event: 6.050 loading class org/gradle/internal/jvm/inspection/JvmVendor$KnownJvmVendor done
Event: 6.051 loading class org/gradle/internal/jvm/inspection/JvmVendor
Event: 6.051 loading class org/gradle/internal/jvm/inspection/JvmVendor done
Event: 6.051 loading class org/gradle/api/java/archives/Manifest
Event: 6.051 loading class org/gradle/api/java/archives/Manifest done
Event: 6.051 loading class org/gradle/api/jvm/ModularitySpec
Event: 6.051 loading class org/gradle/api/jvm/ModularitySpec done


Dynamic libraries:
0x00007ff64a780000 - 0x00007ff64a78a000 	C:\Program Files\Android\Android Studio\jbr\bin\java.exe
0x00007ffa76f20000 - 0x00007ffa77129000 	C:\WINDOWS\SYSTEM32\ntdll.dll
0x00007ffa75ea0000 - 0x00007ffa75f5e000 	C:\WINDOWS\System32\KERNEL32.DLL
0x00007ffa74640000 - 0x00007ffa749bc000 	C:\WINDOWS\System32\KERNELBASE.dll
0x00007ffa749c0000 - 0x00007ffa74ad1000 	C:\WINDOWS\System32\ucrtbase.dll
0x00007ffa68840000 - 0x00007ffa68857000 	C:\Program Files\Android\Android Studio\jbr\bin\jli.dll
0x00007ffa6fbb0000 - 0x00007ffa6fbcb000 	C:\Program Files\Android\Android Studio\jbr\bin\VCRUNTIME140.dll
0x00007ffa75ba0000 - 0x00007ffa75d4d000 	C:\WINDOWS\System32\USER32.dll
0x00007ffa4ce60000 - 0x00007ffa4d105000 	C:\WINDOWS\WinSxS\amd64_microsoft.windows.common-controls_6595b64144ccf1df_6.0.22000.120_none_9d947278b86cc467\COMCTL32.dll
0x00007ffa74ae0000 - 0x00007ffa74b06000 	C:\WINDOWS\System32\win32u.dll
0x00007ffa76050000 - 0x00007ffa760f3000 	C:\WINDOWS\System32\msvcrt.dll
0x00007ffa76310000 - 0x00007ffa76339000 	C:\WINDOWS\System32\GDI32.dll
0x00007ffa74c80000 - 0x00007ffa74d98000 	C:\WINDOWS\System32\gdi32full.dll
0x00007ffa74470000 - 0x00007ffa7450d000 	C:\WINDOWS\System32\msvcp_win.dll
0x00007ffa75b60000 - 0x00007ffa75b91000 	C:\WINDOWS\System32\IMM32.DLL
0x00007ffa6fe80000 - 0x00007ffa6fe8c000 	C:\Program Files\Android\Android Studio\jbr\bin\vcruntime140_1.dll
0x00007ffa60ab0000 - 0x00007ffa60b3d000 	C:\Program Files\Android\Android Studio\jbr\bin\msvcp140.dll
0x00007ffa16da0000 - 0x00007ffa1795c000 	C:\Program Files\Android\Android Studio\jbr\bin\server\jvm.dll
0x00007ffa75280000 - 0x00007ffa7532e000 	C:\WINDOWS\System32\ADVAPI32.dll
0x00007ffa75dd0000 - 0x00007ffa75e6e000 	C:\WINDOWS\System32\sechost.dll
0x00007ffa76c90000 - 0x00007ffa76db0000 	C:\WINDOWS\System32\RPCRT4.dll
0x00007ffa75180000 - 0x00007ffa75188000 	C:\WINDOWS\System32\PSAPI.DLL
0x00007ffa6edb0000 - 0x00007ffa6edb9000 	C:\WINDOWS\SYSTEM32\WSOCK32.dll
0x00007ffa76210000 - 0x00007ffa7627f000 	C:\WINDOWS\System32\WS2_32.dll
0x00007ffa6d070000 - 0x00007ffa6d07a000 	C:\WINDOWS\SYSTEM32\VERSION.dll
0x00007ffa6e7a0000 - 0x00007ffa6e7d3000 	C:\WINDOWS\SYSTEM32\WINMM.dll
0x00007ffa73560000 - 0x00007ffa73578000 	C:\WINDOWS\SYSTEM32\kernel.appcore.dll
0x00007ffa6c9a0000 - 0x00007ffa6c9b0000 	C:\Program Files\Android\Android Studio\jbr\bin\verify.dll
0x00007ffa71ef0000 - 0x00007ffa72111000 	C:\WINDOWS\SYSTEM32\DBGHELP.DLL
0x00007ffa69cc0000 - 0x00007ffa69cf1000 	C:\WINDOWS\SYSTEM32\dbgcore.DLL
0x00007ffa743f0000 - 0x00007ffa7446f000 	C:\WINDOWS\System32\bcryptPrimitives.dll
0x00007ffa67b40000 - 0x00007ffa67b68000 	C:\Program Files\Android\Android Studio\jbr\bin\java.dll
0x00007ffa68830000 - 0x00007ffa6883a000 	C:\Program Files\Android\Android Studio\jbr\bin\jimage.dll
0x00007ffa67b20000 - 0x00007ffa67b38000 	C:\Program Files\Android\Android Studio\jbr\bin\zip.dll
0x00007ffa75330000 - 0x00007ffa75af5000 	C:\WINDOWS\System32\SHELL32.dll
0x00007ffa724f0000 - 0x00007ffa72d55000 	C:\WINDOWS\SYSTEM32\windows.storage.dll
0x00007ffa767b0000 - 0x00007ffa76b26000 	C:\WINDOWS\System32\combase.dll
0x00007ffa72380000 - 0x00007ffa724e6000 	C:\WINDOWS\SYSTEM32\wintypes.dll
0x00007ffa76ba0000 - 0x00007ffa76c8a000 	C:\WINDOWS\System32\SHCORE.dll
0x00007ffa74f40000 - 0x00007ffa74f9d000 	C:\WINDOWS\System32\shlwapi.dll
0x00007ffa74320000 - 0x00007ffa74341000 	C:\WINDOWS\SYSTEM32\profapi.dll
0x00007ffa67ae0000 - 0x00007ffa67af9000 	C:\Program Files\Android\Android Studio\jbr\bin\net.dll
0x00007ffa6f260000 - 0x00007ffa6f372000 	C:\WINDOWS\SYSTEM32\WINHTTP.dll
0x00007ffa73a00000 - 0x00007ffa73a67000 	C:\WINDOWS\system32\mswsock.dll
0x00007ffa672e0000 - 0x00007ffa672f3000 	C:\Program Files\Android\Android Studio\jbr\bin\nio.dll
0x00007ffa688a0000 - 0x00007ffa688c7000 	C:\Users\PC\.gradle\native\e1d6ef7f7dcc3fd88c89a11ec53ec762bb8ba0a96d01ffa2cd45eb1d1d8dd5c5\windows-amd64\native-platform.dll
0x00007ffa2c240000 - 0x00007ffa2c384000 	C:\Users\PC\.gradle\native\0d407fdbe67a94daf76414ababcb853783967236a71b16ec16e742cd7a986fd3\windows-amd64\native-platform-file-events.dll
0x00007ffa68820000 - 0x00007ffa6882a000 	C:\Program Files\Android\Android Studio\jbr\bin\management.dll
0x00007ffa687b0000 - 0x00007ffa687bb000 	C:\Program Files\Android\Android Studio\jbr\bin\management_ext.dll
0x00007ffa73c40000 - 0x00007ffa73c58000 	C:\WINDOWS\SYSTEM32\CRYPTSP.dll
0x00007ffa734c0000 - 0x00007ffa734f5000 	C:\WINDOWS\system32\rsaenh.dll
0x00007ffa73af0000 - 0x00007ffa73b19000 	C:\WINDOWS\SYSTEM32\USERENV.dll
0x00007ffa73dd0000 - 0x00007ffa73df7000 	C:\WINDOWS\SYSTEM32\bcrypt.dll
0x00007ffa73c60000 - 0x00007ffa73c6c000 	C:\WINDOWS\SYSTEM32\CRYPTBASE.dll
0x00007ffa73010000 - 0x00007ffa7303d000 	C:\WINDOWS\SYSTEM32\IPHLPAPI.DLL
0x00007ffa75e90000 - 0x00007ffa75e99000 	C:\WINDOWS\System32\NSI.dll
0x00007ffa6f1d0000 - 0x00007ffa6f1e9000 	C:\WINDOWS\SYSTEM32\dhcpcsvc6.DLL
0x00007ffa6f510000 - 0x00007ffa6f52e000 	C:\WINDOWS\SYSTEM32\dhcpcsvc.DLL
0x00007ffa73040000 - 0x00007ffa73128000 	C:\WINDOWS\SYSTEM32\DNSAPI.dll

dbghelp: loaded successfully - version: 4.0.5 - missing functions: none
symbol engine: initialized successfully - sym options: 0x614 - pdb path: .;C:\Program Files\Android\Android Studio\jbr\bin;C:\WINDOWS\SYSTEM32;C:\WINDOWS\WinSxS\amd64_microsoft.windows.common-controls_6595b64144ccf1df_6.0.22000.120_none_9d947278b86cc467;C:\Program Files\Android\Android Studio\jbr\bin\server;C:\Users\PC\.gradle\native\e1d6ef7f7dcc3fd88c89a11ec53ec762bb8ba0a96d01ffa2cd45eb1d1d8dd5c5\windows-amd64;C:\Users\PC\.gradle\native\0d407fdbe67a94daf76414ababcb853783967236a71b16ec16e742cd7a986fd3\windows-amd64

VM Arguments:
jvm_args: --add-opens=java.base/java.util=ALL-UNNAMED --add-opens=java.base/java.lang=ALL-UNNAMED --add-opens=java.base/java.lang.invoke=ALL-UNNAMED --add-opens=java.base/java.util=ALL-UNNAMED --add-opens=java.prefs/java.util.prefs=ALL-UNNAMED --add-opens=java.prefs/java.util.prefs=ALL-UNNAMED --add-opens=java.base/java.nio.charset=ALL-UNNAMED --add-opens=java.base/java.net=ALL-UNNAMED --add-opens=java.base/java.util.concurrent.atomic=ALL-UNNAMED -Xmx2048m -Dfile.encoding=UTF-8 -Duser.country=US -Duser.language=en -Duser.variant 
java_command: org.gradle.launcher.daemon.bootstrap.GradleDaemon 7.5
java_class_path (initial): C:\Users\PC\.gradle\wrapper\dists\gradle-7.5-bin\f1w0cc9nuo0eivz97x2xlu9sv\gradle-7.5\lib\gradle-launcher-7.5.jar
Launcher Type: SUN_STANDARD

[Global flags]
     intx CICompilerCount                          = 4                                         {product} {ergonomic}
     uint ConcGCThreads                            = 3                                         {product} {ergonomic}
     uint G1ConcRefinementThreads                  = 10                                        {product} {ergonomic}
   size_t G1HeapRegionSize                         = 1048576                                   {product} {ergonomic}
    uintx GCDrainStackTargetSize                   = 64                                        {product} {ergonomic}
   size_t InitialHeapSize                          = 132120576                                 {product} {ergonomic}
   size_t MarkStackSize                            = 4194304                                   {product} {ergonomic}
   size_t MaxHeapSize                              = 2147483648                                {product} {command line}
   size_t MaxNewSize                               = 1287651328                                {product} {ergonomic}
   size_t MinHeapDeltaBytes                        = 1048576                                   {product} {ergonomic}
    uintx NonNMethodCodeHeapSize                   = 5836300                                {pd product} {ergonomic}
    uintx NonProfiledCodeHeapSize                  = 122910970                              {pd product} {ergonomic}
    uintx ProfiledCodeHeapSize                     = 122910970                              {pd product} {ergonomic}
    uintx ReservedCodeCacheSize                    = 251658240                              {pd product} {ergonomic}
     bool SegmentedCodeCache                       = true                                      {product} {ergonomic}
     bool UseCompressedClassPointers               = true                                 {lp64_product} {ergonomic}
     bool UseCompressedOops                        = true                                 {lp64_product} {ergonomic}
     bool UseG1GC                                  = true                                      {product} {ergonomic}
     bool UseLargePagesIndividualAllocation        = false                                  {pd product} {ergonomic}

Logging:
Log output configuration:
 #0: stdout all=warning uptime,level,tags
 #1: stderr all=off uptime,level,tags

Environment Variables:
PATH=C:\Program Files\Common Files\Oracle\Java\javapath;C:\Windows\system32;C:\Windows;C:\Windows\System32\Wbem;C:\Windows\System32\WindowsPowerShell\v1.0\;C:\Windows\System32\OpenSSH\;C:\Program Files (x86)\NVIDIA Corporation\PhysX\Common;C:\WINDOWS\system32;C:\WINDOWS;C:\WINDOWS\System32\Wbem;C:\WINDOWS\System32\WindowsPowerShell\v1.0\;C:\WINDOWS\System32\OpenSSH\;C:\Program Files\Microsoft SQL Server\Client SDK\ODBC\170\Tools\Binn\;C:\Program Files (x86)\Microsoft SQL Server\150\Tools\Binn\;C:\Program Files\Microsoft SQL Server\150\Tools\Binn\;C:\Program Files\Microsoft SQL Server\150\DTS\Binn\;C:\Program Files (x86)\Microsoft SQL Server\150\DTS\Binn\;C:\Program Files\Azure Data Studio\bin;C:\Program Files\Git\cmd;C:\Program Files (x86)\dotnet\;C:\Users\PC\AppData\Local\Microsoft\WindowsApps;;D:\FPT Polytechnic\Microsoft VS Code\bin;C:\Program Files\Azure Data Studio\bin
USERNAME=PC
OS=Windows_NT
PROCESSOR_IDENTIFIER=Intel64 Family 6 Model 158 Stepping 10, GenuineIntel



---------------  S Y S T E M  ---------------

OS: Windows 11 , 64 bit Build 22000 (10.0.22000.1516)
OS uptime: 3 days 14:41 hours

CPU:total 12 (initial active 12) (6 cores per cpu, 2 threads per core) family 6 model 158 stepping 10 microcode 0xde, cmov, cx8, fxsr, mmx, sse, sse2, sse3, ssse3, sse4.1, sse4.2, popcnt, avx, avx2, aes, clmul, erms, 3dnowpref, lzcnt, ht, tsc, tscinvbit, bmi1, bmi2, adx, fma

Memory: 4k page, system-wide physical 8009M (301M free)
TotalPageFile size 17225M (AvailPageFile size 6M)
current process WorkingSet (physical memory assigned to process): 335M, peak: 336M
current process commit charge ("private bytes"): 388M, peak: 389M

vm_info: OpenJDK 64-Bit Server VM (11.0.15+0-b2043.56-9505619) for windows-amd64 JRE (11.0.15+0-b2043.56-9505619), built on Jan 19 2023 02:48:00 by "builduser" with unknown MS VC++:1929

END.
