#
# There is insufficient memory for the Java Runtime Environment to continue.
# Native memory allocation (malloc) failed to allocate 1250256 bytes for Chunk::new
# Possible reasons:
#   The system is out of physical RAM or swap space
#   The process is running with CompressedOops enabled, and the Java Heap may be blocking the growth of the native heap
# Possible solutions:
#   Reduce memory load on the system
#   Increase physical memory or swap space
#   Check if swap backing store is full
#   Decrease Java heap size (-Xmx/-Xms)
#   Decrease number of Java threads
#   Decrease Java thread stack sizes (-Xss)
#   Set larger code cache with -XX:ReservedCodeCacheSize=
#   JVM is running with Unscaled Compressed Oops mode in which the Java heap is
#     placed in the first 4GB address space. The Java Heap base address is the
#     maximum limit for the native heap growth. Please use -XX:HeapBaseMinAddress
#     to set the Java Heap base and to place the Java Heap above 4GB virtual address.
# This output file may be truncated or incomplete.
#
#  Out of Memory Error (src/hotspot/share/memory/arena.cpp:197), pid=16340, tid=15728
#
# JRE version: OpenJDK Runtime Environment (11.0.15) (build 11.0.15+0-b2043.56-9505619)
# Java VM: OpenJDK 64-Bit Server VM (11.0.15+0-b2043.56-9505619, mixed mode, tiered, compressed oops, g1 gc, windows-amd64)
# No core dump will be written. Minidumps are not enabled by default on client versions of Windows
#

---------------  S U M M A R Y ------------

Command Line: --add-opens=java.base/java.util=ALL-UNNAMED --add-opens=java.base/java.lang=ALL-UNNAMED --add-opens=java.base/java.lang.invoke=ALL-UNNAMED --add-opens=java.base/java.util=ALL-UNNAMED --add-opens=java.prefs/java.util.prefs=ALL-UNNAMED --add-opens=java.prefs/java.util.prefs=ALL-UNNAMED --add-opens=java.base/java.nio.charset=ALL-UNNAMED --add-opens=java.base/java.net=ALL-UNNAMED --add-opens=java.base/java.util.concurrent.atomic=ALL-UNNAMED -Xmx2048m -Dfile.encoding=UTF-8 -Duser.country=US -Duser.language=en -Duser.variant org.gradle.launcher.daemon.bootstrap.GradleDaemon 7.5

Host: Intel(R) Core(TM) i7-8750H CPU @ 2.20GHz, 12 cores, 7G,  Windows 11 , 64 bit Build 22000 (10.0.22000.1516)
Time: Sun Mar 19 14:34:25 2023 SE Asia Standard Time elapsed time: 9.443900 seconds (0d 0h 0m 9s)

---------------  T H R E A D  ---------------

Current thread (0x000002acc299b000):  JavaThread "C2 CompilerThread0" daemon [_thread_in_native, id=15728, stack(0x000000c678e00000,0x000000c678f00000)]


Current CompileTask:
C2:   9443 7054 %     4       org.gradle.internal.instantiation.generator.AbstractClassGenerator::inspectType @ 107 (560 bytes)

Stack: [0x000000c678e00000,0x000000c678f00000]
Native frames: (J=compiled Java code, j=interpreted, Vv=VM code, C=native code)
V  [jvm.dll+0x64135a]
V  [jvm.dll+0x7d39f9]
V  [jvm.dll+0x7d51b9]
V  [jvm.dll+0x7d58a3]
V  [jvm.dll+0x2691c5]
V  [jvm.dll+0xc1a5c]
V  [jvm.dll+0xc200c]
V  [jvm.dll+0x377462]
V  [jvm.dll+0x1b3732]
V  [jvm.dll+0x22163e]
V  [jvm.dll+0x220498]
V  [jvm.dll+0x19e851]
V  [jvm.dll+0x230479]
V  [jvm.dll+0x22e5ef]
V  [jvm.dll+0x794de1]
V  [jvm.dll+0x78dc24]
V  [jvm.dll+0x6400f6]
C  [ucrtbase.dll+0x26c0c]
C  [KERNEL32.DLL+0x155a0]
C  [ntdll.dll+0x485b]


---------------  P R O C E S S  ---------------

Threads class SMR info:
_java_thread_list=0x000002acc9d5e370, length=167, elements={
0x000002aca60b3800, 0x000002acc2976000, 0x000002acc2977000, 0x000002acc2995800,
0x000002acc2996800, 0x000002acc299a000, 0x000002acc299b000, 0x000002acc32ed000,
0x000002acc32f2000, 0x000002acc345c800, 0x000002acc4baf000, 0x000002acc46df800,
0x000002acc4b40800, 0x000002acc4cae800, 0x000002acc4750000, 0x000002acc4782800,
0x000002acc4db1000, 0x000002acc4d23000, 0x000002acc4d7b800, 0x000002acc4b3c000,
0x000002acc4b3d000, 0x000002acc4b3d800, 0x000002acc4b3e800, 0x000002acc74e4000,
0x000002acc74e0800, 0x000002acc74e4800, 0x000002acc74df800, 0x000002acc74df000,
0x000002acc74e2000, 0x000002acc74e7000, 0x000002acc74e6000, 0x000002acc74e5800,
0x000002acc74e3000, 0x000002acc74e9800, 0x000002acc74ed800, 0x000002acc74ea800,
0x000002acc74e8000, 0x000002acc74eb000, 0x000002acc74ec000, 0x000002acc74ed000,
0x000002acc74e8800, 0x000002acc7efa000, 0x000002acc7efe000, 0x000002acc7eff800,
0x000002acc7f00800, 0x000002acc7eff000, 0x000002acc7efa800, 0x000002acc7f01000,
0x000002acc7efb800, 0x000002acc7f02000, 0x000002acc7efc800, 0x000002acc7f03000,
0x000002acc7efd000, 0x000002acc7f08000, 0x000002acc7f03800, 0x000002acc7f04800,
0x000002acc7f08800, 0x000002acc7f05800, 0x000002acc7f07000, 0x000002acc7f06000,
0x000002acc5633000, 0x000002acc5632800, 0x000002acc5634000, 0x000002acc562e800,
0x000002acc5635000, 0x000002acc562f000, 0x000002acc5635800, 0x000002acc5630000,
0x000002acc5631800, 0x000002acc5636800, 0x000002acc5630800, 0x000002acc5639800,
0x000002acc563c000, 0x000002acc5638000, 0x000002acc5639000, 0x000002acc563a800,
0x000002acc563d000, 0x000002acc563b800, 0x000002acc5637000, 0x000002acc7c21000,
0x000002acc7c22000, 0x000002acc7c1e800, 0x000002acc7c1e000, 0x000002acc7c20800,
0x000002acc7c23000, 0x000002acc7c1f800, 0x000002acc7c27000, 0x000002acc7c25800,
0x000002acc7c26000, 0x000002acc7c24800, 0x000002acc7c27800, 0x000002acc7c23800,
0x000002acc7c28800, 0x000002acc7c2c800, 0x000002acc7c2b000, 0x000002acc7c2c000,
0x000002acc7c29800, 0x000002acc7c2a000, 0x000002acc3645800, 0x000002acc3647000,
0x000002acc3646800, 0x000002acc3641800, 0x000002acc3645000, 0x000002acc3643000,
0x000002acc3648000, 0x000002acc3642800, 0x000002acc3649800, 0x000002acc3649000,
0x000002acc3644000, 0x000002acc364d000, 0x000002acc364e000, 0x000002acc3650000,
0x000002acc364e800, 0x000002acc364f800, 0x000002acc364b800, 0x000002acc364a800,
0x000002acc364c000, 0x000002acc7e29000, 0x000002acc7e28800, 0x000002acc7e26000,
0x000002acc7e2a000, 0x000002acc7e24800, 0x000002acc7e26800, 0x000002acc7e27800,
0x000002acc7e2b000, 0x000002acc7e25000, 0x000002acc7e2f800, 0x000002acc7e30800,
0x000002acc7e2f000, 0x000002acc7e31800, 0x000002acc7e2b800, 0x000002acc7e2c800,
0x000002acc7e2e000, 0x000002acc7e32000, 0x000002acc7e33000, 0x000002acc7e2d000,
0x000002acc7fad800, 0x000002acc7fac000, 0x000002acc7fb0000, 0x000002acc7fb2800,
0x000002acc7fac800, 0x000002acc7fb1000, 0x000002acc7fae800, 0x000002acc7fb4000,
0x000002acc7fb1800, 0x000002acc7fb3000, 0x000002acc7faf000, 0x000002acc7fb8000,
0x000002acc7fba000, 0x000002acc7fb9000, 0x000002acc7fba800, 0x000002acc7fb5000,
0x000002acc7fb6800, 0x000002acc7fb7800, 0x000002acc7fb5800, 0x000002acc75c9800,
0x000002acc75c4000, 0x000002acc75c8800, 0x000002acc75ca800, 0x000002acc75c4800,
0x000002acc75c6800, 0x000002acc75cb000, 0x000002acc75c5800, 0x000002acc75cc000,
0x000002acc75cd000, 0x000002acc75c7000, 0x000002acc75cd800
}

Java Threads: ( => current thread )
  0x000002aca60b3800 JavaThread "main" [_thread_blocked, id=5172, stack(0x000000c678200000,0x000000c678300000)]
  0x000002acc2976000 JavaThread "Reference Handler" daemon [_thread_blocked, id=7092, stack(0x000000c678900000,0x000000c678a00000)]
  0x000002acc2977000 JavaThread "Finalizer" daemon [_thread_blocked, id=15476, stack(0x000000c678a00000,0x000000c678b00000)]
  0x000002acc2995800 JavaThread "Signal Dispatcher" daemon [_thread_blocked, id=18860, stack(0x000000c678b00000,0x000000c678c00000)]
  0x000002acc2996800 JavaThread "Attach Listener" daemon [_thread_blocked, id=7792, stack(0x000000c678c00000,0x000000c678d00000)]
  0x000002acc299a000 JavaThread "Service Thread" daemon [_thread_blocked, id=15944, stack(0x000000c678d00000,0x000000c678e00000)]
=>0x000002acc299b000 JavaThread "C2 CompilerThread0" daemon [_thread_in_native, id=15728, stack(0x000000c678e00000,0x000000c678f00000)]
  0x000002acc32ed000 JavaThread "C1 CompilerThread0" daemon [_thread_in_native, id=10340, stack(0x000000c678f00000,0x000000c679000000)]
  0x000002acc32f2000 JavaThread "Sweeper thread" daemon [_thread_blocked, id=14944, stack(0x000000c679000000,0x000000c679100000)]
  0x000002acc345c800 JavaThread "Common-Cleaner" daemon [_thread_blocked, id=15456, stack(0x000000c679100000,0x000000c679200000)]
  0x000002acc4baf000 JavaThread "Daemon health stats" [_thread_blocked, id=13440, stack(0x000000c679500000,0x000000c679600000)]
  0x000002acc46df800 JavaThread "Incoming local TCP Connector on port 9362" [_thread_in_native, id=17792, stack(0x000000c679600000,0x000000c679700000)]
  0x000002acc4b40800 JavaThread "Daemon periodic checks" [_thread_blocked, id=12472, stack(0x000000c679700000,0x000000c679800000)]
  0x000002acc4cae800 JavaThread "Daemon" [_thread_blocked, id=14124, stack(0x000000c679800000,0x000000c679900000)]
  0x000002acc4750000 JavaThread "Handler for socket connection from /127.0.0.1:9362 to /127.0.0.1:9363" [_thread_in_native, id=1764, stack(0x000000c679900000,0x000000c679a00000)]
  0x000002acc4782800 JavaThread "Cancel handler" [_thread_blocked, id=19160, stack(0x000000c679a00000,0x000000c679b00000)]
  0x000002acc4db1000 JavaThread "Daemon worker" [_thread_in_vm, id=16112, stack(0x000000c679b00000,0x000000c679c00000)]
  0x000002acc4d23000 JavaThread "Asynchronous log dispatcher for DefaultDaemonConnection: socket connection from /127.0.0.1:9362 to /127.0.0.1:9363" [_thread_blocked, id=3236, stack(0x000000c679c00000,0x000000c679d00000)]
  0x000002acc4d7b800 JavaThread "Stdin handler" [_thread_blocked, id=11704, stack(0x000000c679d00000,0x000000c679e00000)]
  0x000002acc4b3c000 JavaThread "Daemon client event forwarder" [_thread_blocked, id=17096, stack(0x000000c679e00000,0x000000c679f00000)]
  0x000002acc4b3d000 JavaThread "Cache worker for journal cache (C:\Users\PC\.gradle\caches\journal-1)" [_thread_blocked, id=9200, stack(0x000000c679f00000,0x000000c67a000000)]
  0x000002acc4b3d800 JavaThread "File lock request listener" [_thread_in_native, id=11944, stack(0x000000c67a800000,0x000000c67a900000)]
  0x000002acc4b3e800 JavaThread "Cache worker for file hash cache (C:\Users\PC\.gradle\caches\7.5\fileHashes)" [_thread_blocked, id=3208, stack(0x000000c67a900000,0x000000c67aa00000)]
  0x000002acc74e4000 JavaThread "File watcher server" daemon [_thread_in_native, id=7556, stack(0x000000c67ac00000,0x000000c67ad00000)]
  0x000002acc74e0800 JavaThread "File watcher consumer" daemon [_thread_blocked, id=16180, stack(0x000000c67ad00000,0x000000c67ae00000)]
  0x000002acc74e4800 JavaThread "Cache worker for checksums cache (D:\FPTPolytechnic\PRO1121_DuAn1\DemoDbImage\.gradle\7.5\checksums)" [_thread_blocked, id=8772, stack(0x000000c67ae00000,0x000000c67af00000)]
  0x000002acc74df800 JavaThread "Cache worker for cache directory md-rule (C:\Users\PC\.gradle\caches\7.5\md-rule)" [_thread_blocked, id=13920, stack(0x000000c67af00000,0x000000c67b000000)]
  0x000002acc74df000 JavaThread "Cache worker for file content cache (C:\Users\PC\.gradle\caches\7.5\fileContent)" [_thread_blocked, id=6812, stack(0x000000c67b000000,0x000000c67b100000)]
  0x000002acc74e2000 JavaThread "Cache worker for file hash cache (D:\FPTPolytechnic\PRO1121_DuAn1\DemoDbImage\.gradle\7.5\fileHashes)" [_thread_blocked, id=4864, stack(0x000000c67b100000,0x000000c67b200000)]
  0x000002acc74e7000 JavaThread "Cache worker for cache directory md-supplier (C:\Users\PC\.gradle\caches\7.5\md-supplier)" [_thread_blocked, id=788, stack(0x000000c67b200000,0x000000c67b300000)]
  0x000002acc74e6000 JavaThread "Cache worker for execution history cache (C:\Users\PC\.gradle\caches\7.5\executionHistory)" [_thread_blocked, id=10820, stack(0x000000c67b300000,0x000000c67b400000)]
  0x000002acc74e5800 JavaThread "jar transforms" [_thread_blocked, id=1268, stack(0x000000c67b400000,0x000000c67b500000)]
  0x000002acc74e3000 JavaThread "jar transforms Thread 2" [_thread_blocked, id=18648, stack(0x000000c67b500000,0x000000c67b600000)]
  0x000002acc74e9800 JavaThread "jar transforms Thread 3" [_thread_blocked, id=15676, stack(0x000000c67b600000,0x000000c67b700000)]
  0x000002acc74ed800 JavaThread "jar transforms Thread 4" [_thread_blocked, id=2412, stack(0x000000c67b700000,0x000000c67b800000)]
  0x000002acc74ea800 JavaThread "Cache worker for dependencies-accessors (D:\FPTPolytechnic\PRO1121_DuAn1\DemoDbImage\.gradle\7.5\dependencies-accessors)" [_thread_blocked, id=10052, stack(0x000000c67b800000,0x000000c67b900000)]
  0x000002acc74e8000 JavaThread "jar transforms Thread 5" [_thread_blocked, id=15256, stack(0x000000c67b900000,0x000000c67ba00000)]
  0x000002acc74eb000 JavaThread "Cache worker for Build Output Cleanup Cache (D:\FPTPolytechnic\PRO1121_DuAn1\DemoDbImage\.gradle\buildOutputCleanup)" [_thread_blocked, id=2472, stack(0x000000c67ba00000,0x000000c67bb00000)]
  0x000002acc74ec000 JavaThread "Unconstrained build operations" [_thread_blocked, id=15820, stack(0x000000c67bb00000,0x000000c67bc00000)]
  0x000002acc74ed000 JavaThread "Unconstrained build operations Thread 2" [_thread_blocked, id=9692, stack(0x000000c67bc00000,0x000000c67bd00000)]
  0x000002acc74e8800 JavaThread "Unconstrained build operations Thread 3" [_thread_blocked, id=16768, stack(0x000000c67bd00000,0x000000c67be00000)]
  0x000002acc7efa000 JavaThread "Unconstrained build operations Thread 4" [_thread_blocked, id=16288, stack(0x000000c67be00000,0x000000c67bf00000)]
  0x000002acc7efe000 JavaThread "Unconstrained build operations Thread 5" [_thread_blocked, id=4932, stack(0x000000c67bf00000,0x000000c67c000000)]
  0x000002acc7eff800 JavaThread "Unconstrained build operations Thread 6" [_thread_blocked, id=2060, stack(0x000000c67c000000,0x000000c67c100000)]
  0x000002acc7f00800 JavaThread "Unconstrained build operations Thread 7" [_thread_blocked, id=15444, stack(0x000000c67c100000,0x000000c67c200000)]
  0x000002acc7eff000 JavaThread "Unconstrained build operations Thread 8" [_thread_blocked, id=8476, stack(0x000000c67c200000,0x000000c67c300000)]
  0x000002acc7efa800 JavaThread "Unconstrained build operations Thread 9" [_thread_blocked, id=14396, stack(0x000000c67c300000,0x000000c67c400000)]
  0x000002acc7f01000 JavaThread "Unconstrained build operations Thread 10" [_thread_blocked, id=19260, stack(0x000000c67c400000,0x000000c67c500000)]
  0x000002acc7efb800 JavaThread "Unconstrained build operations Thread 11" [_thread_blocked, id=16148, stack(0x000000c67c500000,0x000000c67c600000)]
  0x000002acc7f02000 JavaThread "Unconstrained build operations Thread 12" [_thread_blocked, id=7136, stack(0x000000c67c600000,0x000000c67c700000)]
  0x000002acc7efc800 JavaThread "Unconstrained build operations Thread 13" [_thread_blocked, id=9744, stack(0x000000c67c700000,0x000000c67c800000)]
  0x000002acc7f03000 JavaThread "Unconstrained build operations Thread 14" [_thread_blocked, id=15744, stack(0x000000c67c800000,0x000000c67c900000)]
  0x000002acc7efd000 JavaThread "Unconstrained build operations Thread 15" [_thread_blocked, id=16276, stack(0x000000c67c900000,0x000000c67ca00000)]
  0x000002acc7f08000 JavaThread "Unconstrained build operations Thread 16" [_thread_blocked, id=6616, stack(0x000000c67ca00000,0x000000c67cb00000)]
  0x000002acc7f03800 JavaThread "Unconstrained build operations Thread 17" [_thread_blocked, id=1440, stack(0x000000c67cb00000,0x000000c67cc00000)]
  0x000002acc7f04800 JavaThread "Unconstrained build operations Thread 18" [_thread_blocked, id=1968, stack(0x000000c67cc00000,0x000000c67cd00000)]
  0x000002acc7f08800 JavaThread "Unconstrained build operations Thread 19" [_thread_blocked, id=3096, stack(0x000000c67cd00000,0x000000c67ce00000)]
  0x000002acc7f05800 JavaThread "Unconstrained build operations Thread 20" [_thread_blocked, id=11980, stack(0x000000c67ce00000,0x000000c67cf00000)]
  0x000002acc7f07000 JavaThread "Unconstrained build operations Thread 21" [_thread_blocked, id=8916, stack(0x000000c67cf00000,0x000000c67d000000)]
  0x000002acc7f06000 JavaThread "Unconstrained build operations Thread 22" [_thread_blocked, id=12576, stack(0x000000c67d000000,0x000000c67d100000)]
  0x000002acc5633000 JavaThread "Unconstrained build operations Thread 23" [_thread_blocked, id=16200, stack(0x000000c67d100000,0x000000c67d200000)]
  0x000002acc5632800 JavaThread "Unconstrained build operations Thread 24" [_thread_blocked, id=8424, stack(0x000000c67d200000,0x000000c67d300000)]
  0x000002acc5634000 JavaThread "Unconstrained build operations Thread 25" [_thread_blocked, id=16888, stack(0x000000c67d300000,0x000000c67d400000)]
  0x000002acc562e800 JavaThread "Unconstrained build operations Thread 26" [_thread_blocked, id=7080, stack(0x000000c67d400000,0x000000c67d500000)]
  0x000002acc5635000 JavaThread "Unconstrained build operations Thread 27" [_thread_blocked, id=720, stack(0x000000c67d500000,0x000000c67d600000)]
  0x000002acc562f000 JavaThread "Unconstrained build operations Thread 28" [_thread_blocked, id=11456, stack(0x000000c67d600000,0x000000c67d700000)]
  0x000002acc5635800 JavaThread "Unconstrained build operations Thread 29" [_thread_blocked, id=14340, stack(0x000000c67d700000,0x000000c67d800000)]
  0x000002acc5630000 JavaThread "Unconstrained build operations Thread 30" [_thread_blocked, id=10112, stack(0x000000c67d800000,0x000000c67d900000)]
  0x000002acc5631800 JavaThread "Unconstrained build operations Thread 31" [_thread_blocked, id=7440, stack(0x000000c67d900000,0x000000c67da00000)]
  0x000002acc5636800 JavaThread "Unconstrained build operations Thread 32" [_thread_blocked, id=5684, stack(0x000000c67da00000,0x000000c67db00000)]
  0x000002acc5630800 JavaThread "Unconstrained build operations Thread 33" [_thread_blocked, id=9868, stack(0x000000c67db00000,0x000000c67dc00000)]
  0x000002acc5639800 JavaThread "Unconstrained build operations Thread 34" [_thread_blocked, id=5996, stack(0x000000c67dc00000,0x000000c67dd00000)]
  0x000002acc563c000 JavaThread "Unconstrained build operations Thread 35" [_thread_blocked, id=2364, stack(0x000000c67dd00000,0x000000c67de00000)]
  0x000002acc5638000 JavaThread "Unconstrained build operations Thread 36" [_thread_blocked, id=6840, stack(0x000000c67de00000,0x000000c67df00000)]
  0x000002acc5639000 JavaThread "Unconstrained build operations Thread 37" [_thread_blocked, id=19096, stack(0x000000c67df00000,0x000000c67e000000)]
  0x000002acc563a800 JavaThread "Unconstrained build operations Thread 38" [_thread_blocked, id=7956, stack(0x000000c67e000000,0x000000c67e100000)]
  0x000002acc563d000 JavaThread "Unconstrained build operations Thread 39" [_thread_blocked, id=10648, stack(0x000000c67e100000,0x000000c67e200000)]
  0x000002acc563b800 JavaThread "Unconstrained build operations Thread 40" [_thread_blocked, id=17348, stack(0x000000c67e200000,0x000000c67e300000)]
  0x000002acc5637000 JavaThread "Unconstrained build operations Thread 41" [_thread_blocked, id=932, stack(0x000000c67e300000,0x000000c67e400000)]
  0x000002acc7c21000 JavaThread "Unconstrained build operations Thread 42" [_thread_blocked, id=17412, stack(0x000000c67e400000,0x000000c67e500000)]
  0x000002acc7c22000 JavaThread "Unconstrained build operations Thread 43" [_thread_blocked, id=11292, stack(0x000000c67e500000,0x000000c67e600000)]
  0x000002acc7c1e800 JavaThread "Unconstrained build operations Thread 44" [_thread_blocked, id=8440, stack(0x000000c67e600000,0x000000c67e700000)]
  0x000002acc7c1e000 JavaThread "Unconstrained build operations Thread 45" [_thread_blocked, id=18584, stack(0x000000c67e700000,0x000000c67e800000)]
  0x000002acc7c20800 JavaThread "Unconstrained build operations Thread 46" [_thread_blocked, id=12908, stack(0x000000c67e800000,0x000000c67e900000)]
  0x000002acc7c23000 JavaThread "Unconstrained build operations Thread 47" [_thread_blocked, id=5636, stack(0x000000c67e900000,0x000000c67ea00000)]
  0x000002acc7c1f800 JavaThread "Unconstrained build operations Thread 48" [_thread_blocked, id=12516, stack(0x000000c67ea00000,0x000000c67eb00000)]
  0x000002acc7c27000 JavaThread "Unconstrained build operations Thread 49" [_thread_blocked, id=940, stack(0x000000c67eb00000,0x000000c67ec00000)]
  0x000002acc7c25800 JavaThread "Unconstrained build operations Thread 50" [_thread_blocked, id=6200, stack(0x000000c67ec00000,0x000000c67ed00000)]
  0x000002acc7c26000 JavaThread "Unconstrained build operations Thread 51" [_thread_blocked, id=5228, stack(0x000000c67ed00000,0x000000c67ee00000)]
  0x000002acc7c24800 JavaThread "Unconstrained build operations Thread 52" [_thread_blocked, id=7732, stack(0x000000c67ee00000,0x000000c67ef00000)]
  0x000002acc7c27800 JavaThread "Unconstrained build operations Thread 53" [_thread_blocked, id=13552, stack(0x000000c67ef00000,0x000000c67f000000)]
  0x000002acc7c23800 JavaThread "Unconstrained build operations Thread 54" [_thread_blocked, id=9996, stack(0x000000c67f000000,0x000000c67f100000)]
  0x000002acc7c28800 JavaThread "Unconstrained build operations Thread 55" [_thread_blocked, id=2208, stack(0x000000c67f100000,0x000000c67f200000)]
  0x000002acc7c2c800 JavaThread "Unconstrained build operations Thread 56" [_thread_blocked, id=12016, stack(0x000000c67f200000,0x000000c67f300000)]
  0x000002acc7c2b000 JavaThread "Unconstrained build operations Thread 57" [_thread_blocked, id=10976, stack(0x000000c67f300000,0x000000c67f400000)]
  0x000002acc7c2c000 JavaThread "Unconstrained build operations Thread 58" [_thread_blocked, id=17960, stack(0x000000c67f400000,0x000000c67f500000)]
  0x000002acc7c29800 JavaThread "Unconstrained build operations Thread 59" [_thread_blocked, id=14848, stack(0x000000c67f500000,0x000000c67f600000)]
  0x000002acc7c2a000 JavaThread "Unconstrained build operations Thread 60" [_thread_blocked, id=4524, stack(0x000000c67f600000,0x000000c67f700000)]
  0x000002acc3645800 JavaThread "Unconstrained build operations Thread 61" [_thread_blocked, id=9076, stack(0x000000c67f700000,0x000000c67f800000)]
  0x000002acc3647000 JavaThread "Unconstrained build operations Thread 62" [_thread_blocked, id=1780, stack(0x000000c67f800000,0x000000c67f900000)]
  0x000002acc3646800 JavaThread "Unconstrained build operations Thread 63" [_thread_blocked, id=12132, stack(0x000000c67f900000,0x000000c67fa00000)]
  0x000002acc3641800 JavaThread "Unconstrained build operations Thread 64" [_thread_blocked, id=8240, stack(0x000000c67fa00000,0x000000c67fb00000)]
  0x000002acc3645000 JavaThread "Unconstrained build operations Thread 65" [_thread_blocked, id=6800, stack(0x000000c67fb00000,0x000000c67fc00000)]
  0x000002acc3643000 JavaThread "Unconstrained build operations Thread 66" [_thread_blocked, id=6356, stack(0x000000c67fc00000,0x000000c67fd00000)]
  0x000002acc3648000 JavaThread "Unconstrained build operations Thread 67" [_thread_blocked, id=15324, stack(0x000000c67fd00000,0x000000c67fe00000)]
  0x000002acc3642800 JavaThread "Unconstrained build operations Thread 68" [_thread_blocked, id=4440, stack(0x000000c67fe00000,0x000000c67ff00000)]
  0x000002acc3649800 JavaThread "Unconstrained build operations Thread 69" [_thread_blocked, id=14584, stack(0x000000c67ff00000,0x000000c680000000)]
  0x000002acc3649000 JavaThread "Unconstrained build operations Thread 70" [_thread_blocked, id=9204, stack(0x000000c600000000,0x000000c600100000)]
  0x000002acc3644000 JavaThread "Unconstrained build operations Thread 71" [_thread_blocked, id=13584, stack(0x000000c600100000,0x000000c600200000)]
  0x000002acc364d000 JavaThread "Unconstrained build operations Thread 72" [_thread_blocked, id=15792, stack(0x000000c600200000,0x000000c600300000)]
  0x000002acc364e000 JavaThread "Unconstrained build operations Thread 73" [_thread_blocked, id=3488, stack(0x000000c600300000,0x000000c600400000)]
  0x000002acc3650000 JavaThread "Unconstrained build operations Thread 74" [_thread_blocked, id=12812, stack(0x000000c600400000,0x000000c600500000)]
  0x000002acc364e800 JavaThread "Unconstrained build operations Thread 75" [_thread_blocked, id=4736, stack(0x000000c600500000,0x000000c600600000)]
  0x000002acc364f800 JavaThread "Unconstrained build operations Thread 76" [_thread_blocked, id=4608, stack(0x000000c600600000,0x000000c600700000)]
  0x000002acc364b800 JavaThread "Unconstrained build operations Thread 77" [_thread_blocked, id=15264, stack(0x000000c600700000,0x000000c600800000)]
  0x000002acc364a800 JavaThread "Unconstrained build operations Thread 78" [_thread_blocked, id=15500, stack(0x000000c600800000,0x000000c600900000)]
  0x000002acc364c000 JavaThread "Unconstrained build operations Thread 79" [_thread_blocked, id=1692, stack(0x000000c600900000,0x000000c600a00000)]
  0x000002acc7e29000 JavaThread "Unconstrained build operations Thread 80" [_thread_blocked, id=3752, stack(0x000000c600a00000,0x000000c600b00000)]
  0x000002acc7e28800 JavaThread "Unconstrained build operations Thread 81" [_thread_blocked, id=9892, stack(0x000000c600b00000,0x000000c600c00000)]
  0x000002acc7e26000 JavaThread "Unconstrained build operations Thread 82" [_thread_blocked, id=7524, stack(0x000000c600c00000,0x000000c600d00000)]
  0x000002acc7e2a000 JavaThread "Unconstrained build operations Thread 83" [_thread_blocked, id=10664, stack(0x000000c600d00000,0x000000c600e00000)]
  0x000002acc7e24800 JavaThread "Unconstrained build operations Thread 84" [_thread_blocked, id=11436, stack(0x000000c600e00000,0x000000c600f00000)]
  0x000002acc7e26800 JavaThread "Unconstrained build operations Thread 85" [_thread_blocked, id=6844, stack(0x000000c600f00000,0x000000c601000000)]
  0x000002acc7e27800 JavaThread "Unconstrained build operations Thread 86" [_thread_blocked, id=8388, stack(0x000000c601000000,0x000000c601100000)]
  0x000002acc7e2b000 JavaThread "Unconstrained build operations Thread 87" [_thread_blocked, id=18360, stack(0x000000c601100000,0x000000c601200000)]
  0x000002acc7e25000 JavaThread "Unconstrained build operations Thread 88" [_thread_blocked, id=14564, stack(0x000000c601200000,0x000000c601300000)]
  0x000002acc7e2f800 JavaThread "Unconstrained build operations Thread 89" [_thread_blocked, id=10796, stack(0x000000c601300000,0x000000c601400000)]
  0x000002acc7e30800 JavaThread "Unconstrained build operations Thread 90" [_thread_blocked, id=12348, stack(0x000000c601400000,0x000000c601500000)]
  0x000002acc7e2f000 JavaThread "Unconstrained build operations Thread 91" [_thread_blocked, id=18636, stack(0x000000c601500000,0x000000c601600000)]
  0x000002acc7e31800 JavaThread "Unconstrained build operations Thread 92" [_thread_blocked, id=18524, stack(0x000000c601600000,0x000000c601700000)]
  0x000002acc7e2b800 JavaThread "Unconstrained build operations Thread 93" [_thread_blocked, id=16020, stack(0x000000c601700000,0x000000c601800000)]
  0x000002acc7e2c800 JavaThread "Unconstrained build operations Thread 94" [_thread_blocked, id=7572, stack(0x000000c601800000,0x000000c601900000)]
  0x000002acc7e2e000 JavaThread "Unconstrained build operations Thread 95" [_thread_blocked, id=18040, stack(0x000000c601900000,0x000000c601a00000)]
  0x000002acc7e32000 JavaThread "Unconstrained build operations Thread 96" [_thread_blocked, id=18428, stack(0x000000c601a00000,0x000000c601b00000)]
  0x000002acc7e33000 JavaThread "Unconstrained build operations Thread 97" [_thread_blocked, id=13504, stack(0x000000c601b00000,0x000000c601c00000)]
  0x000002acc7e2d000 JavaThread "Unconstrained build operations Thread 98" [_thread_blocked, id=16864, stack(0x000000c601c00000,0x000000c601d00000)]
  0x000002acc7fad800 JavaThread "Unconstrained build operations Thread 99" [_thread_blocked, id=9596, stack(0x000000c601d00000,0x000000c601e00000)]
  0x000002acc7fac000 JavaThread "Unconstrained build operations Thread 100" [_thread_blocked, id=1404, stack(0x000000c601e00000,0x000000c601f00000)]
  0x000002acc7fb0000 JavaThread "Unconstrained build operations Thread 101" [_thread_blocked, id=13908, stack(0x000000c601f00000,0x000000c602000000)]
  0x000002acc7fb2800 JavaThread "Unconstrained build operations Thread 102" [_thread_blocked, id=7932, stack(0x000000c602000000,0x000000c602100000)]
  0x000002acc7fac800 JavaThread "Unconstrained build operations Thread 103" [_thread_blocked, id=1012, stack(0x000000c602100000,0x000000c602200000)]
  0x000002acc7fb1000 JavaThread "Unconstrained build operations Thread 104" [_thread_blocked, id=2512, stack(0x000000c602200000,0x000000c602300000)]
  0x000002acc7fae800 JavaThread "Unconstrained build operations Thread 105" [_thread_blocked, id=15852, stack(0x000000c602300000,0x000000c602400000)]
  0x000002acc7fb4000 JavaThread "Unconstrained build operations Thread 106" [_thread_blocked, id=15952, stack(0x000000c602400000,0x000000c602500000)]
  0x000002acc7fb1800 JavaThread "Unconstrained build operations Thread 107" [_thread_blocked, id=15296, stack(0x000000c602500000,0x000000c602600000)]
  0x000002acc7fb3000 JavaThread "Unconstrained build operations Thread 108" [_thread_blocked, id=10208, stack(0x000000c602600000,0x000000c602700000)]
  0x000002acc7faf000 JavaThread "Unconstrained build operations Thread 109" [_thread_blocked, id=12832, stack(0x000000c602700000,0x000000c602800000)]
  0x000002acc7fb8000 JavaThread "Unconstrained build operations Thread 110" [_thread_blocked, id=1256, stack(0x000000c602800000,0x000000c602900000)]
  0x000002acc7fba000 JavaThread "Unconstrained build operations Thread 111" [_thread_blocked, id=6320, stack(0x000000c602900000,0x000000c602a00000)]
  0x000002acc7fb9000 JavaThread "Unconstrained build operations Thread 112" [_thread_blocked, id=1684, stack(0x000000c602a00000,0x000000c602b00000)]
  0x000002acc7fba800 JavaThread "Unconstrained build operations Thread 113" [_thread_blocked, id=5388, stack(0x000000c602b00000,0x000000c602c00000)]
  0x000002acc7fb5000 JavaThread "Unconstrained build operations Thread 114" [_thread_blocked, id=8016, stack(0x000000c602c00000,0x000000c602d00000)]
  0x000002acc7fb6800 JavaThread "Unconstrained build operations Thread 115" [_thread_blocked, id=15984, stack(0x000000c602d00000,0x000000c602e00000)]
  0x000002acc7fb7800 JavaThread "Unconstrained build operations Thread 116" [_thread_blocked, id=19396, stack(0x000000c602e00000,0x000000c602f00000)]
  0x000002acc7fb5800 JavaThread "Unconstrained build operations Thread 117" [_thread_blocked, id=15948, stack(0x000000c602f00000,0x000000c603000000)]
  0x000002acc75c9800 JavaThread "Unconstrained build operations Thread 118" [_thread_blocked, id=16244, stack(0x000000c603000000,0x000000c603100000)]
  0x000002acc75c4000 JavaThread "Unconstrained build operations Thread 119" [_thread_blocked, id=3932, stack(0x000000c603100000,0x000000c603200000)]
  0x000002acc75c8800 JavaThread "Unconstrained build operations Thread 120" [_thread_blocked, id=9108, stack(0x000000c603200000,0x000000c603300000)]
  0x000002acc75ca800 JavaThread "jar transforms Thread 6" [_thread_blocked, id=768, stack(0x000000c603300000,0x000000c603400000)]
  0x000002acc75c4800 JavaThread "jar transforms Thread 7" [_thread_blocked, id=3732, stack(0x000000c603400000,0x000000c603500000)]
  0x000002acc75c6800 JavaThread "jar transforms Thread 8" [_thread_blocked, id=19304, stack(0x000000c603500000,0x000000c603600000)]
  0x000002acc75cb000 JavaThread "jar transforms Thread 9" [_thread_blocked, id=14296, stack(0x000000c603600000,0x000000c603700000)]
  0x000002acc75c5800 JavaThread "jar transforms Thread 10" [_thread_blocked, id=4084, stack(0x000000c603700000,0x000000c603800000)]
  0x000002acc75cc000 JavaThread "jar transforms Thread 11" [_thread_blocked, id=4968, stack(0x000000c603800000,0x000000c603900000)]
  0x000002acc75cd000 JavaThread "jar transforms Thread 12" [_thread_blocked, id=18452, stack(0x000000c603900000,0x000000c603a00000)]
  0x000002acc75c7000 JavaThread "build event listener" [_thread_blocked, id=1652, stack(0x000000c603a00000,0x000000c603b00000)]
  0x000002acc75cd800 JavaThread "Memory manager" [_thread_blocked, id=10980, stack(0x000000c603b00000,0x000000c603c00000)]

Other Threads:
  0x000002acc2971000 VMThread "VM Thread" [stack: 0x000000c678800000,0x000000c678900000] [id=18136]
  0x000002acc346e800 WatcherThread [stack: 0x000000c679200000,0x000000c679300000] [id=592]
  0x000002aca60ce000 GCTaskThread "GC Thread#0" [stack: 0x000000c678300000,0x000000c678400000] [id=8816]
  0x000002acc43cb800 GCTaskThread "GC Thread#1" [stack: 0x000000c679300000,0x000000c679400000] [id=11856]
  0x000002acc4386000 GCTaskThread "GC Thread#2" [stack: 0x000000c679400000,0x000000c679500000] [id=18068]
  0x000002acc5327800 GCTaskThread "GC Thread#3" [stack: 0x000000c67a000000,0x000000c67a100000] [id=18344]
  0x000002acc529f000 GCTaskThread "GC Thread#4" [stack: 0x000000c67a100000,0x000000c67a200000] [id=11580]
  0x000002acc5355000 GCTaskThread "GC Thread#5" [stack: 0x000000c67a200000,0x000000c67a300000] [id=19116]
  0x000002acc5238000 GCTaskThread "GC Thread#6" [stack: 0x000000c67a300000,0x000000c67a400000] [id=7920]
  0x000002acc55e4000 GCTaskThread "GC Thread#7" [stack: 0x000000c67a400000,0x000000c67a500000] [id=3168]
  0x000002acc55e5000 GCTaskThread "GC Thread#8" [stack: 0x000000c67a500000,0x000000c67a600000] [id=7484]
  0x000002acc55e5800 GCTaskThread "GC Thread#9" [stack: 0x000000c67a600000,0x000000c67a700000] [id=9608]
  0x000002aca6101800 ConcurrentGCThread "G1 Main Marker" [stack: 0x000000c678400000,0x000000c678500000] [id=8844]
  0x000002aca6103800 ConcurrentGCThread "G1 Conc#0" [stack: 0x000000c678500000,0x000000c678600000] [id=3692]
  0x000002acc587b000 ConcurrentGCThread "G1 Conc#1" [stack: 0x000000c67aa00000,0x000000c67ab00000] [id=17252]
  0x000002acc55a7000 ConcurrentGCThread "G1 Conc#2" [stack: 0x000000c67ab00000,0x000000c67ac00000] [id=14376]
  0x000002aca618e000 ConcurrentGCThread "G1 Refine#0" [stack: 0x000000c678600000,0x000000c678700000] [id=15804]
  0x000002acc5334800 ConcurrentGCThread "G1 Refine#1" [stack: 0x000000c67a700000,0x000000c67a800000] [id=6784]
  0x000002acc27c4800 ConcurrentGCThread "G1 Young RemSet Sampling" [stack: 0x000000c678700000,0x000000c678800000] [id=1516]

Threads with active compile tasks:
C2 CompilerThread0     9494 7054 %     4       org.gradle.internal.instantiation.generator.AbstractClassGenerator::inspectType @ 107 (560 bytes)
C1 CompilerThread0     9494 7426       2       com.sun.xml.bind.v2.model.annotation.RuntimeInlineAnnotationReader::getClassAnnotation (10 bytes)

VM state:not at safepoint (normal execution)

VM Mutex/Monitor currently owned by a thread:  ([mutex/lock_event])
[0x000002aca60b0af0] CodeCache_lock - owner thread: 0x0000000000000000

Heap address: 0x0000000080000000, size: 2048 MB, Compressed Oops mode: 32-bit
Narrow klass base: 0x0000000000000000, Narrow klass shift: 3
Compressed class space size: 1073741824 Address: 0x0000000100000000

Heap:
 garbage-first heap   total 129024K, used 67843K [0x0000000080000000, 0x0000000100000000)
  region size 1024K, 14 young (14336K), 5 survivors (5120K)
 Metaspace       used 77278K, capacity 79190K, committed 79440K, reserved 1118208K
  class space    used 10111K, capacity 10867K, committed 10956K, reserved 1048576K
Heap Regions: E=young(eden), S=young(survivor), O=old, HS=humongous(starts), HC=humongous(continues), CS=collection set, F=free, A=archive, TAMS=top-at-mark-start (previous, next)
|   0|0x0000000080000000, 0x0000000080100000, 0x0000000080100000|100%| O|  |TAMS 0x0000000080100000, 0x0000000080000000| Untracked 
|   1|0x0000000080100000, 0x0000000080200000, 0x0000000080200000|100%| O|  |TAMS 0x0000000080200000, 0x0000000080100000| Untracked 
|   2|0x0000000080200000, 0x0000000080300000, 0x0000000080300000|100%| O|  |TAMS 0x0000000080300000, 0x0000000080200000| Untracked 
|   3|0x0000000080300000, 0x0000000080400000, 0x0000000080400000|100%|HS|  |TAMS 0x0000000080400000, 0x0000000080300000| Complete 
|   4|0x0000000080400000, 0x0000000080500000, 0x0000000080500000|100%|HC|  |TAMS 0x0000000080500000, 0x0000000080400000| Complete 
|   5|0x0000000080500000, 0x0000000080600000, 0x0000000080600000|100%|HC|  |TAMS 0x0000000080600000, 0x0000000080500000| Complete 
|   6|0x0000000080600000, 0x0000000080700000, 0x0000000080700000|100%| O|  |TAMS 0x0000000080700000, 0x0000000080600000| Untracked 
|   7|0x0000000080700000, 0x0000000080800000, 0x0000000080800000|100%| O|  |TAMS 0x0000000080800000, 0x0000000080700000| Untracked 
|   8|0x0000000080800000, 0x0000000080900000, 0x0000000080900000|100%| O|  |TAMS 0x0000000080900000, 0x0000000080800000| Untracked 
|   9|0x0000000080900000, 0x0000000080a00000, 0x0000000080a00000|100%| O|  |TAMS 0x0000000080a00000, 0x0000000080900000| Untracked 
|  10|0x0000000080a00000, 0x0000000080b00000, 0x0000000080b00000|100%| O|  |TAMS 0x0000000080b00000, 0x0000000080a00000| Untracked 
|  11|0x0000000080b00000, 0x0000000080c00000, 0x0000000080c00000|100%| O|  |TAMS 0x0000000080c00000, 0x0000000080b00000| Untracked 
|  12|0x0000000080c00000, 0x0000000080d00000, 0x0000000080d00000|100%| O|  |TAMS 0x0000000080d00000, 0x0000000080c00000| Untracked 
|  13|0x0000000080d00000, 0x0000000080e00000, 0x0000000080e00000|100%| O|  |TAMS 0x0000000080e00000, 0x0000000080d00000| Untracked 
|  14|0x0000000080e00000, 0x0000000080f00000, 0x0000000080f00000|100%| O|  |TAMS 0x0000000080f00000, 0x0000000080e00000| Untracked 
|  15|0x0000000080f00000, 0x0000000081000000, 0x0000000081000000|100%| O|  |TAMS 0x0000000081000000, 0x0000000080f00000| Untracked 
|  16|0x0000000081000000, 0x0000000081100000, 0x0000000081100000|100%| O|  |TAMS 0x0000000081100000, 0x0000000081000000| Untracked 
|  17|0x0000000081100000, 0x0000000081200000, 0x0000000081200000|100%|HS|  |TAMS 0x0000000081200000, 0x0000000081100000| Complete 
|  18|0x0000000081200000, 0x0000000081300000, 0x0000000081300000|100%| O|  |TAMS 0x0000000081300000, 0x0000000081200000| Untracked 
|  19|0x0000000081300000, 0x0000000081400000, 0x0000000081400000|100%| O|  |TAMS 0x0000000081400000, 0x0000000081300000| Untracked 
|  20|0x0000000081400000, 0x0000000081500000, 0x0000000081500000|100%| O|  |TAMS 0x0000000081500000, 0x0000000081400000| Untracked 
|  21|0x0000000081500000, 0x0000000081600000, 0x0000000081600000|100%| O|  |TAMS 0x0000000081600000, 0x0000000081500000| Untracked 
|  22|0x0000000081600000, 0x0000000081700000, 0x0000000081700000|100%| O|  |TAMS 0x0000000081700000, 0x0000000081600000| Untracked 
|  23|0x0000000081700000, 0x0000000081800000, 0x0000000081800000|100%| O|  |TAMS 0x0000000081800000, 0x0000000081700000| Untracked 
|  24|0x0000000081800000, 0x0000000081900000, 0x0000000081900000|100%| O|  |TAMS 0x0000000081900000, 0x0000000081800000| Untracked 
|  25|0x0000000081900000, 0x0000000081a00000, 0x0000000081a00000|100%| O|  |TAMS 0x0000000081a00000, 0x0000000081900000| Untracked 
|  26|0x0000000081a00000, 0x0000000081b00000, 0x0000000081b00000|100%| O|  |TAMS 0x0000000081b00000, 0x0000000081a00000| Untracked 
|  27|0x0000000081b00000, 0x0000000081c00000, 0x0000000081c00000|100%| O|  |TAMS 0x0000000081c00000, 0x0000000081b00000| Untracked 
|  28|0x0000000081c00000, 0x0000000081d00000, 0x0000000081d00000|100%| O|  |TAMS 0x0000000081d00000, 0x0000000081c00000| Untracked 
|  29|0x0000000081d00000, 0x0000000081e00000, 0x0000000081e00000|100%|HS|  |TAMS 0x0000000081e00000, 0x0000000081d00000| Complete 
|  30|0x0000000081e00000, 0x0000000081f00000, 0x0000000081f00000|100%| O|  |TAMS 0x0000000081f00000, 0x0000000081e00000| Untracked 
|  31|0x0000000081f00000, 0x0000000082000000, 0x0000000082000000|100%| O|  |TAMS 0x0000000082000000, 0x0000000081f00000| Untracked 
|  32|0x0000000082000000, 0x0000000082100000, 0x0000000082100000|100%| O|  |TAMS 0x0000000082100000, 0x0000000082000000| Untracked 
|  33|0x0000000082100000, 0x0000000082200000, 0x0000000082200000|100%| O|  |TAMS 0x0000000082200000, 0x0000000082100000| Untracked 
|  34|0x0000000082200000, 0x0000000082300000, 0x0000000082300000|100%| O|  |TAMS 0x0000000082300000, 0x0000000082200000| Untracked 
|  35|0x0000000082300000, 0x0000000082400000, 0x0000000082400000|100%| O|  |TAMS 0x0000000082400000, 0x0000000082300000| Untracked 
|  36|0x0000000082400000, 0x0000000082500000, 0x0000000082500000|100%| O|  |TAMS 0x0000000082500000, 0x0000000082400000| Untracked 
|  37|0x0000000082500000, 0x0000000082600000, 0x0000000082600000|100%| O|  |TAMS 0x0000000082600000, 0x0000000082500000| Untracked 
|  38|0x0000000082600000, 0x0000000082700000, 0x0000000082700000|100%| O|  |TAMS 0x0000000082700000, 0x0000000082600000| Untracked 
|  39|0x0000000082700000, 0x0000000082800000, 0x0000000082800000|100%| O|  |TAMS 0x0000000082800000, 0x0000000082700000| Untracked 
|  40|0x0000000082800000, 0x0000000082900000, 0x0000000082900000|100%| O|  |TAMS 0x0000000082900000, 0x0000000082800000| Untracked 
|  41|0x0000000082900000, 0x0000000082a00000, 0x0000000082a00000|100%| O|  |TAMS 0x0000000082911200, 0x0000000082900000| Untracked 
|  42|0x0000000082a00000, 0x0000000082b00000, 0x0000000082b00000|100%| O|  |TAMS 0x0000000082a00000, 0x0000000082a00000| Untracked 
|  43|0x0000000082b00000, 0x0000000082c00000, 0x0000000082c00000|100%| O|  |TAMS 0x0000000082b00000, 0x0000000082b00000| Untracked 
|  44|0x0000000082c00000, 0x0000000082d00000, 0x0000000082d00000|100%| O|  |TAMS 0x0000000082c00000, 0x0000000082c00000| Untracked 
|  45|0x0000000082d00000, 0x0000000082e00000, 0x0000000082e00000|100%| O|  |TAMS 0x0000000082d00000, 0x0000000082d00000| Untracked 
|  46|0x0000000082e00000, 0x0000000082f00000, 0x0000000082f00000|100%| O|  |TAMS 0x0000000082e00000, 0x0000000082e00000| Untracked 
|  47|0x0000000082f00000, 0x0000000083000000, 0x0000000083000000|100%| O|  |TAMS 0x0000000082f00000, 0x0000000082f00000| Untracked 
|  48|0x0000000083000000, 0x0000000083100000, 0x0000000083100000|100%| O|  |TAMS 0x0000000083000000, 0x0000000083000000| Untracked 
|  49|0x0000000083100000, 0x0000000083200000, 0x0000000083200000|100%| O|  |TAMS 0x0000000083100000, 0x0000000083100000| Untracked 
|  50|0x0000000083200000, 0x0000000083300000, 0x0000000083300000|100%| O|  |TAMS 0x0000000083200000, 0x0000000083200000| Untracked 
|  51|0x0000000083300000, 0x0000000083400000, 0x0000000083400000|100%| O|  |TAMS 0x0000000083300000, 0x0000000083300000| Untracked 
|  52|0x0000000083400000, 0x0000000083500000, 0x0000000083500000|100%| O|  |TAMS 0x0000000083400000, 0x0000000083400000| Untracked 
|  53|0x0000000083500000, 0x0000000083540c00, 0x0000000083600000| 25%| O|  |TAMS 0x0000000083500000, 0x0000000083500000| Untracked 
|  54|0x0000000083600000, 0x0000000083600000, 0x0000000083700000|  0%| F|  |TAMS 0x0000000083600000, 0x0000000083600000| Untracked 
|  55|0x0000000083700000, 0x0000000083700000, 0x0000000083800000|  0%| F|  |TAMS 0x0000000083700000, 0x0000000083700000| Untracked 
|  56|0x0000000083800000, 0x0000000083800000, 0x0000000083900000|  0%| F|  |TAMS 0x0000000083800000, 0x0000000083800000| Untracked 
|  57|0x0000000083900000, 0x0000000083900000, 0x0000000083a00000|  0%| F|  |TAMS 0x0000000083900000, 0x0000000083900000| Untracked 
|  58|0x0000000083a00000, 0x0000000083a00000, 0x0000000083b00000|  0%| F|  |TAMS 0x0000000083a00000, 0x0000000083a00000| Untracked 
|  59|0x0000000083b00000, 0x0000000083b00000, 0x0000000083c00000|  0%| F|  |TAMS 0x0000000083b00000, 0x0000000083b00000| Untracked 
|  60|0x0000000083c00000, 0x0000000083c00000, 0x0000000083d00000|  0%| F|  |TAMS 0x0000000083c00000, 0x0000000083c00000| Untracked 
|  61|0x0000000083d00000, 0x0000000083d00000, 0x0000000083e00000|  0%| F|  |TAMS 0x0000000083d00000, 0x0000000083d00000| Untracked 
|  62|0x0000000083e00000, 0x0000000083e00000, 0x0000000083f00000|  0%| F|  |TAMS 0x0000000083e00000, 0x0000000083e00000| Untracked 
|  63|0x0000000083f00000, 0x0000000083f00000, 0x0000000084000000|  0%| F|  |TAMS 0x0000000083f00000, 0x0000000083f00000| Untracked 
|  64|0x0000000084000000, 0x0000000084000000, 0x0000000084100000|  0%| F|  |TAMS 0x0000000084000000, 0x0000000084000000| Untracked 
|  65|0x0000000084100000, 0x0000000084100000, 0x0000000084200000|  0%| F|  |TAMS 0x0000000084100000, 0x0000000084100000| Untracked 
|  66|0x0000000084200000, 0x0000000084200000, 0x0000000084300000|  0%| F|  |TAMS 0x0000000084200000, 0x0000000084200000| Untracked 
|  67|0x0000000084300000, 0x0000000084300000, 0x0000000084400000|  0%| F|  |TAMS 0x0000000084300000, 0x0000000084300000| Untracked 
|  68|0x0000000084400000, 0x0000000084400000, 0x0000000084500000|  0%| F|  |TAMS 0x0000000084400000, 0x0000000084400000| Untracked 
|  69|0x0000000084500000, 0x0000000084500000, 0x0000000084600000|  0%| F|  |TAMS 0x0000000084500000, 0x0000000084500000| Untracked 
|  70|0x0000000084600000, 0x0000000084600000, 0x0000000084700000|  0%| F|  |TAMS 0x0000000084600000, 0x0000000084600000| Untracked 
|  71|0x0000000084700000, 0x0000000084700000, 0x0000000084800000|  0%| F|  |TAMS 0x0000000084700000, 0x0000000084700000| Untracked 
|  72|0x0000000084800000, 0x0000000084900000, 0x0000000084900000|100%| S|CS|TAMS 0x0000000084800000, 0x0000000084800000| Complete 
|  73|0x0000000084900000, 0x0000000084a00000, 0x0000000084a00000|100%| S|CS|TAMS 0x0000000084900000, 0x0000000084900000| Complete 
|  74|0x0000000084a00000, 0x0000000084a00000, 0x0000000084b00000|  0%| F|  |TAMS 0x0000000084a00000, 0x0000000084a00000| Untracked 
|  75|0x0000000084b00000, 0x0000000084b00000, 0x0000000084c00000|  0%| F|  |TAMS 0x0000000084b00000, 0x0000000084b00000| Untracked 
|  76|0x0000000084c00000, 0x0000000084c00000, 0x0000000084d00000|  0%| F|  |TAMS 0x0000000084c00000, 0x0000000084c00000| Untracked 
|  77|0x0000000084d00000, 0x0000000084e00000, 0x0000000084e00000|100%| S|CS|TAMS 0x0000000084d00000, 0x0000000084d00000| Complete 
|  78|0x0000000084e00000, 0x0000000084f00000, 0x0000000084f00000|100%| S|CS|TAMS 0x0000000084e00000, 0x0000000084e00000| Complete 
|  79|0x0000000084f00000, 0x0000000084f00000, 0x0000000085000000|  0%| F|  |TAMS 0x0000000084f00000, 0x0000000084f00000| Untracked 
|  80|0x0000000085000000, 0x0000000085000000, 0x0000000085100000|  0%| F|  |TAMS 0x0000000085000000, 0x0000000085000000| Untracked 
|  81|0x0000000085100000, 0x0000000085100000, 0x0000000085200000|  0%| F|  |TAMS 0x0000000085100000, 0x0000000085100000| Untracked 
|  82|0x0000000085200000, 0x0000000085300000, 0x0000000085300000|100%| S|CS|TAMS 0x0000000085200000, 0x0000000085200000| Complete 
|  83|0x0000000085300000, 0x0000000085300000, 0x0000000085400000|  0%| F|  |TAMS 0x0000000085300000, 0x0000000085300000| Untracked 
|  84|0x0000000085400000, 0x0000000085400000, 0x0000000085500000|  0%| F|  |TAMS 0x0000000085400000, 0x0000000085400000| Untracked 
|  85|0x0000000085500000, 0x0000000085500000, 0x0000000085600000|  0%| F|  |TAMS 0x0000000085500000, 0x0000000085500000| Untracked 
|  86|0x0000000085600000, 0x0000000085600000, 0x0000000085700000|  0%| F|  |TAMS 0x0000000085600000, 0x0000000085600000| Untracked 
|  87|0x0000000085700000, 0x0000000085700000, 0x0000000085800000|  0%| F|  |TAMS 0x0000000085700000, 0x0000000085700000| Untracked 
|  88|0x0000000085800000, 0x0000000085800000, 0x0000000085900000|  0%| F|  |TAMS 0x0000000085800000, 0x0000000085800000| Untracked 
|  89|0x0000000085900000, 0x0000000085900000, 0x0000000085a00000|  0%| F|  |TAMS 0x0000000085900000, 0x0000000085900000| Untracked 
|  90|0x0000000085a00000, 0x0000000085a00000, 0x0000000085b00000|  0%| F|  |TAMS 0x0000000085a00000, 0x0000000085a00000| Untracked 
|  91|0x0000000085b00000, 0x0000000085b00000, 0x0000000085c00000|  0%| F|  |TAMS 0x0000000085b00000, 0x0000000085b00000| Untracked 
|  92|0x0000000085c00000, 0x0000000085c00000, 0x0000000085d00000|  0%| F|  |TAMS 0x0000000085c00000, 0x0000000085c00000| Untracked 
|  93|0x0000000085d00000, 0x0000000085d00000, 0x0000000085e00000|  0%| F|  |TAMS 0x0000000085d00000, 0x0000000085d00000| Untracked 
|  94|0x0000000085e00000, 0x0000000085e00000, 0x0000000085f00000|  0%| F|  |TAMS 0x0000000085e00000, 0x0000000085e00000| Untracked 
|  95|0x0000000085f00000, 0x0000000085f00000, 0x0000000086000000|  0%| F|  |TAMS 0x0000000085f00000, 0x0000000085f00000| Untracked 
|  96|0x0000000086000000, 0x0000000086000000, 0x0000000086100000|  0%| F|  |TAMS 0x0000000086000000, 0x0000000086000000| Untracked 
|  97|0x0000000086100000, 0x0000000086100000, 0x0000000086200000|  0%| F|  |TAMS 0x0000000086100000, 0x0000000086100000| Untracked 
|  98|0x0000000086200000, 0x0000000086200000, 0x0000000086300000|  0%| F|  |TAMS 0x0000000086200000, 0x0000000086200000| Untracked 
|  99|0x0000000086300000, 0x0000000086300000, 0x0000000086400000|  0%| F|  |TAMS 0x0000000086300000, 0x0000000086300000| Untracked 
| 100|0x0000000086400000, 0x0000000086400000, 0x0000000086500000|  0%| F|  |TAMS 0x0000000086400000, 0x0000000086400000| Untracked 
| 101|0x0000000086500000, 0x0000000086500000, 0x0000000086600000|  0%| F|  |TAMS 0x0000000086500000, 0x0000000086500000| Untracked 
| 102|0x0000000086600000, 0x0000000086600000, 0x0000000086700000|  0%| F|  |TAMS 0x0000000086600000, 0x0000000086600000| Untracked 
| 103|0x0000000086700000, 0x0000000086700000, 0x0000000086800000|  0%| F|  |TAMS 0x0000000086700000, 0x0000000086700000| Untracked 
| 104|0x0000000086800000, 0x0000000086800000, 0x0000000086900000|  0%| F|  |TAMS 0x0000000086800000, 0x0000000086800000| Untracked 
| 105|0x0000000086900000, 0x0000000086900000, 0x0000000086a00000|  0%| F|  |TAMS 0x0000000086900000, 0x0000000086900000| Untracked 
| 106|0x0000000086a00000, 0x0000000086a00000, 0x0000000086b00000|  0%| F|  |TAMS 0x0000000086a00000, 0x0000000086a00000| Untracked 
| 107|0x0000000086b00000, 0x0000000086b00000, 0x0000000086c00000|  0%| F|  |TAMS 0x0000000086b00000, 0x0000000086b00000| Untracked 
| 108|0x0000000086c00000, 0x0000000086c00000, 0x0000000086d00000|  0%| F|  |TAMS 0x0000000086c00000, 0x0000000086c00000| Untracked 
| 109|0x0000000086d00000, 0x0000000086d00000, 0x0000000086e00000|  0%| F|  |TAMS 0x0000000086d00000, 0x0000000086d00000| Untracked 
| 110|0x0000000086e00000, 0x0000000086e00000, 0x0000000086f00000|  0%| F|  |TAMS 0x0000000086e00000, 0x0000000086e00000| Untracked 
| 111|0x0000000086f00000, 0x0000000086f00000, 0x0000000087000000|  0%| F|  |TAMS 0x0000000086f00000, 0x0000000086f00000| Untracked 
| 112|0x0000000087000000, 0x0000000087000000, 0x0000000087100000|  0%| F|  |TAMS 0x0000000087000000, 0x0000000087000000| Untracked 
| 113|0x0000000087100000, 0x0000000087100000, 0x0000000087200000|  0%| F|  |TAMS 0x0000000087100000, 0x0000000087100000| Untracked 
| 114|0x0000000087200000, 0x0000000087200000, 0x0000000087300000|  0%| F|  |TAMS 0x0000000087200000, 0x0000000087200000| Untracked 
| 115|0x0000000087300000, 0x0000000087300000, 0x0000000087400000|  0%| F|  |TAMS 0x0000000087300000, 0x0000000087300000| Untracked 
| 116|0x0000000087400000, 0x0000000087400000, 0x0000000087500000|  0%| F|  |TAMS 0x0000000087400000, 0x0000000087400000| Untracked 
| 117|0x0000000087500000, 0x0000000087600000, 0x0000000087600000|100%| E|  |TAMS 0x0000000087500000, 0x0000000087500000| Complete 
| 118|0x0000000087600000, 0x0000000087700000, 0x0000000087700000|100%| E|CS|TAMS 0x0000000087600000, 0x0000000087600000| Complete 
| 119|0x0000000087700000, 0x0000000087800000, 0x0000000087800000|100%| E|CS|TAMS 0x0000000087700000, 0x0000000087700000| Complete 
| 120|0x0000000087800000, 0x0000000087900000, 0x0000000087900000|100%| E|CS|TAMS 0x0000000087800000, 0x0000000087800000| Complete 
| 121|0x0000000087900000, 0x0000000087a00000, 0x0000000087a00000|100%| E|CS|TAMS 0x0000000087900000, 0x0000000087900000| Complete 
| 122|0x0000000087a00000, 0x0000000087b00000, 0x0000000087b00000|100%| E|CS|TAMS 0x0000000087a00000, 0x0000000087a00000| Complete 
| 123|0x0000000087b00000, 0x0000000087c00000, 0x0000000087c00000|100%| E|CS|TAMS 0x0000000087b00000, 0x0000000087b00000| Complete 
| 124|0x0000000087c00000, 0x0000000087d00000, 0x0000000087d00000|100%| E|CS|TAMS 0x0000000087c00000, 0x0000000087c00000| Complete 
| 125|0x0000000087d00000, 0x0000000087e00000, 0x0000000087e00000|100%| E|CS|TAMS 0x0000000087d00000, 0x0000000087d00000| Complete 

Card table byte_map: [0x000002acbb470000,0x000002acbb870000] _byte_map_base: 0x000002acbb070000

Marking Bits (Prev, Next): (CMBitMap*) 0x000002aca60f8d60, (CMBitMap*) 0x000002aca60f8d28
 Prev Bits: [0x000002acbdc70000, 0x000002acbfc70000)
 Next Bits: [0x000002acbbc70000, 0x000002acbdc70000)

Polling page: 0x000002aca6190000

Metaspace:

Usage:
  Non-class:     66.72 MB capacity,    65.60 MB ( 98%) used,   931.92 KB (  1%) free+waste,   212.88 KB ( <1%) overhead. 
      Class:     10.61 MB capacity,     9.88 MB ( 93%) used,   652.60 KB (  6%) free+waste,    99.94 KB ( <1%) overhead. 
       Both:     77.33 MB capacity,    75.48 MB ( 98%) used,     1.55 MB (  2%) free+waste,   312.81 KB ( <1%) overhead. 

Virtual space:
  Non-class space:       68.00 MB reserved,      66.88 MB ( 98%) committed 
      Class space:        1.00 GB reserved,      10.70 MB (  1%) committed 
             Both:        1.07 GB reserved,      77.58 MB (  7%) committed 

Chunk freelists:
   Non-Class:  33.00 KB
       Class:  13.00 KB
        Both:  46.00 KB

MaxMetaspaceSize: 17179869184.00 GB
CompressedClassSpaceSize: 1.00 GB
Initial GC threshold: 20.80 MB
Current GC threshold: 98.88 MB
CDS: off

CodeHeap 'non-profiled nmethods': size=120000Kb used=3290Kb max_used=3290Kb free=116709Kb
 bounds [0x000002acb2ec0000, 0x000002acb3200000, 0x000002acba3f0000]
CodeHeap 'profiled nmethods': size=120000Kb used=15078Kb max_used=15078Kb free=104921Kb
 bounds [0x000002acab990000, 0x000002acac850000, 0x000002acb2ec0000]
CodeHeap 'non-nmethods': size=5760Kb used=2363Kb max_used=2401Kb free=3396Kb
 bounds [0x000002acab3f0000, 0x000002acab660000, 0x000002acab990000]
 total_blobs=8207 nmethods=7323 adapters=796
 compilation: enabled
              stopped_count=0, restarted_count=0
 full_count=0

Compilation events (20 events):
Event: 9.373 Thread 0x000002acc32ed000 7337       2       java.lang.ModuleLayer::boot (4 bytes)
Event: 9.373 Thread 0x000002acc32ed000 nmethod 7337 0x000002acac822710 code [0x000002acac8228c0, 0x000002acac8229b8]
Event: 9.405 Thread 0x000002acc32ed000 7338       2       java.lang.StackTraceElement::<init> (10 bytes)
Event: 9.405 Thread 0x000002acc32ed000 nmethod 7338 0x000002acac822a10 code [0x000002acac822bc0, 0x000002acac822cb8]
Event: 9.405 Thread 0x000002acc32ed000 7339  s!   2       java.lang.StackTraceElement::computeFormat (71 bytes)
Event: 9.406 Thread 0x000002acc32ed000 nmethod 7339 0x000002acac822d90 code [0x000002acac822f60, 0x000002acac8233d8]
Event: 9.406 Thread 0x000002acc32ed000 7341       2       java.lang.Module::getLayer (43 bytes)
Event: 9.406 Thread 0x000002acc32ed000 nmethod 7341 0x000002acac823590 code [0x000002acac823760, 0x000002acac823908]
Event: 9.406 Thread 0x000002acc32ed000 7340       2       java.lang.StackTraceElement::isHashedInJavaBase (31 bytes)
Event: 9.406 Thread 0x000002acc32ed000 nmethod 7340 0x000002acac823a10 code [0x000002acac823be0, 0x000002acac823db8]
Event: 9.431 Thread 0x000002acc32ed000 7343       2       java.lang.invoke.SimpleMethodHandle::make (10 bytes)
Event: 9.431 Thread 0x000002acc32ed000 nmethod 7343 0x000002acac823e90 code [0x000002acac824040, 0x000002acac8241a8]
Event: 9.431 Thread 0x000002acc32ed000 7346       2       java.lang.reflect.ProxyGenerator::collectCompatibleTypes (93 bytes)
Event: 9.431 Thread 0x000002acc32ed000 nmethod 7346 0x000002acac824290 code [0x000002acac824480, 0x000002acac824728]
Event: 9.431 Thread 0x000002acc32ed000 7347       2       java.lang.reflect.ProxyGenerator::addProxyMethod (233 bytes)
Event: 9.433 Thread 0x000002acc32ed000 nmethod 7347 0x000002acac824990 code [0x000002acac824c80, 0x000002acac825788]
Event: 9.433 Thread 0x000002acc32ed000 7344       2       java.lang.invoke.SimpleMethodHandle::<init> (7 bytes)
Event: 9.433 Thread 0x000002acc32ed000 nmethod 7344 0x000002acac825d90 code [0x000002acac825f40, 0x000002acac826068]
Event: 9.433 Thread 0x000002acc32ed000 7345       2       java.lang.invoke.BoundMethodHandle::bindSingle (7 bytes)
Event: 9.433 Thread 0x000002acc32ed000 nmethod 7345 0x000002acac826110 code [0x000002acac8262c0, 0x000002acac826488]

GC Heap History (20 events):
Event: 5.214 GC heap before
{Heap before GC invocations=8 (full 0):
 garbage-first heap   total 129024K, used 84318K [0x0000000080000000, 0x0000000100000000)
  region size 1024K, 65 young (66560K), 7 survivors (7168K)
 Metaspace       used 40672K, capacity 41614K, committed 41808K, reserved 1085440K
  class space    used 5139K, capacity 5521K, committed 5580K, reserved 1048576K
}
Event: 5.225 GC heap after
{Heap after GC invocations=9 (full 0):
 garbage-first heap   total 129024K, used 29144K [0x0000000080000000, 0x0000000100000000)
  region size 1024K, 9 young (9216K), 9 survivors (9216K)
 Metaspace       used 40672K, capacity 41614K, committed 41808K, reserved 1085440K
  class space    used 5139K, capacity 5521K, committed 5580K, reserved 1048576K
}
Event: 5.706 GC heap before
{Heap before GC invocations=9 (full 0):
 garbage-first heap   total 129024K, used 88536K [0x0000000080000000, 0x0000000100000000)
  region size 1024K, 66 young (67584K), 9 survivors (9216K)
 Metaspace       used 45763K, capacity 46876K, committed 47184K, reserved 1089536K
  class space    used 5821K, capacity 6263K, committed 6348K, reserved 1048576K
}
Event: 5.713 GC heap after
{Heap after GC invocations=10 (full 0):
 garbage-first heap   total 129024K, used 31541K [0x0000000080000000, 0x0000000100000000)
  region size 1024K, 4 young (4096K), 4 survivors (4096K)
 Metaspace       used 45763K, capacity 46876K, committed 47184K, reserved 1089536K
  class space    used 5821K, capacity 6263K, committed 6348K, reserved 1048576K
}
Event: 6.269 GC heap before
{Heap before GC invocations=10 (full 0):
 garbage-first heap   total 129024K, used 90933K [0x0000000080000000, 0x0000000100000000)
  region size 1024K, 62 young (63488K), 4 survivors (4096K)
 Metaspace       used 49060K, capacity 50279K, committed 50384K, reserved 1093632K
  class space    used 6250K, capacity 6716K, committed 6732K, reserved 1048576K
}
Event: 6.272 GC heap after
{Heap after GC invocations=11 (full 0):
 garbage-first heap   total 129024K, used 32955K [0x0000000080000000, 0x0000000100000000)
  region size 1024K, 5 young (5120K), 5 survivors (5120K)
 Metaspace       used 49060K, capacity 50279K, committed 50384K, reserved 1093632K
  class space    used 6250K, capacity 6716K, committed 6732K, reserved 1048576K
}
Event: 7.122 GC heap before
{Heap before GC invocations=11 (full 0):
 garbage-first heap   total 129024K, used 96443K [0x0000000080000000, 0x0000000100000000)
  region size 1024K, 65 young (66560K), 5 survivors (5120K)
 Metaspace       used 53597K, capacity 54984K, committed 55248K, reserved 1097728K
  class space    used 6821K, capacity 7373K, committed 7500K, reserved 1048576K
}
Event: 7.127 GC heap after
{Heap after GC invocations=12 (full 0):
 garbage-first heap   total 129024K, used 41943K [0x0000000080000000, 0x0000000100000000)
  region size 1024K, 9 young (9216K), 9 survivors (9216K)
 Metaspace       used 53597K, capacity 54984K, committed 55248K, reserved 1097728K
  class space    used 6821K, capacity 7373K, committed 7500K, reserved 1048576K
}
Event: 7.480 GC heap before
{Heap before GC invocations=12 (full 0):
 garbage-first heap   total 129024K, used 75735K [0x0000000080000000, 0x0000000100000000)
  region size 1024K, 43 young (44032K), 9 survivors (9216K)
 Metaspace       used 58914K, capacity 60407K, committed 60496K, reserved 1101824K
  class space    used 7433K, capacity 8055K, committed 8140K, reserved 1048576K
}
Event: 7.488 GC heap after
{Heap after GC invocations=13 (full 0):
 garbage-first heap   total 129024K, used 43870K [0x0000000080000000, 0x0000000100000000)
  region size 1024K, 2 young (2048K), 2 survivors (2048K)
 Metaspace       used 58914K, capacity 60407K, committed 60496K, reserved 1101824K
  class space    used 7433K, capacity 8055K, committed 8140K, reserved 1048576K
}
Event: 8.010 GC heap before
{Heap before GC invocations=14 (full 0):
 garbage-first heap   total 129024K, used 97118K [0x0000000080000000, 0x0000000100000000)
  region size 1024K, 47 young (48128K), 2 survivors (2048K)
 Metaspace       used 63269K, capacity 64874K, committed 65104K, reserved 1105920K
  class space    used 7976K, capacity 8594K, committed 8652K, reserved 1048576K
}
Event: 8.015 GC heap after
{Heap after GC invocations=15 (full 0):
 garbage-first heap   total 129024K, used 48459K [0x0000000080000000, 0x0000000100000000)
  region size 1024K, 6 young (6144K), 6 survivors (6144K)
 Metaspace       used 63269K, capacity 64874K, committed 65104K, reserved 1105920K
  class space    used 7976K, capacity 8594K, committed 8652K, reserved 1048576K
}
Event: 8.338 GC heap before
{Heap before GC invocations=15 (full 0):
 garbage-first heap   total 129024K, used 93515K [0x0000000080000000, 0x0000000100000000)
  region size 1024K, 50 young (51200K), 6 survivors (6144K)
 Metaspace       used 66079K, capacity 67657K, committed 67792K, reserved 1107968K
  class space    used 8358K, capacity 8998K, committed 9036K, reserved 1048576K
}
Event: 8.344 GC heap after
{Heap after GC invocations=16 (full 0):
 garbage-first heap   total 129024K, used 52074K [0x0000000080000000, 0x0000000100000000)
  region size 1024K, 4 young (4096K), 4 survivors (4096K)
 Metaspace       used 66079K, capacity 67657K, committed 67792K, reserved 1107968K
  class space    used 8358K, capacity 8998K, committed 9036K, reserved 1048576K
}
Event: 8.573 GC heap before
{Heap before GC invocations=16 (full 0):
 garbage-first heap   total 129024K, used 96106K [0x0000000080000000, 0x0000000100000000)
  region size 1024K, 47 young (48128K), 4 survivors (4096K)
 Metaspace       used 67534K, capacity 69338K, committed 69584K, reserved 1110016K
  class space    used 8537K, capacity 9196K, committed 9292K, reserved 1048576K
}
Event: 8.576 GC heap after
{Heap after GC invocations=17 (full 0):
 garbage-first heap   total 129024K, used 54852K [0x0000000080000000, 0x0000000100000000)
  region size 1024K, 3 young (3072K), 3 survivors (3072K)
 Metaspace       used 67534K, capacity 69338K, committed 69584K, reserved 1110016K
  class space    used 8537K, capacity 9196K, committed 9292K, reserved 1048576K
}
Event: 9.046 GC heap before
{Heap before GC invocations=17 (full 0):
 garbage-first heap   total 129024K, used 98884K [0x0000000080000000, 0x0000000100000000)
  region size 1024K, 46 young (47104K), 3 survivors (3072K)
 Metaspace       used 72494K, capacity 74306K, committed 74576K, reserved 1114112K
  class space    used 9375K, capacity 10094K, committed 10188K, reserved 1048576K
}
Event: 9.049 GC heap after
{Heap after GC invocations=18 (full 0):
 garbage-first heap   total 129024K, used 57109K [0x0000000080000000, 0x0000000100000000)
  region size 1024K, 6 young (6144K), 6 survivors (6144K)
 Metaspace       used 72494K, capacity 74306K, committed 74576K, reserved 1114112K
  class space    used 9375K, capacity 10094K, committed 10188K, reserved 1048576K
}
Event: 9.415 GC heap before
{Heap before GC invocations=18 (full 0):
 garbage-first heap   total 129024K, used 101141K [0x0000000080000000, 0x0000000100000000)
  region size 1024K, 49 young (50176K), 6 survivors (6144K)
 Metaspace       used 76526K, capacity 78417K, committed 78544K, reserved 1118208K
  class space    used 9970K, capacity 10724K, committed 10828K, reserved 1048576K
}
Event: 9.419 GC heap after
{Heap after GC invocations=19 (full 0):
 garbage-first heap   total 129024K, used 59651K [0x0000000080000000, 0x0000000100000000)
  region size 1024K, 5 young (5120K), 5 survivors (5120K)
 Metaspace       used 76526K, capacity 78417K, committed 78544K, reserved 1118208K
  class space    used 9970K, capacity 10724K, committed 10828K, reserved 1048576K
}

Deoptimization events (20 events):
Event: 9.194 Thread 0x000002acc4db1000 DEOPT PACKING pc=0x000002acb30cad9c sp=0x000000c679bfaa00
Event: 9.194 Thread 0x000002acc4db1000 DEOPT UNPACKING pc=0x000002acab43a1af sp=0x000000c679bfa998 mode 2
Event: 9.220 Thread 0x000002acc4db1000 Uncommon trap: trap_request=0xffffff4d fr.pc=0x000002acb2f2ff2c relative=0x00000000000009cc
Event: 9.220 Thread 0x000002acc4db1000 Uncommon trap: reason=unstable_if action=reinterpret pc=0x000002acb2f2ff2c method=java.util.HashMap.resize()[Ljava/util/HashMap$Node; @ 203 c2
Event: 9.220 Thread 0x000002acc4db1000 DEOPT PACKING pc=0x000002acb2f2ff2c sp=0x000000c679bf8dc0
Event: 9.220 Thread 0x000002acc4db1000 DEOPT UNPACKING pc=0x000002acab43a1af sp=0x000000c679bf8d70 mode 2
Event: 9.220 Thread 0x000002acc4db1000 Uncommon trap: trap_request=0xffffff4d fr.pc=0x000002acb30feed8 relative=0x0000000000002778
Event: 9.220 Thread 0x000002acc4db1000 Uncommon trap: reason=unstable_if action=reinterpret pc=0x000002acb30feed8 method=java.util.HashMap.getNode(ILjava/lang/Object;)Ljava/util/HashMap$Node; @ 84 c2
Event: 9.220 Thread 0x000002acc4db1000 DEOPT PACKING pc=0x000002acb30feed8 sp=0x000000c679bf8e70
Event: 9.220 Thread 0x000002acc4db1000 DEOPT UNPACKING pc=0x000002acab43a1af sp=0x000000c679bf8d58 mode 2
Event: 9.220 Thread 0x000002acc4db1000 Uncommon trap: trap_request=0xffffff4d fr.pc=0x000002acb31ee5f8 relative=0x00000000000002b8
Event: 9.220 Thread 0x000002acc4db1000 Uncommon trap: reason=unstable_if action=reinterpret pc=0x000002acb31ee5f8 method=java.util.HashMap.getNode(ILjava/lang/Object;)Ljava/util/HashMap$Node; @ 84 c2
Event: 9.220 Thread 0x000002acc4db1000 DEOPT PACKING pc=0x000002acb31ee5f8 sp=0x000000c679bf8e20
Event: 9.220 Thread 0x000002acc4db1000 DEOPT UNPACKING pc=0x000002acab43a1af sp=0x000000c679bf8d40 mode 2
Event: 9.220 Thread 0x000002acc4db1000 Uncommon trap: trap_request=0xffffff4d fr.pc=0x000002acb30f28e0 relative=0x00000000000001a0
Event: 9.220 Thread 0x000002acc4db1000 Uncommon trap: reason=unstable_if action=reinterpret pc=0x000002acb30f28e0 method=java.util.HashMap.getNode(ILjava/lang/Object;)Ljava/util/HashMap$Node; @ 84 c2
Event: 9.220 Thread 0x000002acc4db1000 DEOPT PACKING pc=0x000002acb30f28e0 sp=0x000000c679bf8dc0
Event: 9.220 Thread 0x000002acc4db1000 DEOPT UNPACKING pc=0x000002acab43a1af sp=0x000000c679bf8d48 mode 2
Event: 9.412 Thread 0x000002acc4db1000 DEOPT PACKING pc=0x000002acac578c81 sp=0x000000c679bf3370
Event: 9.412 Thread 0x000002acc4db1000 DEOPT UNPACKING pc=0x000002acab43a95e sp=0x000000c679bf2910 mode 0

Classes redefined (0 events):
No events

Internal exceptions (20 events):
Event: 8.453 Thread 0x000002acc4db1000 Exception <a 'java/lang/ClassNotFoundException'{0x000000008608c0b8}: com/android/build/gradle/internal/CompileOptionsBeanInfo> (0x000000008608c0b8) thrown at [src/hotspot/share/classfile/systemDictionary.cpp, line 230]
Event: 8.453 Thread 0x000002acc4db1000 Exception <a 'java/lang/ClassNotFoundException'{0x00000000860a6698}: com/android/build/gradle/internal/CompileOptionsCustomizer> (0x00000000860a6698) thrown at [src/hotspot/share/classfile/systemDictionary.cpp, line 230]
Event: 8.454 Thread 0x000002acc4db1000 Exception <a 'java/lang/ClassNotFoundException'{0x00000000860cec00}: com/android/build/gradle/internal/CompileOptions$AgpDecoratedCustomizer> (0x00000000860cec00) thrown at [src/hotspot/share/classfile/systemDictionary.cpp, line 230]
Event: 8.454 Thread 0x000002acc4db1000 Exception <a 'java/lang/ClassNotFoundException'{0x00000000860fa8f8}: com/android/build/gradle/internal/CompileOptions$AgpDecorated_DecoratedCustomizer> (0x00000000860fa8f8) thrown at [src/hotspot/share/classfile/systemDictionary.cpp, line 230]
Event: 8.457 Thread 0x000002acc4db1000 Exception <a 'java/lang/ClassNotFoundException'{0x0000000085fc30f0}: org/gradle/api/internal/artifacts/dsl/dependencies/DefaultDependencyHandler_DecoratedBeanInfo> (0x0000000085fc30f0) thrown at [src/hotspot/share/classfile/systemDictionary.cpp, line 230]
Event: 8.458 Thread 0x000002acc4db1000 Exception <a 'java/lang/ClassNotFoundException'{0x0000000085e0ebe0}: org/gradle/api/internal/artifacts/dsl/dependencies/DefaultDependencyHandlerBeanInfo> (0x0000000085e0ebe0) thrown at [src/hotspot/share/classfile/systemDictionary.cpp, line 230]
Event: 8.458 Thread 0x000002acc4db1000 Exception <a 'java/lang/ClassNotFoundException'{0x0000000085e5a358}: org/gradle/api/internal/artifacts/dsl/dependencies/DefaultDependencyHandlerCustomizer> (0x0000000085e5a358) thrown at [src/hotspot/share/classfile/systemDictionary.cpp, line 230]
Event: 8.460 Thread 0x000002acc4db1000 Exception <a 'java/lang/ClassNotFoundException'{0x0000000085ed0b58}: org/gradle/api/internal/artifacts/dsl/dependencies/DefaultDependencyHandler_DecoratedCustomizer> (0x0000000085ed0b58) thrown at [src/hotspot/share/classfile/systemDictionary.cpp, line 230]
Event: 9.049 Thread 0x000002acc4db1000 Exception <a 'java/lang/ClassNotFoundException'{0x0000000087d05018}: com/android/build/gradle/internal/api/ApkVariantOutputImpl_DecoratedBeanInfo> (0x0000000087d05018) thrown at [src/hotspot/share/classfile/systemDictionary.cpp, line 230]
Event: 9.049 Thread 0x000002acc4db1000 Exception <a 'java/lang/ClassNotFoundException'{0x0000000087d20c20}: com/android/build/gradle/internal/api/ApkVariantOutputImplBeanInfo> (0x0000000087d20c20) thrown at [src/hotspot/share/classfile/systemDictionary.cpp, line 230]
Event: 9.050 Thread 0x000002acc4db1000 Exception <a 'java/lang/ClassNotFoundException'{0x0000000087d3d2d8}: com/android/build/gradle/internal/api/BaseVariantOutputImplBeanInfo> (0x0000000087d3d2d8) thrown at [src/hotspot/share/classfile/systemDictionary.cpp, line 230]
Event: 9.050 Thread 0x000002acc4db1000 Exception <a 'java/lang/ClassNotFoundException'{0x0000000087d59cc0}: com/android/build/gradle/internal/api/BaseVariantOutputImplCustomizer> (0x0000000087d59cc0) thrown at [src/hotspot/share/classfile/systemDictionary.cpp, line 230]
Event: 9.051 Thread 0x000002acc4db1000 Exception <a 'java/lang/ClassNotFoundException'{0x0000000087d88730}: com/android/build/gradle/internal/api/ApkVariantOutputImplCustomizer> (0x0000000087d88730) thrown at [src/hotspot/share/classfile/systemDictionary.cpp, line 230]
Event: 9.051 Thread 0x000002acc4db1000 Exception <a 'java/lang/ClassNotFoundException'{0x0000000087db2808}: com/android/build/gradle/internal/api/ApkVariantOutputImpl_DecoratedCustomizer> (0x0000000087db2808) thrown at [src/hotspot/share/classfile/systemDictionary.cpp, line 230]
Event: 9.056 Thread 0x000002acc4db1000 Exception <a 'java/lang/NoClassDefFoundError'{0x0000000087c9bcc0}: org/jetbrains/kotlin/gradle/plugin/KotlinBasePluginWrapper> (0x0000000087c9bcc0) thrown at [src/hotspot/share/classfile/systemDictionary.cpp, line 219]
Event: 9.241 Thread 0x000002acc4db1000 Exception <a 'java/lang/NoSuchMethodError'{0x00000000869c5f50}: 'java.lang.Object java.lang.invoke.DirectMethodHandle$Holder.invokeStatic(java.lang.Object, java.lang.Object, java.lang.Object, java.lang.Object, java.lang.Object, java.lang.Object, int)'> (0x00000000869c5f50) thrown at [src/hotspot/share/interpreter/linkResolver.cpp, line 773]
Event: 9.242 Thread 0x000002acc4db1000 Exception <a 'java/lang/NoSuchMethodError'{0x00000000869dd8a0}: 'java.lang.Object java.lang.invoke.DirectMethodHandle$Holder.invokeStatic(java.lang.Object, java.lang.Object, java.lang.Object, java.lang.Object, java.lang.Object, java.lang.Object, int, int)'> (0x00000000869dd8a0) thrown at [src/hotspot/share/interpreter/linkResolver.cpp, line 773]
Event: 9.242 Thread 0x000002acc4db1000 Exception <a 'java/lang/NoSuchMethodError'{0x00000000869f5e58}: 'java.lang.Object java.lang.invoke.DirectMethodHandle$Holder.invokeStatic(java.lang.Object, java.lang.Object, java.lang.Object, java.lang.Object, java.lang.Object, java.lang.Object, int, int, java.lang.Object)'> (0x00000000869f5e58) thrown at [src/hotspot/share/interpreter/linkResolver.cpp, line 773]
Event: 9.318 Thread 0x000002acc4db1000 Exception <a 'sun/nio/fs/WindowsException'{0x0000000085ea4350}> (0x0000000085ea4350) thrown at [src/hotspot/share/prims/jni.cpp, line 617]
Event: 9.398 Thread 0x000002acc4db1000 Exception <a 'java/lang/NullPointerException'{0x0000000085471790}> (0x0000000085471790) thrown at [src/hotspot/share/interpreter/linkResolver.cpp, line 1440]

Events (20 events):
Event: 9.440 loading class com/sun/xml/bind/v2/model/core/MapPropertyInfo
Event: 9.440 loading class com/sun/xml/bind/v2/model/core/MapPropertyInfo done
Event: 9.440 loading class com/sun/xml/bind/v2/model/impl/RuntimeMapPropertyInfoImpl
Event: 9.440 loading class com/sun/xml/bind/v2/model/impl/RuntimeMapPropertyInfoImpl done
Event: 9.440 loading class com/sun/xml/bind/v2/model/runtime/RuntimeMapPropertyInfo
Event: 9.440 loading class com/sun/xml/bind/v2/model/runtime/RuntimeMapPropertyInfo done
Event: 9.440 loading class com/sun/xml/bind/v2/model/runtime/RuntimePropertyInfo
Event: 9.440 loading class com/sun/xml/bind/v2/model/runtime/RuntimePropertyInfo done
Event: 9.441 loading class com/sun/xml/bind/v2/model/impl/RuntimeReferencePropertyInfoImpl
Event: 9.441 loading class com/sun/xml/bind/v2/model/impl/RuntimeReferencePropertyInfoImpl done
Event: 9.441 loading class com/sun/xml/bind/v2/model/runtime/RuntimeReferencePropertyInfo
Event: 9.441 loading class com/sun/xml/bind/v2/model/runtime/RuntimeReferencePropertyInfo done
Event: 9.441 loading class com/sun/xml/bind/v2/model/impl/ElementPropertyInfoImpl
Event: 9.441 loading class com/sun/xml/bind/v2/model/impl/ElementPropertyInfoImpl done
Event: 9.441 loading class com/sun/xml/bind/v2/model/core/ElementPropertyInfo
Event: 9.441 loading class com/sun/xml/bind/v2/model/core/ElementPropertyInfo done
Event: 9.441 loading class com/sun/xml/bind/v2/model/impl/RuntimeElementPropertyInfoImpl
Event: 9.441 loading class com/sun/xml/bind/v2/model/impl/RuntimeElementPropertyInfoImpl done
Event: 9.442 loading class com/sun/xml/bind/v2/model/runtime/RuntimeElementPropertyInfo
Event: 9.442 loading class com/sun/xml/bind/v2/model/runtime/RuntimeElementPropertyInfo done


Dynamic libraries:
0x00007ff64a780000 - 0x00007ff64a78a000 	C:\Program Files\Android\Android Studio\jbr\bin\java.exe
0x00007ffa76f20000 - 0x00007ffa77129000 	C:\WINDOWS\SYSTEM32\ntdll.dll
0x00007ffa75ea0000 - 0x00007ffa75f5e000 	C:\WINDOWS\System32\KERNEL32.DLL
0x00007ffa74640000 - 0x00007ffa749bc000 	C:\WINDOWS\System32\KERNELBASE.dll
0x00007ffa749c0000 - 0x00007ffa74ad1000 	C:\WINDOWS\System32\ucrtbase.dll
0x00007ffa68840000 - 0x00007ffa68857000 	C:\Program Files\Android\Android Studio\jbr\bin\jli.dll
0x00007ffa6fbb0000 - 0x00007ffa6fbcb000 	C:\Program Files\Android\Android Studio\jbr\bin\VCRUNTIME140.dll
0x00007ffa75ba0000 - 0x00007ffa75d4d000 	C:\WINDOWS\System32\USER32.dll
0x00007ffa4ce60000 - 0x00007ffa4d105000 	C:\WINDOWS\WinSxS\amd64_microsoft.windows.common-controls_6595b64144ccf1df_6.0.22000.120_none_9d947278b86cc467\COMCTL32.dll
0x00007ffa74ae0000 - 0x00007ffa74b06000 	C:\WINDOWS\System32\win32u.dll
0x00007ffa76310000 - 0x00007ffa76339000 	C:\WINDOWS\System32\GDI32.dll
0x00007ffa76050000 - 0x00007ffa760f3000 	C:\WINDOWS\System32\msvcrt.dll
0x00007ffa74c80000 - 0x00007ffa74d98000 	C:\WINDOWS\System32\gdi32full.dll
0x00007ffa74470000 - 0x00007ffa7450d000 	C:\WINDOWS\System32\msvcp_win.dll
0x00007ffa75b60000 - 0x00007ffa75b91000 	C:\WINDOWS\System32\IMM32.DLL
0x00007ffa6fe80000 - 0x00007ffa6fe8c000 	C:\Program Files\Android\Android Studio\jbr\bin\vcruntime140_1.dll
0x00007ffa60ab0000 - 0x00007ffa60b3d000 	C:\Program Files\Android\Android Studio\jbr\bin\msvcp140.dll
0x00007ffa16da0000 - 0x00007ffa1795c000 	C:\Program Files\Android\Android Studio\jbr\bin\server\jvm.dll
0x00007ffa75280000 - 0x00007ffa7532e000 	C:\WINDOWS\System32\ADVAPI32.dll
0x00007ffa75dd0000 - 0x00007ffa75e6e000 	C:\WINDOWS\System32\sechost.dll
0x00007ffa76c90000 - 0x00007ffa76db0000 	C:\WINDOWS\System32\RPCRT4.dll
0x00007ffa75180000 - 0x00007ffa75188000 	C:\WINDOWS\System32\PSAPI.DLL
0x00007ffa6d070000 - 0x00007ffa6d07a000 	C:\WINDOWS\SYSTEM32\VERSION.dll
0x00007ffa6e7a0000 - 0x00007ffa6e7d3000 	C:\WINDOWS\SYSTEM32\WINMM.dll
0x00007ffa6edb0000 - 0x00007ffa6edb9000 	C:\WINDOWS\SYSTEM32\WSOCK32.dll
0x00007ffa76210000 - 0x00007ffa7627f000 	C:\WINDOWS\System32\WS2_32.dll
0x00007ffa73560000 - 0x00007ffa73578000 	C:\WINDOWS\SYSTEM32\kernel.appcore.dll
0x00007ffa6c9a0000 - 0x00007ffa6c9b0000 	C:\Program Files\Android\Android Studio\jbr\bin\verify.dll
0x00007ffa71ef0000 - 0x00007ffa72111000 	C:\WINDOWS\SYSTEM32\DBGHELP.DLL
0x00007ffa69cc0000 - 0x00007ffa69cf1000 	C:\WINDOWS\SYSTEM32\dbgcore.DLL
0x00007ffa743f0000 - 0x00007ffa7446f000 	C:\WINDOWS\System32\bcryptPrimitives.dll
0x00007ffa67b40000 - 0x00007ffa67b68000 	C:\Program Files\Android\Android Studio\jbr\bin\java.dll
0x00007ffa68830000 - 0x00007ffa6883a000 	C:\Program Files\Android\Android Studio\jbr\bin\jimage.dll
0x00007ffa67b20000 - 0x00007ffa67b38000 	C:\Program Files\Android\Android Studio\jbr\bin\zip.dll
0x00007ffa75330000 - 0x00007ffa75af5000 	C:\WINDOWS\System32\SHELL32.dll
0x00007ffa724f0000 - 0x00007ffa72d55000 	C:\WINDOWS\SYSTEM32\windows.storage.dll
0x00007ffa767b0000 - 0x00007ffa76b26000 	C:\WINDOWS\System32\combase.dll
0x00007ffa72380000 - 0x00007ffa724e6000 	C:\WINDOWS\SYSTEM32\wintypes.dll
0x00007ffa76ba0000 - 0x00007ffa76c8a000 	C:\WINDOWS\System32\SHCORE.dll
0x00007ffa74f40000 - 0x00007ffa74f9d000 	C:\WINDOWS\System32\shlwapi.dll
0x00007ffa74320000 - 0x00007ffa74341000 	C:\WINDOWS\SYSTEM32\profapi.dll
0x00007ffa67ae0000 - 0x00007ffa67af9000 	C:\Program Files\Android\Android Studio\jbr\bin\net.dll
0x00007ffa6f260000 - 0x00007ffa6f372000 	C:\WINDOWS\SYSTEM32\WINHTTP.dll
0x00007ffa73a00000 - 0x00007ffa73a67000 	C:\WINDOWS\system32\mswsock.dll
0x00007ffa672e0000 - 0x00007ffa672f3000 	C:\Program Files\Android\Android Studio\jbr\bin\nio.dll
0x00007ffa688a0000 - 0x00007ffa688c7000 	C:\Users\PC\.gradle\native\e1d6ef7f7dcc3fd88c89a11ec53ec762bb8ba0a96d01ffa2cd45eb1d1d8dd5c5\windows-amd64\native-platform.dll
0x00007ffa2c240000 - 0x00007ffa2c384000 	C:\Users\PC\.gradle\native\0d407fdbe67a94daf76414ababcb853783967236a71b16ec16e742cd7a986fd3\windows-amd64\native-platform-file-events.dll
0x00007ffa68820000 - 0x00007ffa6882a000 	C:\Program Files\Android\Android Studio\jbr\bin\management.dll
0x00007ffa687b0000 - 0x00007ffa687bb000 	C:\Program Files\Android\Android Studio\jbr\bin\management_ext.dll
0x00007ffa73c40000 - 0x00007ffa73c58000 	C:\WINDOWS\SYSTEM32\CRYPTSP.dll
0x00007ffa734c0000 - 0x00007ffa734f5000 	C:\WINDOWS\system32\rsaenh.dll
0x00007ffa73af0000 - 0x00007ffa73b19000 	C:\WINDOWS\SYSTEM32\USERENV.dll
0x00007ffa73dd0000 - 0x00007ffa73df7000 	C:\WINDOWS\SYSTEM32\bcrypt.dll
0x00007ffa73c60000 - 0x00007ffa73c6c000 	C:\WINDOWS\SYSTEM32\CRYPTBASE.dll
0x00007ffa73010000 - 0x00007ffa7303d000 	C:\WINDOWS\SYSTEM32\IPHLPAPI.DLL
0x00007ffa75e90000 - 0x00007ffa75e99000 	C:\WINDOWS\System32\NSI.dll
0x00007ffa6f1d0000 - 0x00007ffa6f1e9000 	C:\WINDOWS\SYSTEM32\dhcpcsvc6.DLL
0x00007ffa6f510000 - 0x00007ffa6f52e000 	C:\WINDOWS\SYSTEM32\dhcpcsvc.DLL
0x00007ffa73040000 - 0x00007ffa73128000 	C:\WINDOWS\SYSTEM32\DNSAPI.dll

dbghelp: loaded successfully - version: 4.0.5 - missing functions: none
symbol engine: initialized successfully - sym options: 0x614 - pdb path: .;C:\Program Files\Android\Android Studio\jbr\bin;C:\WINDOWS\SYSTEM32;C:\WINDOWS\WinSxS\amd64_microsoft.windows.common-controls_6595b64144ccf1df_6.0.22000.120_none_9d947278b86cc467;C:\Program Files\Android\Android Studio\jbr\bin\server;C:\Users\PC\.gradle\native\e1d6ef7f7dcc3fd88c89a11ec53ec762bb8ba0a96d01ffa2cd45eb1d1d8dd5c5\windows-amd64;C:\Users\PC\.gradle\native\0d407fdbe67a94daf76414ababcb853783967236a71b16ec16e742cd7a986fd3\windows-amd64

VM Arguments:
jvm_args: --add-opens=java.base/java.util=ALL-UNNAMED --add-opens=java.base/java.lang=ALL-UNNAMED --add-opens=java.base/java.lang.invoke=ALL-UNNAMED --add-opens=java.base/java.util=ALL-UNNAMED --add-opens=java.prefs/java.util.prefs=ALL-UNNAMED --add-opens=java.prefs/java.util.prefs=ALL-UNNAMED --add-opens=java.base/java.nio.charset=ALL-UNNAMED --add-opens=java.base/java.net=ALL-UNNAMED --add-opens=java.base/java.util.concurrent.atomic=ALL-UNNAMED -Xmx2048m -Dfile.encoding=UTF-8 -Duser.country=US -Duser.language=en -Duser.variant 
java_command: org.gradle.launcher.daemon.bootstrap.GradleDaemon 7.5
java_class_path (initial): C:\Users\PC\.gradle\wrapper\dists\gradle-7.5-bin\f1w0cc9nuo0eivz97x2xlu9sv\gradle-7.5\lib\gradle-launcher-7.5.jar
Launcher Type: SUN_STANDARD

[Global flags]
     intx CICompilerCount                          = 4                                         {product} {ergonomic}
     uint ConcGCThreads                            = 3                                         {product} {ergonomic}
     uint G1ConcRefinementThreads                  = 10                                        {product} {ergonomic}
   size_t G1HeapRegionSize                         = 1048576                                   {product} {ergonomic}
    uintx GCDrainStackTargetSize                   = 64                                        {product} {ergonomic}
   size_t InitialHeapSize                          = 132120576                                 {product} {ergonomic}
   size_t MarkStackSize                            = 4194304                                   {product} {ergonomic}
   size_t MaxHeapSize                              = 2147483648                                {product} {command line}
   size_t MaxNewSize                               = 1287651328                                {product} {ergonomic}
   size_t MinHeapDeltaBytes                        = 1048576                                   {product} {ergonomic}
    uintx NonNMethodCodeHeapSize                   = 5836300                                {pd product} {ergonomic}
    uintx NonProfiledCodeHeapSize                  = 122910970                              {pd product} {ergonomic}
    uintx ProfiledCodeHeapSize                     = 122910970                              {pd product} {ergonomic}
    uintx ReservedCodeCacheSize                    = 251658240                              {pd product} {ergonomic}
     bool SegmentedCodeCache                       = true                                      {product} {ergonomic}
     bool UseCompressedClassPointers               = true                                 {lp64_product} {ergonomic}
     bool UseCompressedOops                        = true                                 {lp64_product} {ergonomic}
     bool UseG1GC                                  = true                                      {product} {ergonomic}
     bool UseLargePagesIndividualAllocation        = false                                  {pd product} {ergonomic}

Logging:
Log output configuration:
 #0: stdout all=warning uptime,level,tags
 #1: stderr all=off uptime,level,tags

Environment Variables:
PATH=C:\Program Files\Common Files\Oracle\Java\javapath;C:\Windows\system32;C:\Windows;C:\Windows\System32\Wbem;C:\Windows\System32\WindowsPowerShell\v1.0\;C:\Windows\System32\OpenSSH\;C:\Program Files (x86)\NVIDIA Corporation\PhysX\Common;C:\WINDOWS\system32;C:\WINDOWS;C:\WINDOWS\System32\Wbem;C:\WINDOWS\System32\WindowsPowerShell\v1.0\;C:\WINDOWS\System32\OpenSSH\;C:\Program Files\Microsoft SQL Server\Client SDK\ODBC\170\Tools\Binn\;C:\Program Files (x86)\Microsoft SQL Server\150\Tools\Binn\;C:\Program Files\Microsoft SQL Server\150\Tools\Binn\;C:\Program Files\Microsoft SQL Server\150\DTS\Binn\;C:\Program Files (x86)\Microsoft SQL Server\150\DTS\Binn\;C:\Program Files\Azure Data Studio\bin;C:\Program Files\Git\cmd;C:\Program Files (x86)\dotnet\;C:\Users\PC\AppData\Local\Microsoft\WindowsApps;;D:\FPT Polytechnic\Microsoft VS Code\bin;C:\Program Files\Azure Data Studio\bin
USERNAME=PC
OS=Windows_NT
PROCESSOR_IDENTIFIER=Intel64 Family 6 Model 158 Stepping 10, GenuineIntel



---------------  S Y S T E M  ---------------

OS: Windows 11 , 64 bit Build 22000 (10.0.22000.1516)
OS uptime: 3 days 14:40 hours

CPU:total 12 (initial active 12) (6 cores per cpu, 2 threads per core) family 6 model 158 stepping 10 microcode 0xde, cmov, cx8, fxsr, mmx, sse, sse2, sse3, ssse3, sse4.1, sse4.2, popcnt, avx, avx2, aes, clmul, erms, 3dnowpref, lzcnt, ht, tsc, tscinvbit, bmi1, bmi2, adx, fma

Memory: 4k page, system-wide physical 8009M (321M free)
TotalPageFile size 17225M (AvailPageFile size 5M)
current process WorkingSet (physical memory assigned to process): 345M, peak: 345M
current process commit charge ("private bytes"): 386M, peak: 387M

vm_info: OpenJDK 64-Bit Server VM (11.0.15+0-b2043.56-9505619) for windows-amd64 JRE (11.0.15+0-b2043.56-9505619), built on Jan 19 2023 02:48:00 by "builduser" with unknown MS VC++:1929

END.
